#! /usr/bin/vvp
:ivl_version "10.3 (stable)";
:ivl_delay_selection "TYPICAL";
:vpi_time_precision - 12;
:vpi_module "system";
:vpi_module "vhdl_sys";
:vpi_module "v2005_math";
:vpi_module "va_math";
S_0x558910faccc0 .scope module, "tb_ambm" "tb_ambm" 2 3;
 .timescale -9 -12;
v0x5589110682a0_0 .var/i "i", 31 0;
v0x558911068380_0 .var "multiplicand", 15 0;
v0x558911068440_0 .var "multiplier", 15 0;
v0x5589110684e0_0 .net "product", 31 0, L_0x55891109f310;  1 drivers
v0x558911068580_0 .var "product1", 31 0;
S_0x558910f82810 .scope module, "uut" "abm1" 2 14, 3 1 0, S_0x558910faccc0;
 .timescale 0 0;
    .port_info 0 /INPUT 16 "multiplier"
    .port_info 1 /INPUT 16 "multiplicand"
    .port_info 2 /OUTPUT 32 "product"
L_0x558911088f20 .functor OR 1, L_0x558911088de0, L_0x558911088e80, C4<0>, C4<0>;
L_0x5589110893f0 .functor OR 1, L_0x558911089710, L_0x5589110897b0, C4<0>, C4<0>;
L_0x55891109a2b0 .functor OR 1, L_0x55891109a170, L_0x55891109a210, C4<0>, C4<0>;
L_0x55891109b4d0 .functor OR 1, L_0x55891109b2e0, L_0x55891109bcb0, C4<0>, C4<0>;
L_0x55891109bdf0 .functor OR 1, L_0x55891109bc10, L_0x55891109bd50, C4<0>, C4<0>;
L_0x55891109c8a0 .functor OR 1, L_0x55891109c760, L_0x55891109c800, C4<0>, C4<0>;
L_0x55891109d390 .functor OR 1, L_0x55891109d250, L_0x55891109d2f0, C4<0>, C4<0>;
L_0x55891109e0b0 .functor OR 1, L_0x55891109df70, L_0x55891109e010, C4<0>, C4<0>;
L_0x7f62dc4f7498 .functor BUFT 1, C4<101>, C4<0>, C4<0>, C4<0>;
v0x55891104feb0_0 .net/2u *"_s100", 2 0, L_0x7f62dc4f7498;  1 drivers
v0x55891104ffb0_0 .net *"_s102", 0 0, L_0x558911073c80;  1 drivers
L_0x7f62dc4f74e0 .functor BUFT 1, C4<100>, C4<0>, C4<0>, C4<0>;
v0x558911050070_0 .net/2u *"_s104", 2 0, L_0x7f62dc4f74e0;  1 drivers
v0x558911050130_0 .net *"_s107", 1 0, L_0x558911073dc0;  1 drivers
L_0x7f62dc4f7528 .functor BUFT 1, C4<0>, C4<0>, C4<0>, C4<0>;
v0x558911050210_0 .net/2u *"_s108", 0 0, L_0x7f62dc4f7528;  1 drivers
v0x5589110502f0_0 .net *"_s110", 2 0, L_0x558911074010;  1 drivers
L_0x7f62dc4f7570 .functor BUFT 1, C4<110>, C4<0>, C4<0>, C4<0>;
v0x5589110503d0_0 .net/2u *"_s112", 2 0, L_0x7f62dc4f7570;  1 drivers
v0x5589110504b0_0 .net *"_s114", 0 0, L_0x558911074180;  1 drivers
L_0x7f62dc4f75b8 .functor BUFT 1, C4<100>, C4<0>, C4<0>, C4<0>;
v0x558911050570_0 .net/2u *"_s116", 2 0, L_0x7f62dc4f75b8;  1 drivers
L_0x7f62dc4f7600 .functor BUFT 1, C4<001>, C4<0>, C4<0>, C4<0>;
v0x5589110506e0_0 .net/2u *"_s118", 2 0, L_0x7f62dc4f7600;  1 drivers
v0x5589110507c0_0 .net *"_s120", 2 0, L_0x558911074450;  1 drivers
v0x5589110508a0_0 .net *"_s122", 2 0, L_0x558911074610;  1 drivers
v0x558911050980_0 .net *"_s124", 2 0, L_0x558911074940;  1 drivers
v0x558911050a60_0 .net *"_s126", 2 0, L_0x558911074ad0;  1 drivers
v0x558911050b40_0 .net *"_s128", 2 0, L_0x558911074e10;  1 drivers
v0x558911050c20_0 .net *"_s130", 2 0, L_0x558911074fa0;  1 drivers
v0x558911050d00_0 .net *"_s132", 2 0, L_0x5589110752f0;  1 drivers
v0x558911050de0_0 .net *"_s134", 0 0, L_0x558911075430;  1 drivers
v0x558911050ec0_0 .net *"_s136", 0 0, L_0x5589110756a0;  1 drivers
v0x558911050fa0_0 .net *"_s138", 0 0, L_0x558911075790;  1 drivers
v0x558911051080_0 .net *"_s145", 2 0, L_0x558911075a10;  1 drivers
L_0x7f62dc4f7648 .functor BUFT 1, C4<000>, C4<0>, C4<0>, C4<0>;
v0x558911051160_0 .net/2u *"_s146", 2 0, L_0x7f62dc4f7648;  1 drivers
v0x558911051240_0 .net *"_s148", 0 0, L_0x558911075ab0;  1 drivers
L_0x7f62dc4f7690 .functor BUFT 1, C4<001>, C4<0>, C4<0>, C4<0>;
v0x558911051300_0 .net/2u *"_s150", 2 0, L_0x7f62dc4f7690;  1 drivers
v0x5589110513e0_0 .net *"_s153", 2 0, L_0x558911075de0;  1 drivers
L_0x7f62dc4f76d8 .functor BUFT 1, C4<001>, C4<0>, C4<0>, C4<0>;
v0x5589110514c0_0 .net/2u *"_s154", 2 0, L_0x7f62dc4f76d8;  1 drivers
v0x5589110515a0_0 .net *"_s156", 0 0, L_0x558911075e80;  1 drivers
L_0x7f62dc4f7720 .functor BUFT 1, C4<000>, C4<0>, C4<0>, C4<0>;
v0x558911051660_0 .net/2u *"_s158", 2 0, L_0x7f62dc4f7720;  1 drivers
v0x558911051740_0 .net *"_s161", 2 0, L_0x5589110761c0;  1 drivers
L_0x7f62dc4f7768 .functor BUFT 1, C4<010>, C4<0>, C4<0>, C4<0>;
v0x558911051820_0 .net/2u *"_s162", 2 0, L_0x7f62dc4f7768;  1 drivers
v0x558911051900_0 .net *"_s164", 0 0, L_0x558911076260;  1 drivers
L_0x7f62dc4f77b0 .functor BUFT 1, C4<000>, C4<0>, C4<0>, C4<0>;
v0x5589110519c0_0 .net/2u *"_s166", 2 0, L_0x7f62dc4f77b0;  1 drivers
v0x558911051aa0_0 .net *"_s169", 2 0, L_0x5589110765b0;  1 drivers
L_0x7f62dc4f77f8 .functor BUFT 1, C4<011>, C4<0>, C4<0>, C4<0>;
v0x558911051d90_0 .net/2u *"_s170", 2 0, L_0x7f62dc4f77f8;  1 drivers
v0x558911051e70_0 .net *"_s172", 0 0, L_0x558911076650;  1 drivers
L_0x7f62dc4f7840 .functor BUFT 1, C4<010>, C4<0>, C4<0>, C4<0>;
v0x558911051f30_0 .net/2u *"_s174", 2 0, L_0x7f62dc4f7840;  1 drivers
v0x558911052010_0 .net *"_s177", 2 0, L_0x5589110769b0;  1 drivers
L_0x7f62dc4f7888 .functor BUFT 1, C4<100>, C4<0>, C4<0>, C4<0>;
v0x5589110520f0_0 .net/2u *"_s178", 2 0, L_0x7f62dc4f7888;  1 drivers
v0x5589110521d0_0 .net *"_s180", 0 0, L_0x558911076a50;  1 drivers
L_0x7f62dc4f78d0 .functor BUFT 1, C4<110>, C4<0>, C4<0>, C4<0>;
v0x558911052290_0 .net/2u *"_s182", 2 0, L_0x7f62dc4f78d0;  1 drivers
v0x558911052370_0 .net *"_s185", 2 0, L_0x558911076dc0;  1 drivers
L_0x7f62dc4f7918 .functor BUFT 1, C4<101>, C4<0>, C4<0>, C4<0>;
v0x558911052450_0 .net/2u *"_s186", 2 0, L_0x7f62dc4f7918;  1 drivers
v0x558911052530_0 .net *"_s188", 0 0, L_0x558911076e60;  1 drivers
L_0x7f62dc4f7960 .functor BUFT 1, C4<100>, C4<0>, C4<0>, C4<0>;
v0x5589110525f0_0 .net/2u *"_s190", 2 0, L_0x7f62dc4f7960;  1 drivers
v0x5589110526d0_0 .net *"_s193", 2 0, L_0x5589110771e0;  1 drivers
L_0x7f62dc4f79a8 .functor BUFT 1, C4<110>, C4<0>, C4<0>, C4<0>;
v0x5589110527b0_0 .net/2u *"_s194", 2 0, L_0x7f62dc4f79a8;  1 drivers
v0x558911052890_0 .net *"_s196", 0 0, L_0x5589110772b0;  1 drivers
L_0x7f62dc4f79f0 .functor BUFT 1, C4<100>, C4<0>, C4<0>, C4<0>;
v0x558911052950_0 .net/2u *"_s198", 2 0, L_0x7f62dc4f79f0;  1 drivers
L_0x7f62dc4f7a38 .functor BUFT 1, C4<001>, C4<0>, C4<0>, C4<0>;
v0x558911052a30_0 .net/2u *"_s200", 2 0, L_0x7f62dc4f7a38;  1 drivers
v0x558911052b10_0 .net *"_s202", 2 0, L_0x558911077670;  1 drivers
v0x558911052bf0_0 .net *"_s204", 2 0, L_0x558911077830;  1 drivers
v0x558911052cd0_0 .net *"_s206", 2 0, L_0x558911077c20;  1 drivers
v0x558911052db0_0 .net *"_s208", 2 0, L_0x558911077db0;  1 drivers
v0x558911052e90_0 .net *"_s210", 2 0, L_0x5589110781b0;  1 drivers
v0x558911052f70_0 .net *"_s212", 2 0, L_0x558911078340;  1 drivers
v0x558911053050_0 .net *"_s214", 2 0, L_0x558911078750;  1 drivers
v0x558911053130_0 .net *"_s216", 0 0, L_0x558911078890;  1 drivers
v0x558911053210_0 .net *"_s218", 0 0, L_0x558911078bc0;  1 drivers
v0x5589110532f0_0 .net *"_s220", 0 0, L_0x558911078cb0;  1 drivers
v0x5589110533d0_0 .net *"_s227", 2 0, L_0x558911078ff0;  1 drivers
L_0x7f62dc4f7a80 .functor BUFT 1, C4<000>, C4<0>, C4<0>, C4<0>;
v0x5589110534b0_0 .net/2u *"_s228", 2 0, L_0x7f62dc4f7a80;  1 drivers
v0x558911053590_0 .net *"_s230", 0 0, L_0x5589110792a0;  1 drivers
L_0x7f62dc4f7ac8 .functor BUFT 1, C4<001>, C4<0>, C4<0>, C4<0>;
v0x558911053650_0 .net/2u *"_s232", 2 0, L_0x7f62dc4f7ac8;  1 drivers
v0x558911053730_0 .net *"_s235", 2 0, L_0x558911079690;  1 drivers
L_0x7f62dc4f7b10 .functor BUFT 1, C4<001>, C4<0>, C4<0>, C4<0>;
v0x558911053810_0 .net/2u *"_s236", 2 0, L_0x7f62dc4f7b10;  1 drivers
v0x558911053d00_0 .net *"_s238", 0 0, L_0x558911079730;  1 drivers
v0x558911053dc0_0 .net *"_s24", 0 0, L_0x558911071c40;  1 drivers
L_0x7f62dc4f7b58 .functor BUFT 1, C4<000>, C4<0>, C4<0>, C4<0>;
v0x558911053ea0_0 .net/2u *"_s240", 2 0, L_0x7f62dc4f7b58;  1 drivers
v0x558911053f80_0 .net *"_s243", 2 0, L_0x558911079b30;  1 drivers
L_0x7f62dc4f7ba0 .functor BUFT 1, C4<010>, C4<0>, C4<0>, C4<0>;
v0x558911054060_0 .net/2u *"_s244", 2 0, L_0x7f62dc4f7ba0;  1 drivers
v0x558911054140_0 .net *"_s246", 0 0, L_0x558911079bd0;  1 drivers
L_0x7f62dc4f7be8 .functor BUFT 1, C4<000>, C4<0>, C4<0>, C4<0>;
v0x558911054200_0 .net/2u *"_s248", 2 0, L_0x7f62dc4f7be8;  1 drivers
v0x5589110542e0_0 .net *"_s251", 2 0, L_0x558911079fe0;  1 drivers
L_0x7f62dc4f7c30 .functor BUFT 1, C4<011>, C4<0>, C4<0>, C4<0>;
v0x5589110543c0_0 .net/2u *"_s252", 2 0, L_0x7f62dc4f7c30;  1 drivers
v0x5589110544a0_0 .net *"_s254", 0 0, L_0x55891107a080;  1 drivers
L_0x7f62dc4f7c78 .functor BUFT 1, C4<010>, C4<0>, C4<0>, C4<0>;
v0x558911054560_0 .net/2u *"_s256", 2 0, L_0x7f62dc4f7c78;  1 drivers
v0x558911054640_0 .net *"_s259", 2 0, L_0x55891107a4a0;  1 drivers
v0x558911054720_0 .net *"_s26", 0 0, L_0x558911071ce0;  1 drivers
L_0x7f62dc4f7cc0 .functor BUFT 1, C4<100>, C4<0>, C4<0>, C4<0>;
v0x558911054800_0 .net/2u *"_s260", 2 0, L_0x7f62dc4f7cc0;  1 drivers
v0x5589110548e0_0 .net *"_s262", 0 0, L_0x55891107a540;  1 drivers
L_0x7f62dc4f7d08 .functor BUFT 1, C4<110>, C4<0>, C4<0>, C4<0>;
v0x5589110549a0_0 .net/2u *"_s264", 2 0, L_0x7f62dc4f7d08;  1 drivers
v0x558911054a80_0 .net *"_s267", 2 0, L_0x55891107a970;  1 drivers
L_0x7f62dc4f7d50 .functor BUFT 1, C4<101>, C4<0>, C4<0>, C4<0>;
v0x558911054b60_0 .net/2u *"_s268", 2 0, L_0x7f62dc4f7d50;  1 drivers
v0x558911054c40_0 .net *"_s270", 0 0, L_0x55891107aa10;  1 drivers
L_0x7f62dc4f7d98 .functor BUFT 1, C4<100>, C4<0>, C4<0>, C4<0>;
v0x558911054d00_0 .net/2u *"_s272", 2 0, L_0x7f62dc4f7d98;  1 drivers
v0x558911054de0_0 .net *"_s275", 2 0, L_0x55891107ae50;  1 drivers
L_0x7f62dc4f7de0 .functor BUFT 1, C4<110>, C4<0>, C4<0>, C4<0>;
v0x558911054ec0_0 .net/2u *"_s276", 2 0, L_0x7f62dc4f7de0;  1 drivers
v0x558911054fa0_0 .net *"_s278", 0 0, L_0x55891107af20;  1 drivers
v0x558911055060_0 .net *"_s28", 0 0, L_0x558911071eb0;  1 drivers
L_0x7f62dc4f7e28 .functor BUFT 1, C4<100>, C4<0>, C4<0>, C4<0>;
v0x558911055140_0 .net/2u *"_s280", 2 0, L_0x7f62dc4f7e28;  1 drivers
L_0x7f62dc4f7e70 .functor BUFT 1, C4<001>, C4<0>, C4<0>, C4<0>;
v0x558911055220_0 .net/2u *"_s282", 2 0, L_0x7f62dc4f7e70;  1 drivers
v0x558911055300_0 .net *"_s284", 2 0, L_0x55891107b3a0;  1 drivers
v0x5589110553e0_0 .net *"_s286", 2 0, L_0x55891107b560;  1 drivers
v0x5589110554c0_0 .net *"_s288", 2 0, L_0x55891107ba10;  1 drivers
v0x5589110555a0_0 .net *"_s290", 2 0, L_0x55891107bba0;  1 drivers
v0x558911055680_0 .net *"_s292", 2 0, L_0x55891107c060;  1 drivers
v0x558911055760_0 .net *"_s294", 2 0, L_0x55891107c1f0;  1 drivers
v0x558911055840_0 .net *"_s296", 2 0, L_0x55891107c6c0;  1 drivers
v0x558911055920_0 .net *"_s298", 0 0, L_0x55891107c890;  1 drivers
v0x558911055a00_0 .net *"_s300", 0 0, L_0x55891107cc80;  1 drivers
v0x558911055ae0_0 .net *"_s302", 0 0, L_0x55891107cd70;  1 drivers
v0x558911055bc0_0 .net *"_s309", 2 0, L_0x55891107d170;  1 drivers
L_0x7f62dc4f7eb8 .functor BUFT 1, C4<000>, C4<0>, C4<0>, C4<0>;
v0x558911055ca0_0 .net/2u *"_s310", 2 0, L_0x7f62dc4f7eb8;  1 drivers
v0x558911055d80_0 .net *"_s312", 0 0, L_0x55891107d210;  1 drivers
L_0x7f62dc4f7f00 .functor BUFT 1, C4<001>, C4<0>, C4<0>, C4<0>;
v0x558911055e40_0 .net/2u *"_s314", 2 0, L_0x7f62dc4f7f00;  1 drivers
v0x558911055f20_0 .net *"_s317", 2 0, L_0x55891107d6c0;  1 drivers
L_0x7f62dc4f7f48 .functor BUFT 1, C4<001>, C4<0>, C4<0>, C4<0>;
v0x558911056000_0 .net/2u *"_s318", 2 0, L_0x7f62dc4f7f48;  1 drivers
v0x5589110560e0_0 .net *"_s320", 0 0, L_0x55891107d760;  1 drivers
L_0x7f62dc4f7f90 .functor BUFT 1, C4<000>, C4<0>, C4<0>, C4<0>;
v0x5589110561a0_0 .net/2u *"_s322", 2 0, L_0x7f62dc4f7f90;  1 drivers
v0x558911056280_0 .net *"_s325", 2 0, L_0x55891107dc20;  1 drivers
L_0x7f62dc4f7fd8 .functor BUFT 1, C4<010>, C4<0>, C4<0>, C4<0>;
v0x558911056360_0 .net/2u *"_s326", 2 0, L_0x7f62dc4f7fd8;  1 drivers
v0x558911056440_0 .net *"_s328", 0 0, L_0x55891107dcc0;  1 drivers
L_0x7f62dc4f8020 .functor BUFT 1, C4<000>, C4<0>, C4<0>, C4<0>;
v0x558911056500_0 .net/2u *"_s330", 2 0, L_0x7f62dc4f8020;  1 drivers
v0x5589110565e0_0 .net *"_s333", 2 0, L_0x55891107e190;  1 drivers
L_0x7f62dc4f8068 .functor BUFT 1, C4<011>, C4<0>, C4<0>, C4<0>;
v0x5589110566c0_0 .net/2u *"_s334", 2 0, L_0x7f62dc4f8068;  1 drivers
v0x5589110567a0_0 .net *"_s336", 0 0, L_0x55891107e230;  1 drivers
L_0x7f62dc4f80b0 .functor BUFT 1, C4<010>, C4<0>, C4<0>, C4<0>;
v0x558911056860_0 .net/2u *"_s338", 2 0, L_0x7f62dc4f80b0;  1 drivers
v0x558911056940_0 .net *"_s341", 2 0, L_0x55891107e710;  1 drivers
L_0x7f62dc4f80f8 .functor BUFT 1, C4<100>, C4<0>, C4<0>, C4<0>;
v0x558911056a20_0 .net/2u *"_s342", 2 0, L_0x7f62dc4f80f8;  1 drivers
v0x558911056b00_0 .net *"_s344", 0 0, L_0x55891107e7b0;  1 drivers
L_0x7f62dc4f8140 .functor BUFT 1, C4<110>, C4<0>, C4<0>, C4<0>;
v0x558911056bc0_0 .net/2u *"_s346", 2 0, L_0x7f62dc4f8140;  1 drivers
v0x558911056ca0_0 .net *"_s349", 2 0, L_0x55891107eca0;  1 drivers
v0x558911056d80_0 .net *"_s35", 1 0, L_0x558911071f50;  1 drivers
L_0x7f62dc4f8188 .functor BUFT 1, C4<101>, C4<0>, C4<0>, C4<0>;
v0x558911056e60_0 .net/2u *"_s350", 2 0, L_0x7f62dc4f8188;  1 drivers
v0x558911056f40_0 .net *"_s352", 0 0, L_0x55891107ed40;  1 drivers
L_0x7f62dc4f81d0 .functor BUFT 1, C4<100>, C4<0>, C4<0>, C4<0>;
v0x558911057000_0 .net/2u *"_s354", 2 0, L_0x7f62dc4f81d0;  1 drivers
v0x5589110570e0_0 .net *"_s357", 2 0, L_0x55891107f240;  1 drivers
L_0x7f62dc4f8218 .functor BUFT 1, C4<110>, C4<0>, C4<0>, C4<0>;
v0x5589110571c0_0 .net/2u *"_s358", 2 0, L_0x7f62dc4f8218;  1 drivers
L_0x7f62dc4f7018 .functor BUFT 1, C4<0>, C4<0>, C4<0>, C4<0>;
v0x5589110572a0_0 .net/2u *"_s36", 0 0, L_0x7f62dc4f7018;  1 drivers
v0x558911057b90_0 .net *"_s360", 0 0, L_0x55891107f310;  1 drivers
L_0x7f62dc4f8260 .functor BUFT 1, C4<100>, C4<0>, C4<0>, C4<0>;
v0x558911057c50_0 .net/2u *"_s362", 2 0, L_0x7f62dc4f8260;  1 drivers
L_0x7f62dc4f82a8 .functor BUFT 1, C4<001>, C4<0>, C4<0>, C4<0>;
v0x558911057d30_0 .net/2u *"_s364", 2 0, L_0x7f62dc4f82a8;  1 drivers
v0x558911057e10_0 .net *"_s366", 2 0, L_0x55891107f850;  1 drivers
v0x558911057ef0_0 .net *"_s368", 2 0, L_0x55891107fa10;  1 drivers
v0x558911057fd0_0 .net *"_s370", 2 0, L_0x55891107ff80;  1 drivers
v0x5589110580b0_0 .net *"_s372", 2 0, L_0x558911080110;  1 drivers
v0x558911058190_0 .net *"_s374", 2 0, L_0x558911080690;  1 drivers
v0x558911058270_0 .net *"_s376", 2 0, L_0x558911080820;  1 drivers
v0x558911058350_0 .net *"_s378", 2 0, L_0x558911080db0;  1 drivers
v0x558911058430_0 .net *"_s38", 2 0, L_0x558911072130;  1 drivers
v0x558911058510_0 .net *"_s380", 0 0, L_0x558911080f80;  1 drivers
v0x5589110585f0_0 .net *"_s382", 0 0, L_0x558911081430;  1 drivers
v0x5589110586d0_0 .net *"_s384", 0 0, L_0x558911081520;  1 drivers
v0x5589110587b0_0 .net *"_s391", 2 0, L_0x5589110819e0;  1 drivers
L_0x7f62dc4f82f0 .functor BUFT 1, C4<000>, C4<0>, C4<0>, C4<0>;
v0x558911058890_0 .net/2u *"_s392", 2 0, L_0x7f62dc4f82f0;  1 drivers
v0x558911058970_0 .net *"_s394", 0 0, L_0x558911081a80;  1 drivers
L_0x7f62dc4f8338 .functor BUFT 1, C4<001>, C4<0>, C4<0>, C4<0>;
v0x558911058a30_0 .net/2u *"_s396", 2 0, L_0x7f62dc4f8338;  1 drivers
v0x558911058b10_0 .net *"_s399", 2 0, L_0x5589110815c0;  1 drivers
L_0x7f62dc4f7060 .functor BUFT 1, C4<000>, C4<0>, C4<0>, C4<0>;
v0x558911058bf0_0 .net/2u *"_s40", 2 0, L_0x7f62dc4f7060;  1 drivers
L_0x7f62dc4f8380 .functor BUFT 1, C4<001>, C4<0>, C4<0>, C4<0>;
v0x558911058cd0_0 .net/2u *"_s400", 2 0, L_0x7f62dc4f8380;  1 drivers
v0x558911058db0_0 .net *"_s402", 0 0, L_0x558911081660;  1 drivers
L_0x7f62dc4f83c8 .functor BUFT 1, C4<000>, C4<0>, C4<0>, C4<0>;
v0x558911058e70_0 .net/2u *"_s404", 2 0, L_0x7f62dc4f83c8;  1 drivers
v0x558911058f50_0 .net *"_s407", 2 0, L_0x5589110817a0;  1 drivers
L_0x7f62dc4f8410 .functor BUFT 1, C4<010>, C4<0>, C4<0>, C4<0>;
v0x558911059030_0 .net/2u *"_s408", 2 0, L_0x7f62dc4f8410;  1 drivers
v0x558911059110_0 .net *"_s410", 0 0, L_0x558911081840;  1 drivers
L_0x7f62dc4f8458 .functor BUFT 1, C4<000>, C4<0>, C4<0>, C4<0>;
v0x5589110591d0_0 .net/2u *"_s412", 2 0, L_0x7f62dc4f8458;  1 drivers
v0x5589110592b0_0 .net *"_s415", 2 0, L_0x558911082010;  1 drivers
L_0x7f62dc4f84a0 .functor BUFT 1, C4<011>, C4<0>, C4<0>, C4<0>;
v0x558911059390_0 .net/2u *"_s416", 2 0, L_0x7f62dc4f84a0;  1 drivers
v0x558911059470_0 .net *"_s418", 0 0, L_0x5589110820b0;  1 drivers
v0x558911059530_0 .net *"_s42", 0 0, L_0x558911072270;  1 drivers
L_0x7f62dc4f84e8 .functor BUFT 1, C4<010>, C4<0>, C4<0>, C4<0>;
v0x5589110595f0_0 .net/2u *"_s420", 2 0, L_0x7f62dc4f84e8;  1 drivers
v0x5589110596d0_0 .net *"_s423", 2 0, L_0x558911081bc0;  1 drivers
L_0x7f62dc4f8530 .functor BUFT 1, C4<100>, C4<0>, C4<0>, C4<0>;
v0x5589110597b0_0 .net/2u *"_s424", 2 0, L_0x7f62dc4f8530;  1 drivers
v0x558911059890_0 .net *"_s426", 0 0, L_0x558911081c60;  1 drivers
L_0x7f62dc4f8578 .functor BUFT 1, C4<110>, C4<0>, C4<0>, C4<0>;
v0x558911059950_0 .net/2u *"_s428", 2 0, L_0x7f62dc4f8578;  1 drivers
v0x558911059a30_0 .net *"_s431", 2 0, L_0x558911081da0;  1 drivers
L_0x7f62dc4f85c0 .functor BUFT 1, C4<101>, C4<0>, C4<0>, C4<0>;
v0x558911059b10_0 .net/2u *"_s432", 2 0, L_0x7f62dc4f85c0;  1 drivers
v0x558911059bf0_0 .net *"_s434", 0 0, L_0x558911081e40;  1 drivers
L_0x7f62dc4f8608 .functor BUFT 1, C4<100>, C4<0>, C4<0>, C4<0>;
v0x558911059cb0_0 .net/2u *"_s436", 2 0, L_0x7f62dc4f8608;  1 drivers
v0x558911059d90_0 .net *"_s439", 2 0, L_0x558911082620;  1 drivers
L_0x7f62dc4f70a8 .functor BUFT 1, C4<001>, C4<0>, C4<0>, C4<0>;
v0x558911059e70_0 .net/2u *"_s44", 2 0, L_0x7f62dc4f70a8;  1 drivers
L_0x7f62dc4f8650 .functor BUFT 1, C4<110>, C4<0>, C4<0>, C4<0>;
v0x558911059f50_0 .net/2u *"_s440", 2 0, L_0x7f62dc4f8650;  1 drivers
v0x55891105a030_0 .net *"_s442", 0 0, L_0x5589110826c0;  1 drivers
L_0x7f62dc4f8698 .functor BUFT 1, C4<100>, C4<0>, C4<0>, C4<0>;
v0x55891105a0f0_0 .net/2u *"_s444", 2 0, L_0x7f62dc4f8698;  1 drivers
L_0x7f62dc4f86e0 .functor BUFT 1, C4<001>, C4<0>, C4<0>, C4<0>;
v0x55891105a1d0_0 .net/2u *"_s446", 2 0, L_0x7f62dc4f86e0;  1 drivers
v0x55891105a2b0_0 .net *"_s448", 2 0, L_0x5589110821a0;  1 drivers
v0x55891105a390_0 .net *"_s450", 2 0, L_0x558911082330;  1 drivers
v0x55891105a470_0 .net *"_s452", 2 0, L_0x5589110824c0;  1 drivers
v0x55891105a550_0 .net *"_s454", 2 0, L_0x558911082cf0;  1 drivers
v0x55891105a630_0 .net *"_s456", 2 0, L_0x5589110828f0;  1 drivers
v0x55891105a710_0 .net *"_s458", 2 0, L_0x558911082a80;  1 drivers
v0x55891105a7f0_0 .net *"_s460", 2 0, L_0x558911083250;  1 drivers
v0x55891105a8d0_0 .net *"_s462", 0 0, L_0x558911083390;  1 drivers
v0x55891105a9b0_0 .net *"_s464", 0 0, L_0x558911082d90;  1 drivers
v0x55891105aa90_0 .net *"_s466", 0 0, L_0x558911082e80;  1 drivers
v0x55891105ab70_0 .net *"_s47", 1 0, L_0x5589110724b0;  1 drivers
v0x55891105ac50_0 .net *"_s473", 2 0, L_0x558911082f20;  1 drivers
L_0x7f62dc4f8728 .functor BUFT 1, C4<000>, C4<0>, C4<0>, C4<0>;
v0x55891105ad30_0 .net/2u *"_s474", 2 0, L_0x7f62dc4f8728;  1 drivers
v0x55891105ae10_0 .net *"_s476", 0 0, L_0x558911082fc0;  1 drivers
L_0x7f62dc4f8770 .functor BUFT 1, C4<001>, C4<0>, C4<0>, C4<0>;
v0x55891105aed0_0 .net/2u *"_s478", 2 0, L_0x7f62dc4f8770;  1 drivers
L_0x7f62dc4f70f0 .functor BUFT 1, C4<0>, C4<0>, C4<0>, C4<0>;
v0x55891105afb0_0 .net/2u *"_s48", 0 0, L_0x7f62dc4f70f0;  1 drivers
v0x55891105b090_0 .net *"_s481", 2 0, L_0x558911083100;  1 drivers
L_0x7f62dc4f87b8 .functor BUFT 1, C4<001>, C4<0>, C4<0>, C4<0>;
v0x55891105b170_0 .net/2u *"_s482", 2 0, L_0x7f62dc4f87b8;  1 drivers
v0x55891105b250_0 .net *"_s484", 0 0, L_0x5589110831a0;  1 drivers
L_0x7f62dc4f8800 .functor BUFT 1, C4<000>, C4<0>, C4<0>, C4<0>;
v0x55891105b310_0 .net/2u *"_s486", 2 0, L_0x7f62dc4f8800;  1 drivers
v0x55891105b3f0_0 .net *"_s489", 2 0, L_0x558911083430;  1 drivers
L_0x7f62dc4f8848 .functor BUFT 1, C4<010>, C4<0>, C4<0>, C4<0>;
v0x55891105b4d0_0 .net/2u *"_s490", 2 0, L_0x7f62dc4f8848;  1 drivers
v0x55891105b5b0_0 .net *"_s492", 0 0, L_0x5589110834d0;  1 drivers
L_0x7f62dc4f8890 .functor BUFT 1, C4<000>, C4<0>, C4<0>, C4<0>;
v0x55891105b670_0 .net/2u *"_s494", 2 0, L_0x7f62dc4f8890;  1 drivers
v0x55891105b750_0 .net *"_s497", 2 0, L_0x558911083610;  1 drivers
L_0x7f62dc4f88d8 .functor BUFT 1, C4<011>, C4<0>, C4<0>, C4<0>;
v0x55891105b830_0 .net/2u *"_s498", 2 0, L_0x7f62dc4f88d8;  1 drivers
v0x55891105b910_0 .net *"_s50", 2 0, L_0x558911072580;  1 drivers
v0x55891105b9f0_0 .net *"_s500", 0 0, L_0x5589110836b0;  1 drivers
L_0x7f62dc4f8920 .functor BUFT 1, C4<010>, C4<0>, C4<0>, C4<0>;
v0x55891105bab0_0 .net/2u *"_s502", 2 0, L_0x7f62dc4f8920;  1 drivers
v0x55891105bb90_0 .net *"_s505", 2 0, L_0x5589110837f0;  1 drivers
L_0x7f62dc4f8968 .functor BUFT 1, C4<100>, C4<0>, C4<0>, C4<0>;
v0x55891105bc70_0 .net/2u *"_s506", 2 0, L_0x7f62dc4f8968;  1 drivers
v0x55891105bd50_0 .net *"_s508", 0 0, L_0x558911083ee0;  1 drivers
L_0x7f62dc4f89b0 .functor BUFT 1, C4<110>, C4<0>, C4<0>, C4<0>;
v0x55891105be10_0 .net/2u *"_s510", 2 0, L_0x7f62dc4f89b0;  1 drivers
v0x55891105bef0_0 .net *"_s513", 2 0, L_0x5589110839c0;  1 drivers
L_0x7f62dc4f89f8 .functor BUFT 1, C4<101>, C4<0>, C4<0>, C4<0>;
v0x55891105bfd0_0 .net/2u *"_s514", 2 0, L_0x7f62dc4f89f8;  1 drivers
v0x55891105c0b0_0 .net *"_s516", 0 0, L_0x558911083a90;  1 drivers
L_0x7f62dc4f8a40 .functor BUFT 1, C4<100>, C4<0>, C4<0>, C4<0>;
v0x55891105c170_0 .net/2u *"_s518", 2 0, L_0x7f62dc4f8a40;  1 drivers
L_0x7f62dc4f7138 .functor BUFT 1, C4<001>, C4<0>, C4<0>, C4<0>;
v0x55891105c250_0 .net/2u *"_s52", 2 0, L_0x7f62dc4f7138;  1 drivers
v0x55891105c330_0 .net *"_s521", 2 0, L_0x558911083c00;  1 drivers
L_0x7f62dc4f8a88 .functor BUFT 1, C4<110>, C4<0>, C4<0>, C4<0>;
v0x55891105c410_0 .net/2u *"_s522", 2 0, L_0x7f62dc4f8a88;  1 drivers
v0x55891105c4f0_0 .net *"_s524", 0 0, L_0x558911083cd0;  1 drivers
L_0x7f62dc4f8ad0 .functor BUFT 1, C4<100>, C4<0>, C4<0>, C4<0>;
v0x55891105c5b0_0 .net/2u *"_s526", 2 0, L_0x7f62dc4f8ad0;  1 drivers
L_0x7f62dc4f8b18 .functor BUFT 1, C4<001>, C4<0>, C4<0>, C4<0>;
v0x55891105c690_0 .net/2u *"_s528", 2 0, L_0x7f62dc4f8b18;  1 drivers
v0x55891105c770_0 .net *"_s530", 2 0, L_0x558911083e40;  1 drivers
v0x55891105c850_0 .net *"_s532", 2 0, L_0x5589110845c0;  1 drivers
v0x55891105c930_0 .net *"_s534", 2 0, L_0x558911084070;  1 drivers
v0x55891105ca10_0 .net *"_s536", 2 0, L_0x558911084200;  1 drivers
v0x55891105caf0_0 .net *"_s538", 2 0, L_0x558911084390;  1 drivers
v0x55891105cbd0_0 .net *"_s54", 0 0, L_0x558911072850;  1 drivers
v0x55891105cc90_0 .net *"_s540", 2 0, L_0x558911084c20;  1 drivers
v0x55891105cd70_0 .net *"_s542", 2 0, L_0x558911084750;  1 drivers
v0x55891105ce50_0 .net *"_s544", 0 0, L_0x558911084920;  1 drivers
v0x55891105cf30_0 .net *"_s546", 0 0, L_0x5589110849c0;  1 drivers
v0x55891105d010_0 .net *"_s548", 0 0, L_0x558911084ab0;  1 drivers
v0x55891105d0f0_0 .net *"_s555", 2 0, L_0x558911085260;  1 drivers
L_0x7f62dc4f8b60 .functor BUFT 1, C4<000>, C4<0>, C4<0>, C4<0>;
v0x55891105d1d0_0 .net/2u *"_s556", 2 0, L_0x7f62dc4f8b60;  1 drivers
v0x55891105d2b0_0 .net *"_s558", 0 0, L_0x558911085300;  1 drivers
L_0x7f62dc4f7180 .functor BUFT 1, C4<000>, C4<0>, C4<0>, C4<0>;
v0x55891105d370_0 .net/2u *"_s56", 2 0, L_0x7f62dc4f7180;  1 drivers
L_0x7f62dc4f8ba8 .functor BUFT 1, C4<001>, C4<0>, C4<0>, C4<0>;
v0x55891105d450_0 .net/2u *"_s560", 2 0, L_0x7f62dc4f8ba8;  1 drivers
v0x55891105d530_0 .net *"_s563", 2 0, L_0x558911084cc0;  1 drivers
L_0x7f62dc4f8bf0 .functor BUFT 1, C4<001>, C4<0>, C4<0>, C4<0>;
v0x55891105d610_0 .net/2u *"_s564", 2 0, L_0x7f62dc4f8bf0;  1 drivers
v0x55891105d6f0_0 .net *"_s566", 0 0, L_0x558911084d60;  1 drivers
L_0x7f62dc4f8c38 .functor BUFT 1, C4<000>, C4<0>, C4<0>, C4<0>;
v0x55891105d7b0_0 .net/2u *"_s568", 2 0, L_0x7f62dc4f8c38;  1 drivers
v0x55891105d890_0 .net *"_s571", 2 0, L_0x558911084ea0;  1 drivers
L_0x7f62dc4f8c80 .functor BUFT 1, C4<010>, C4<0>, C4<0>, C4<0>;
v0x55891105d970_0 .net/2u *"_s572", 2 0, L_0x7f62dc4f8c80;  1 drivers
v0x55891105da50_0 .net *"_s574", 0 0, L_0x558911084f40;  1 drivers
L_0x7f62dc4f8cc8 .functor BUFT 1, C4<000>, C4<0>, C4<0>, C4<0>;
v0x55891105db10_0 .net/2u *"_s576", 2 0, L_0x7f62dc4f8cc8;  1 drivers
v0x55891105dbf0_0 .net *"_s579", 2 0, L_0x558911085080;  1 drivers
L_0x7f62dc4f8d10 .functor BUFT 1, C4<011>, C4<0>, C4<0>, C4<0>;
v0x55891105dcd0_0 .net/2u *"_s580", 2 0, L_0x7f62dc4f8d10;  1 drivers
v0x55891105ddb0_0 .net *"_s582", 0 0, L_0x558911085120;  1 drivers
L_0x7f62dc4f8d58 .functor BUFT 1, C4<010>, C4<0>, C4<0>, C4<0>;
v0x55891105de70_0 .net/2u *"_s584", 2 0, L_0x7f62dc4f8d58;  1 drivers
v0x55891105df50_0 .net *"_s587", 2 0, L_0x5589110859d0;  1 drivers
L_0x7f62dc4f8da0 .functor BUFT 1, C4<100>, C4<0>, C4<0>, C4<0>;
v0x55891105e030_0 .net/2u *"_s588", 2 0, L_0x7f62dc4f8da0;  1 drivers
v0x55891105e110_0 .net *"_s59", 1 0, L_0x558911072990;  1 drivers
v0x55891105e1f0_0 .net *"_s590", 0 0, L_0x558911085a70;  1 drivers
L_0x7f62dc4f8de8 .functor BUFT 1, C4<110>, C4<0>, C4<0>, C4<0>;
v0x55891105e2b0_0 .net/2u *"_s592", 2 0, L_0x7f62dc4f8de8;  1 drivers
v0x55891105e390_0 .net *"_s595", 2 0, L_0x5589110853f0;  1 drivers
L_0x7f62dc4f8e30 .functor BUFT 1, C4<101>, C4<0>, C4<0>, C4<0>;
v0x55891105e470_0 .net/2u *"_s596", 2 0, L_0x7f62dc4f8e30;  1 drivers
v0x55891105e550_0 .net *"_s598", 0 0, L_0x558911085490;  1 drivers
L_0x7f62dc4f71c8 .functor BUFT 1, C4<0>, C4<0>, C4<0>, C4<0>;
v0x55891105e610_0 .net/2u *"_s60", 0 0, L_0x7f62dc4f71c8;  1 drivers
L_0x7f62dc4f8e78 .functor BUFT 1, C4<100>, C4<0>, C4<0>, C4<0>;
v0x55891105e6f0_0 .net/2u *"_s600", 2 0, L_0x7f62dc4f8e78;  1 drivers
v0x55891105e7d0_0 .net *"_s603", 2 0, L_0x5589110855d0;  1 drivers
L_0x7f62dc4f8ec0 .functor BUFT 1, C4<110>, C4<0>, C4<0>, C4<0>;
v0x558911057380_0 .net/2u *"_s604", 2 0, L_0x7f62dc4f8ec0;  1 drivers
v0x558911057460_0 .net *"_s606", 0 0, L_0x5589110856a0;  1 drivers
L_0x7f62dc4f8f08 .functor BUFT 1, C4<100>, C4<0>, C4<0>, C4<0>;
v0x558911057520_0 .net/2u *"_s608", 2 0, L_0x7f62dc4f8f08;  1 drivers
L_0x7f62dc4f8f50 .functor BUFT 1, C4<001>, C4<0>, C4<0>, C4<0>;
v0x558911057600_0 .net/2u *"_s610", 2 0, L_0x7f62dc4f8f50;  1 drivers
v0x5589110576e0_0 .net *"_s612", 2 0, L_0x558911085810;  1 drivers
v0x5589110577c0_0 .net *"_s614", 2 0, L_0x5589110861c0;  1 drivers
v0x5589110578a0_0 .net *"_s616", 2 0, L_0x558911085ca0;  1 drivers
v0x558911057980_0 .net *"_s618", 2 0, L_0x558911085e30;  1 drivers
v0x558911057a60_0 .net *"_s62", 2 0, L_0x558911072b50;  1 drivers
v0x55891105f880_0 .net *"_s620", 2 0, L_0x558911085fc0;  1 drivers
v0x55891105f960_0 .net *"_s622", 2 0, L_0x558911086890;  1 drivers
v0x55891105fa40_0 .net *"_s624", 2 0, L_0x558911086300;  1 drivers
v0x55891105fb20_0 .net *"_s626", 0 0, L_0x558911086930;  1 drivers
v0x55891105fc00_0 .net *"_s629", 0 0, L_0x558911086a20;  1 drivers
v0x55891105fce0_0 .net *"_s632", 0 0, L_0x558911086b60;  1 drivers
L_0x7f62dc4f7210 .functor BUFT 1, C4<010>, C4<0>, C4<0>, C4<0>;
v0x55891105fdc0_0 .net/2u *"_s64", 2 0, L_0x7f62dc4f7210;  1 drivers
v0x55891105fea0_0 .net *"_s640", 2 0, L_0x558911086c50;  1 drivers
L_0x7f62dc4f8f98 .functor BUFT 1, C4<000>, C4<0>, C4<0>, C4<0>;
v0x55891105ff80_0 .net/2u *"_s641", 2 0, L_0x7f62dc4f8f98;  1 drivers
v0x558911060060_0 .net *"_s643", 0 0, L_0x558911086cf0;  1 drivers
L_0x7f62dc4f8fe0 .functor BUFT 1, C4<001>, C4<0>, C4<0>, C4<0>;
v0x558911060120_0 .net/2u *"_s645", 2 0, L_0x7f62dc4f8fe0;  1 drivers
v0x558911060200_0 .net *"_s648", 2 0, L_0x558911086e30;  1 drivers
L_0x7f62dc4f9028 .functor BUFT 1, C4<001>, C4<0>, C4<0>, C4<0>;
v0x5589110602e0_0 .net/2u *"_s649", 2 0, L_0x7f62dc4f9028;  1 drivers
v0x5589110603c0_0 .net *"_s651", 0 0, L_0x558911086ed0;  1 drivers
L_0x7f62dc4f9070 .functor BUFT 1, C4<000>, C4<0>, C4<0>, C4<0>;
v0x558911060480_0 .net/2u *"_s653", 2 0, L_0x7f62dc4f9070;  1 drivers
v0x558911060560_0 .net *"_s656", 2 0, L_0x558911087c50;  1 drivers
L_0x7f62dc4f90b8 .functor BUFT 1, C4<010>, C4<0>, C4<0>, C4<0>;
v0x558911060640_0 .net/2u *"_s657", 2 0, L_0x7f62dc4f90b8;  1 drivers
v0x558911060720_0 .net *"_s659", 0 0, L_0x558911087520;  1 drivers
v0x5589110607e0_0 .net *"_s66", 0 0, L_0x558911072c70;  1 drivers
L_0x7f62dc4f9100 .functor BUFT 1, C4<000>, C4<0>, C4<0>, C4<0>;
v0x5589110608a0_0 .net/2u *"_s661", 2 0, L_0x7f62dc4f9100;  1 drivers
v0x558911060980_0 .net *"_s664", 2 0, L_0x558911087660;  1 drivers
L_0x7f62dc4f9148 .functor BUFT 1, C4<011>, C4<0>, C4<0>, C4<0>;
v0x558911060a60_0 .net/2u *"_s665", 2 0, L_0x7f62dc4f9148;  1 drivers
v0x558911060b40_0 .net *"_s667", 0 0, L_0x558911087700;  1 drivers
L_0x7f62dc4f9190 .functor BUFT 1, C4<010>, C4<0>, C4<0>, C4<0>;
v0x558911060c00_0 .net/2u *"_s669", 2 0, L_0x7f62dc4f9190;  1 drivers
v0x558911060ce0_0 .net *"_s672", 2 0, L_0x558911087840;  1 drivers
L_0x7f62dc4f91d8 .functor BUFT 1, C4<100>, C4<0>, C4<0>, C4<0>;
v0x558911060dc0_0 .net/2u *"_s673", 2 0, L_0x7f62dc4f91d8;  1 drivers
v0x558911060ea0_0 .net *"_s675", 0 0, L_0x5589110878e0;  1 drivers
L_0x7f62dc4f9220 .functor BUFT 1, C4<110>, C4<0>, C4<0>, C4<0>;
v0x558911060f60_0 .net/2u *"_s677", 2 0, L_0x7f62dc4f9220;  1 drivers
L_0x7f62dc4f7258 .functor BUFT 1, C4<000>, C4<0>, C4<0>, C4<0>;
v0x558911061040_0 .net/2u *"_s68", 2 0, L_0x7f62dc4f7258;  1 drivers
v0x558911061120_0 .net *"_s680", 2 0, L_0x558911087a20;  1 drivers
L_0x7f62dc4f9268 .functor BUFT 1, C4<101>, C4<0>, C4<0>, C4<0>;
v0x558911061200_0 .net/2u *"_s681", 2 0, L_0x7f62dc4f9268;  1 drivers
v0x5589110612e0_0 .net *"_s683", 0 0, L_0x558911087ac0;  1 drivers
L_0x7f62dc4f92b0 .functor BUFT 1, C4<100>, C4<0>, C4<0>, C4<0>;
v0x5589110613a0_0 .net/2u *"_s685", 2 0, L_0x7f62dc4f92b0;  1 drivers
v0x558911061480_0 .net *"_s688", 2 0, L_0x558911088410;  1 drivers
L_0x7f62dc4f92f8 .functor BUFT 1, C4<110>, C4<0>, C4<0>, C4<0>;
v0x558911061560_0 .net/2u *"_s689", 2 0, L_0x7f62dc4f92f8;  1 drivers
v0x558911061640_0 .net *"_s691", 0 0, L_0x558911087cf0;  1 drivers
L_0x7f62dc4f9340 .functor BUFT 1, C4<100>, C4<0>, C4<0>, C4<0>;
v0x558911061700_0 .net/2u *"_s693", 2 0, L_0x7f62dc4f9340;  1 drivers
L_0x7f62dc4f9388 .functor BUFT 1, C4<001>, C4<0>, C4<0>, C4<0>;
v0x5589110617e0_0 .net/2u *"_s695", 2 0, L_0x7f62dc4f9388;  1 drivers
v0x5589110618c0_0 .net *"_s697", 2 0, L_0x558911087e30;  1 drivers
v0x5589110619a0_0 .net *"_s699", 2 0, L_0x558911087fc0;  1 drivers
v0x558911061a80_0 .net *"_s701", 2 0, L_0x558911088150;  1 drivers
v0x558911061b60_0 .net *"_s703", 2 0, L_0x5589110882e0;  1 drivers
v0x558911061c40_0 .net *"_s705", 2 0, L_0x558911088ca0;  1 drivers
v0x558911061d20_0 .net *"_s707", 2 0, L_0x5589110885a0;  1 drivers
v0x558911061e00_0 .net *"_s709", 2 0, L_0x558911088730;  1 drivers
v0x558911061ee0_0 .net *"_s71", 1 0, L_0x558911072ee0;  1 drivers
v0x558911061fc0_0 .net *"_s713", 0 0, L_0x558911088900;  1 drivers
v0x5589110620a0_0 .net *"_s714", 16 0, L_0x5589110889f0;  1 drivers
v0x558911062180_0 .net *"_s718", 14 0, L_0x558911088d40;  1 drivers
L_0x7f62dc4f72a0 .functor BUFT 1, C4<0>, C4<0>, C4<0>, C4<0>;
v0x558911062260_0 .net/2u *"_s72", 0 0, L_0x7f62dc4f72a0;  1 drivers
v0x558911062340_0 .net *"_s721", 0 0, L_0x558911088de0;  1 drivers
v0x558911062420_0 .net *"_s723", 0 0, L_0x558911088e80;  1 drivers
v0x558911062500_0 .net *"_s724", 0 0, L_0x558911088f20;  1 drivers
v0x5589110625e0_0 .net *"_s726", 32 0, L_0x558911088f90;  1 drivers
L_0x7f62dc4f93d0 .functor BUFT 1, C4<0000000000000000>, C4<0>, C4<0>, C4<0>;
v0x5589110626c0_0 .net *"_s731", 15 0, L_0x7f62dc4f93d0;  1 drivers
v0x5589110627a0_0 .net *"_s734", 0 0, L_0x558911089260;  1 drivers
v0x558911062880_0 .net *"_s735", 16 0, L_0x558911089350;  1 drivers
v0x558911062960_0 .net *"_s739", 14 0, L_0x558911089670;  1 drivers
v0x558911062a40_0 .net *"_s74", 2 0, L_0x558911072f80;  1 drivers
v0x558911062b20_0 .net *"_s742", 0 0, L_0x558911089710;  1 drivers
v0x558911062c00_0 .net *"_s744", 0 0, L_0x5589110897b0;  1 drivers
v0x558911062ce0_0 .net *"_s745", 0 0, L_0x5589110893f0;  1 drivers
L_0x7f62dc4f9418 .functor BUFT 1, C4<00>, C4<0>, C4<0>, C4<0>;
v0x558911062dc0_0 .net/2u *"_s747", 1 0, L_0x7f62dc4f9418;  1 drivers
v0x558911062ea0_0 .net *"_s749", 34 0, L_0x558911089850;  1 drivers
L_0x7f62dc4f9460 .functor BUFT 1, C4<00000000000000>, C4<0>, C4<0>, C4<0>;
v0x558911062f80_0 .net *"_s754", 13 0, L_0x7f62dc4f9460;  1 drivers
v0x558911063060_0 .net *"_s757", 0 0, L_0x558911089b70;  1 drivers
v0x558911063140_0 .net *"_s758", 16 0, L_0x558911099ca0;  1 drivers
L_0x7f62dc4f72e8 .functor BUFT 1, C4<011>, C4<0>, C4<0>, C4<0>;
v0x558911063220_0 .net/2u *"_s76", 2 0, L_0x7f62dc4f72e8;  1 drivers
v0x558911063300_0 .net *"_s762", 14 0, L_0x55891109a0d0;  1 drivers
v0x5589110633e0_0 .net *"_s765", 0 0, L_0x55891109a170;  1 drivers
v0x5589110634c0_0 .net *"_s767", 0 0, L_0x55891109a210;  1 drivers
v0x5589110635a0_0 .net *"_s768", 0 0, L_0x55891109a2b0;  1 drivers
L_0x7f62dc4f94a8 .functor BUFT 1, C4<0000>, C4<0>, C4<0>, C4<0>;
v0x558911063680_0 .net/2u *"_s770", 3 0, L_0x7f62dc4f94a8;  1 drivers
v0x558911063760_0 .net *"_s772", 36 0, L_0x55891109a320;  1 drivers
L_0x7f62dc4f94f0 .functor BUFT 1, C4<000000000000>, C4<0>, C4<0>, C4<0>;
v0x558911063840_0 .net *"_s777", 11 0, L_0x7f62dc4f94f0;  1 drivers
v0x558911063920_0 .net *"_s78", 0 0, L_0x558911073160;  1 drivers
v0x5589110639e0_0 .net *"_s780", 0 0, L_0x55891109ad20;  1 drivers
v0x558911063ac0_0 .net *"_s781", 16 0, L_0x55891109ae10;  1 drivers
v0x558911063ba0_0 .net *"_s785", 14 0, L_0x55891109b240;  1 drivers
v0x558911063c80_0 .net *"_s788", 0 0, L_0x55891109b2e0;  1 drivers
v0x558911063d60_0 .net *"_s790", 0 0, L_0x55891109bcb0;  1 drivers
v0x558911063e40_0 .net *"_s791", 0 0, L_0x55891109b4d0;  1 drivers
L_0x7f62dc4f9538 .functor BUFT 1, C4<000000>, C4<0>, C4<0>, C4<0>;
v0x558911063f20_0 .net/2u *"_s793", 5 0, L_0x7f62dc4f9538;  1 drivers
v0x558911064000_0 .net *"_s795", 38 0, L_0x55891109b540;  1 drivers
L_0x7f62dc4f7330 .functor BUFT 1, C4<010>, C4<0>, C4<0>, C4<0>;
v0x5589110640e0_0 .net/2u *"_s80", 2 0, L_0x7f62dc4f7330;  1 drivers
L_0x7f62dc4f9580 .functor BUFT 1, C4<0000000000>, C4<0>, C4<0>, C4<0>;
v0x5589110641c0_0 .net *"_s800", 9 0, L_0x7f62dc4f9580;  1 drivers
v0x5589110642a0_0 .net *"_s803", 0 0, L_0x55891109b860;  1 drivers
v0x558911064380_0 .net *"_s804", 16 0, L_0x55891109b950;  1 drivers
v0x558911064460_0 .net *"_s808", 14 0, L_0x55891109bb70;  1 drivers
v0x558911064540_0 .net *"_s811", 0 0, L_0x55891109bc10;  1 drivers
v0x558911064620_0 .net *"_s813", 0 0, L_0x55891109bd50;  1 drivers
v0x558911064700_0 .net *"_s814", 0 0, L_0x55891109bdf0;  1 drivers
L_0x7f62dc4f95c8 .functor BUFT 1, C4<00000000>, C4<0>, C4<0>, C4<0>;
v0x5589110647e0_0 .net/2u *"_s816", 7 0, L_0x7f62dc4f95c8;  1 drivers
v0x5589110648c0_0 .net *"_s818", 40 0, L_0x55891109be60;  1 drivers
L_0x7f62dc4f9610 .functor BUFT 1, C4<00000000>, C4<0>, C4<0>, C4<0>;
v0x5589110649a0_0 .net *"_s823", 7 0, L_0x7f62dc4f9610;  1 drivers
v0x558911064a80_0 .net *"_s826", 0 0, L_0x55891109c180;  1 drivers
v0x558911064b60_0 .net *"_s827", 16 0, L_0x55891109c270;  1 drivers
v0x558911064c40_0 .net *"_s83", 1 0, L_0x5589110732a0;  1 drivers
v0x558911064d20_0 .net *"_s831", 14 0, L_0x55891109c490;  1 drivers
v0x558911064e00_0 .net *"_s834", 0 0, L_0x55891109c760;  1 drivers
v0x558911064ee0_0 .net *"_s836", 0 0, L_0x55891109c800;  1 drivers
v0x558911064fc0_0 .net *"_s837", 0 0, L_0x55891109c8a0;  1 drivers
L_0x7f62dc4f9658 .functor BUFT 1, C4<0000000000>, C4<0>, C4<0>, C4<0>;
v0x5589110650a0_0 .net/2u *"_s839", 9 0, L_0x7f62dc4f9658;  1 drivers
L_0x7f62dc4f7378 .functor BUFT 1, C4<0>, C4<0>, C4<0>, C4<0>;
v0x558911065180_0 .net/2u *"_s84", 0 0, L_0x7f62dc4f7378;  1 drivers
v0x558911065260_0 .net *"_s841", 42 0, L_0x55891109c910;  1 drivers
L_0x7f62dc4f96a0 .functor BUFT 1, C4<000000>, C4<0>, C4<0>, C4<0>;
v0x558911065340_0 .net *"_s846", 5 0, L_0x7f62dc4f96a0;  1 drivers
v0x558911065420_0 .net *"_s849", 0 0, L_0x55891109cc30;  1 drivers
v0x558911065500_0 .net *"_s850", 16 0, L_0x55891109cd20;  1 drivers
v0x5589110655e0_0 .net *"_s854", 14 0, L_0x55891109d1b0;  1 drivers
v0x5589110656c0_0 .net *"_s857", 0 0, L_0x55891109d250;  1 drivers
v0x5589110657a0_0 .net *"_s859", 0 0, L_0x55891109d2f0;  1 drivers
v0x558911065880_0 .net *"_s86", 2 0, L_0x5589110734c0;  1 drivers
v0x558911065960_0 .net *"_s860", 0 0, L_0x55891109d390;  1 drivers
L_0x7f62dc4f96e8 .functor BUFT 1, C4<000000000000>, C4<0>, C4<0>, C4<0>;
v0x558911065a40_0 .net/2u *"_s862", 11 0, L_0x7f62dc4f96e8;  1 drivers
v0x558911065b20_0 .net *"_s864", 44 0, L_0x55891109d400;  1 drivers
L_0x7f62dc4f9730 .functor BUFT 1, C4<0000>, C4<0>, C4<0>, C4<0>;
v0x558911065c00_0 .net *"_s869", 3 0, L_0x7f62dc4f9730;  1 drivers
v0x558911065ce0_0 .net *"_s872", 0 0, L_0x55891109d720;  1 drivers
v0x558911065dc0_0 .net *"_s873", 16 0, L_0x55891109d810;  1 drivers
v0x558911065ea0_0 .net *"_s877", 14 0, L_0x55891109ded0;  1 drivers
L_0x7f62dc4f73c0 .functor BUFT 1, C4<100>, C4<0>, C4<0>, C4<0>;
v0x558911065f80_0 .net/2u *"_s88", 2 0, L_0x7f62dc4f73c0;  1 drivers
v0x558911066060_0 .net *"_s880", 0 0, L_0x55891109df70;  1 drivers
v0x558911066140_0 .net *"_s882", 0 0, L_0x55891109e010;  1 drivers
v0x558911066220_0 .net *"_s883", 0 0, L_0x55891109e0b0;  1 drivers
L_0x7f62dc4f9778 .functor BUFT 1, C4<00000000000000>, C4<0>, C4<0>, C4<0>;
v0x558911066300_0 .net/2u *"_s885", 13 0, L_0x7f62dc4f9778;  1 drivers
v0x5589110663e0_0 .net *"_s887", 46 0, L_0x55891109e170;  1 drivers
L_0x7f62dc4f97c0 .functor BUFT 1, C4<00>, C4<0>, C4<0>, C4<0>;
v0x5589110664c0_0 .net *"_s892", 1 0, L_0x7f62dc4f97c0;  1 drivers
v0x5589110665a0_0 .net/s *"_s893", 48 0, L_0x55891109f5b0;  1 drivers
v0x558911066680_0 .net/s *"_s895", 48 0, L_0x55891109f6a0;  1 drivers
v0x558911066760_0 .net/s *"_s897", 48 0, L_0x55891109ecd0;  1 drivers
v0x558911066840_0 .net/s *"_s899", 48 0, L_0x55891109ee10;  1 drivers
v0x558911066920_0 .net *"_s90", 0 0, L_0x558911073630;  1 drivers
v0x5589110669e0_0 .net/s *"_s901", 48 0, L_0x55891109ef50;  1 drivers
v0x558911066ac0_0 .net/s *"_s903", 48 0, L_0x55891109f090;  1 drivers
v0x558911066ba0_0 .net/s *"_s905", 48 0, L_0x55891109f1d0;  1 drivers
L_0x7f62dc4f7408 .functor BUFT 1, C4<110>, C4<0>, C4<0>, C4<0>;
v0x558911066c80_0 .net/2u *"_s92", 2 0, L_0x7f62dc4f7408;  1 drivers
v0x558911066d60_0 .net *"_s95", 1 0, L_0x5589110738d0;  1 drivers
L_0x7f62dc4f7450 .functor BUFT 1, C4<0>, C4<0>, C4<0>, C4<0>;
v0x558911066e40_0 .net/2u *"_s96", 0 0, L_0x7f62dc4f7450;  1 drivers
v0x558911066f20_0 .net *"_s98", 2 0, L_0x5589110739a0;  1 drivers
v0x558911067000_0 .net/s "multiplicand", 15 0, v0x558911068380_0;  1 drivers
v0x5589110670e0_0 .net/s "multiplier", 15 0, v0x558911068440_0;  1 drivers
v0x5589110671c0_0 .net "neg", 7 0, L_0x5589110864d0;  1 drivers
v0x5589110672a0_0 .net/s "new_p1", 48 0, L_0x558911089120;  1 drivers
v0x558911067380_0 .net/s "new_p2", 48 0, L_0x558911089a30;  1 drivers
v0x558911067460_0 .net/s "new_p3", 48 0, L_0x55891109abe0;  1 drivers
v0x558911067540_0 .net/s "new_p4", 48 0, L_0x55891109b720;  1 drivers
v0x558911067620_0 .net/s "new_p5", 48 0, L_0x55891109c040;  1 drivers
v0x558911067700_0 .net/s "new_p6", 48 0, L_0x55891109caf0;  1 drivers
v0x5589110677e0_0 .net/s "new_p7", 48 0, L_0x55891109d5e0;  1 drivers
v0x5589110678c0_0 .net/s "new_p8", 48 0, L_0x55891109e350;  1 drivers
v0x5589110679a0 .array "or_gate", 7 0;
v0x5589110679a0_0 .net/s v0x5589110679a0 0, 15 0, L_0x558911069580; 1 drivers
v0x5589110679a0_1 .net/s v0x5589110679a0 1, 15 0, L_0x55891106a8b0; 1 drivers
v0x5589110679a0_2 .net/s v0x5589110679a0 2, 15 0, L_0x55891106baf0; 1 drivers
v0x5589110679a0_3 .net/s v0x5589110679a0 3, 15 0, L_0x55891106cd90; 1 drivers
v0x5589110679a0_4 .net/s v0x5589110679a0 4, 15 0, L_0x55891106df90; 1 drivers
v0x5589110679a0_5 .net/s v0x5589110679a0 5, 15 0, L_0x55891106f220; 1 drivers
v0x5589110679a0_6 .net/s v0x5589110679a0 6, 15 0, L_0x558911070420; 1 drivers
v0x5589110679a0_7 .net/s v0x5589110679a0 7, 15 0, L_0x558911071b30; 1 drivers
v0x558911067b60_0 .net/s "product", 31 0, L_0x55891109f310;  alias, 1 drivers
v0x558911067c40 .array "three_input_andgate", 7 0;
v0x558911067c40_0 .net/s v0x558911067c40 0, 15 0, L_0x558911069480; 1 drivers
v0x558911067c40_1 .net/s v0x558911067c40 1, 15 0, L_0x55891106a7b0; 1 drivers
v0x558911067c40_2 .net/s v0x558911067c40 2, 15 0, L_0x55891106b9f0; 1 drivers
v0x558911067c40_3 .net/s v0x558911067c40 3, 15 0, L_0x55891106cc90; 1 drivers
v0x558911067c40_4 .net/s v0x558911067c40 4, 15 0, L_0x55891106de90; 1 drivers
v0x558911067c40_5 .net/s v0x558911067c40 5, 15 0, L_0x55891106f120; 1 drivers
v0x558911067c40_6 .net/s v0x558911067c40 6, 15 0, L_0x558911070320; 1 drivers
v0x558911067c40_7 .net/s v0x558911067c40 7, 15 0, L_0x558911071a30; 1 drivers
v0x558911067e50_0 .net "two", 7 0, L_0x5589110867f0;  1 drivers
v0x558911067f30 .array "two_input_andgate", 7 0;
v0x558911067f30_0 .net/s v0x558911067f30 0, 15 0, L_0x558911031150; 1 drivers
v0x558911067f30_1 .net/s v0x558911067f30 1, 15 0, L_0x558911069ba0; 1 drivers
v0x558911067f30_2 .net/s v0x558911067f30 2, 15 0, L_0x55891106ae60; 1 drivers
v0x558911067f30_3 .net/s v0x558911067f30 3, 15 0, L_0x55891106c020; 1 drivers
v0x558911067f30_4 .net/s v0x558911067f30 4, 15 0, L_0x55891106d340; 1 drivers
v0x558911067f30_5 .net/s v0x558911067f30 5, 15 0, L_0x55891106e5d0; 1 drivers
v0x558911067f30_6 .net/s v0x558911067f30 6, 15 0, L_0x55891106f7d0; 1 drivers
v0x558911067f30_7 .net/s v0x558911067f30 7, 15 0, L_0x558911070ca0; 1 drivers
v0x558911068140_0 .net "zero", 7 0, L_0x558911087200;  1 drivers
L_0x5589110686e0 .part L_0x5589110864d0, 0, 1;
L_0x558911068980 .part L_0x5589110864d0, 0, 1;
L_0x558911068f60 .part L_0x558911087200, 0, 1;
L_0x558911069700 .part L_0x5589110864d0, 1, 1;
L_0x558911069c60 .part L_0x5589110864d0, 1, 1;
L_0x55891106a230 .part L_0x558911087200, 1, 1;
L_0x55891106aa30 .part L_0x5589110864d0, 2, 1;
L_0x55891106af20 .part L_0x5589110864d0, 2, 1;
L_0x55891106b500 .part L_0x558911087200, 2, 1;
L_0x55891106bc70 .part L_0x5589110864d0, 3, 1;
L_0x55891106c0e0 .part L_0x5589110864d0, 3, 1;
L_0x55891106c6f0 .part L_0x558911087200, 3, 1;
L_0x55891106cf10 .part L_0x5589110864d0, 4, 1;
L_0x55891106d400 .part L_0x5589110864d0, 4, 1;
L_0x55891106d9a0 .part L_0x558911087200, 4, 1;
L_0x55891106e110 .part L_0x5589110864d0, 5, 1;
L_0x55891106e690 .part L_0x5589110864d0, 5, 1;
L_0x55891106ec20 .part L_0x558911087200, 5, 1;
L_0x55891106f3a0 .part L_0x5589110864d0, 6, 1;
L_0x55891106f890 .part L_0x5589110864d0, 6, 1;
L_0x55891106fe30 .part L_0x558911087200, 6, 1;
L_0x5589110707b0 .part L_0x5589110864d0, 7, 1;
L_0x558911070d60 .part L_0x5589110864d0, 7, 1;
L_0x558911071500 .part L_0x558911087200, 7, 1;
L_0x558911071c40 .part L_0x5589110752f0, 2, 1;
L_0x558911071ce0 .part L_0x5589110752f0, 1, 1;
L_0x558911071eb0 .part L_0x5589110752f0, 0, 1;
L_0x558911071f50 .part v0x558911068440_0, 0, 2;
L_0x558911072130 .concat [ 1 2 0 0], L_0x7f62dc4f7018, L_0x558911071f50;
L_0x558911072270 .cmp/eq 3, L_0x558911072130, L_0x7f62dc4f7060;
L_0x5589110724b0 .part v0x558911068440_0, 0, 2;
L_0x558911072580 .concat [ 1 2 0 0], L_0x7f62dc4f70f0, L_0x5589110724b0;
L_0x558911072850 .cmp/eq 3, L_0x558911072580, L_0x7f62dc4f7138;
L_0x558911072990 .part v0x558911068440_0, 0, 2;
L_0x558911072b50 .concat [ 1 2 0 0], L_0x7f62dc4f71c8, L_0x558911072990;
L_0x558911072c70 .cmp/eq 3, L_0x558911072b50, L_0x7f62dc4f7210;
L_0x558911072ee0 .part v0x558911068440_0, 0, 2;
L_0x558911072f80 .concat [ 1 2 0 0], L_0x7f62dc4f72a0, L_0x558911072ee0;
L_0x558911073160 .cmp/eq 3, L_0x558911072f80, L_0x7f62dc4f72e8;
L_0x5589110732a0 .part v0x558911068440_0, 0, 2;
L_0x5589110734c0 .concat [ 1 2 0 0], L_0x7f62dc4f7378, L_0x5589110732a0;
L_0x558911073630 .cmp/eq 3, L_0x5589110734c0, L_0x7f62dc4f73c0;
L_0x5589110738d0 .part v0x558911068440_0, 0, 2;
L_0x5589110739a0 .concat [ 1 2 0 0], L_0x7f62dc4f7450, L_0x5589110738d0;
L_0x558911073c80 .cmp/eq 3, L_0x5589110739a0, L_0x7f62dc4f7498;
L_0x558911073dc0 .part v0x558911068440_0, 0, 2;
L_0x558911074010 .concat [ 1 2 0 0], L_0x7f62dc4f7528, L_0x558911073dc0;
L_0x558911074180 .cmp/eq 3, L_0x558911074010, L_0x7f62dc4f7570;
L_0x558911074450 .functor MUXZ 3, L_0x7f62dc4f7600, L_0x7f62dc4f75b8, L_0x558911074180, C4<>;
L_0x558911074610 .functor MUXZ 3, L_0x558911074450, L_0x7f62dc4f74e0, L_0x558911073c80, C4<>;
L_0x558911074940 .functor MUXZ 3, L_0x558911074610, L_0x7f62dc4f7408, L_0x558911073630, C4<>;
L_0x558911074ad0 .functor MUXZ 3, L_0x558911074940, L_0x7f62dc4f7330, L_0x558911073160, C4<>;
L_0x558911074e10 .functor MUXZ 3, L_0x558911074ad0, L_0x7f62dc4f7258, L_0x558911072c70, C4<>;
L_0x558911074fa0 .functor MUXZ 3, L_0x558911074e10, L_0x7f62dc4f7180, L_0x558911072850, C4<>;
L_0x5589110752f0 .functor MUXZ 3, L_0x558911074fa0, L_0x7f62dc4f70a8, L_0x558911072270, C4<>;
L_0x558911075430 .part L_0x558911078750, 2, 1;
L_0x5589110756a0 .part L_0x558911078750, 1, 1;
L_0x558911075790 .part L_0x558911078750, 0, 1;
L_0x558911075a10 .part v0x558911068440_0, 1, 3;
L_0x558911075ab0 .cmp/eq 3, L_0x558911075a10, L_0x7f62dc4f7648;
L_0x558911075de0 .part v0x558911068440_0, 1, 3;
L_0x558911075e80 .cmp/eq 3, L_0x558911075de0, L_0x7f62dc4f76d8;
L_0x5589110761c0 .part v0x558911068440_0, 1, 3;
L_0x558911076260 .cmp/eq 3, L_0x5589110761c0, L_0x7f62dc4f7768;
L_0x5589110765b0 .part v0x558911068440_0, 1, 3;
L_0x558911076650 .cmp/eq 3, L_0x5589110765b0, L_0x7f62dc4f77f8;
L_0x5589110769b0 .part v0x558911068440_0, 1, 3;
L_0x558911076a50 .cmp/eq 3, L_0x5589110769b0, L_0x7f62dc4f7888;
L_0x558911076dc0 .part v0x558911068440_0, 1, 3;
L_0x558911076e60 .cmp/eq 3, L_0x558911076dc0, L_0x7f62dc4f7918;
L_0x5589110771e0 .part v0x558911068440_0, 1, 3;
L_0x5589110772b0 .cmp/eq 3, L_0x5589110771e0, L_0x7f62dc4f79a8;
L_0x558911077670 .functor MUXZ 3, L_0x7f62dc4f7a38, L_0x7f62dc4f79f0, L_0x5589110772b0, C4<>;
L_0x558911077830 .functor MUXZ 3, L_0x558911077670, L_0x7f62dc4f7960, L_0x558911076e60, C4<>;
L_0x558911077c20 .functor MUXZ 3, L_0x558911077830, L_0x7f62dc4f78d0, L_0x558911076a50, C4<>;
L_0x558911077db0 .functor MUXZ 3, L_0x558911077c20, L_0x7f62dc4f7840, L_0x558911076650, C4<>;
L_0x5589110781b0 .functor MUXZ 3, L_0x558911077db0, L_0x7f62dc4f77b0, L_0x558911076260, C4<>;
L_0x558911078340 .functor MUXZ 3, L_0x5589110781b0, L_0x7f62dc4f7720, L_0x558911075e80, C4<>;
L_0x558911078750 .functor MUXZ 3, L_0x558911078340, L_0x7f62dc4f7690, L_0x558911075ab0, C4<>;
L_0x558911078890 .part L_0x55891107c6c0, 2, 1;
L_0x558911078bc0 .part L_0x55891107c6c0, 1, 1;
L_0x558911078cb0 .part L_0x55891107c6c0, 0, 1;
L_0x558911078ff0 .part v0x558911068440_0, 3, 3;
L_0x5589110792a0 .cmp/eq 3, L_0x558911078ff0, L_0x7f62dc4f7a80;
L_0x558911079690 .part v0x558911068440_0, 3, 3;
L_0x558911079730 .cmp/eq 3, L_0x558911079690, L_0x7f62dc4f7b10;
L_0x558911079b30 .part v0x558911068440_0, 3, 3;
L_0x558911079bd0 .cmp/eq 3, L_0x558911079b30, L_0x7f62dc4f7ba0;
L_0x558911079fe0 .part v0x558911068440_0, 3, 3;
L_0x55891107a080 .cmp/eq 3, L_0x558911079fe0, L_0x7f62dc4f7c30;
L_0x55891107a4a0 .part v0x558911068440_0, 3, 3;
L_0x55891107a540 .cmp/eq 3, L_0x55891107a4a0, L_0x7f62dc4f7cc0;
L_0x55891107a970 .part v0x558911068440_0, 3, 3;
L_0x55891107aa10 .cmp/eq 3, L_0x55891107a970, L_0x7f62dc4f7d50;
L_0x55891107ae50 .part v0x558911068440_0, 3, 3;
L_0x55891107af20 .cmp/eq 3, L_0x55891107ae50, L_0x7f62dc4f7de0;
L_0x55891107b3a0 .functor MUXZ 3, L_0x7f62dc4f7e70, L_0x7f62dc4f7e28, L_0x55891107af20, C4<>;
L_0x55891107b560 .functor MUXZ 3, L_0x55891107b3a0, L_0x7f62dc4f7d98, L_0x55891107aa10, C4<>;
L_0x55891107ba10 .functor MUXZ 3, L_0x55891107b560, L_0x7f62dc4f7d08, L_0x55891107a540, C4<>;
L_0x55891107bba0 .functor MUXZ 3, L_0x55891107ba10, L_0x7f62dc4f7c78, L_0x55891107a080, C4<>;
L_0x55891107c060 .functor MUXZ 3, L_0x55891107bba0, L_0x7f62dc4f7be8, L_0x558911079bd0, C4<>;
L_0x55891107c1f0 .functor MUXZ 3, L_0x55891107c060, L_0x7f62dc4f7b58, L_0x558911079730, C4<>;
L_0x55891107c6c0 .functor MUXZ 3, L_0x55891107c1f0, L_0x7f62dc4f7ac8, L_0x5589110792a0, C4<>;
L_0x55891107c890 .part L_0x558911080db0, 2, 1;
L_0x55891107cc80 .part L_0x558911080db0, 1, 1;
L_0x55891107cd70 .part L_0x558911080db0, 0, 1;
L_0x55891107d170 .part v0x558911068440_0, 5, 3;
L_0x55891107d210 .cmp/eq 3, L_0x55891107d170, L_0x7f62dc4f7eb8;
L_0x55891107d6c0 .part v0x558911068440_0, 5, 3;
L_0x55891107d760 .cmp/eq 3, L_0x55891107d6c0, L_0x7f62dc4f7f48;
L_0x55891107dc20 .part v0x558911068440_0, 5, 3;
L_0x55891107dcc0 .cmp/eq 3, L_0x55891107dc20, L_0x7f62dc4f7fd8;
L_0x55891107e190 .part v0x558911068440_0, 5, 3;
L_0x55891107e230 .cmp/eq 3, L_0x55891107e190, L_0x7f62dc4f8068;
L_0x55891107e710 .part v0x558911068440_0, 5, 3;
L_0x55891107e7b0 .cmp/eq 3, L_0x55891107e710, L_0x7f62dc4f80f8;
L_0x55891107eca0 .part v0x558911068440_0, 5, 3;
L_0x55891107ed40 .cmp/eq 3, L_0x55891107eca0, L_0x7f62dc4f8188;
L_0x55891107f240 .part v0x558911068440_0, 5, 3;
L_0x55891107f310 .cmp/eq 3, L_0x55891107f240, L_0x7f62dc4f8218;
L_0x55891107f850 .functor MUXZ 3, L_0x7f62dc4f82a8, L_0x7f62dc4f8260, L_0x55891107f310, C4<>;
L_0x55891107fa10 .functor MUXZ 3, L_0x55891107f850, L_0x7f62dc4f81d0, L_0x55891107ed40, C4<>;
L_0x55891107ff80 .functor MUXZ 3, L_0x55891107fa10, L_0x7f62dc4f8140, L_0x55891107e7b0, C4<>;
L_0x558911080110 .functor MUXZ 3, L_0x55891107ff80, L_0x7f62dc4f80b0, L_0x55891107e230, C4<>;
L_0x558911080690 .functor MUXZ 3, L_0x558911080110, L_0x7f62dc4f8020, L_0x55891107dcc0, C4<>;
L_0x558911080820 .functor MUXZ 3, L_0x558911080690, L_0x7f62dc4f7f90, L_0x55891107d760, C4<>;
L_0x558911080db0 .functor MUXZ 3, L_0x558911080820, L_0x7f62dc4f7f00, L_0x55891107d210, C4<>;
L_0x558911080f80 .part L_0x558911083250, 2, 1;
L_0x558911081430 .part L_0x558911083250, 1, 1;
L_0x558911081520 .part L_0x558911083250, 0, 1;
L_0x5589110819e0 .part v0x558911068440_0, 7, 3;
L_0x558911081a80 .cmp/eq 3, L_0x5589110819e0, L_0x7f62dc4f82f0;
L_0x5589110815c0 .part v0x558911068440_0, 7, 3;
L_0x558911081660 .cmp/eq 3, L_0x5589110815c0, L_0x7f62dc4f8380;
L_0x5589110817a0 .part v0x558911068440_0, 7, 3;
L_0x558911081840 .cmp/eq 3, L_0x5589110817a0, L_0x7f62dc4f8410;
L_0x558911082010 .part v0x558911068440_0, 7, 3;
L_0x5589110820b0 .cmp/eq 3, L_0x558911082010, L_0x7f62dc4f84a0;
L_0x558911081bc0 .part v0x558911068440_0, 7, 3;
L_0x558911081c60 .cmp/eq 3, L_0x558911081bc0, L_0x7f62dc4f8530;
L_0x558911081da0 .part v0x558911068440_0, 7, 3;
L_0x558911081e40 .cmp/eq 3, L_0x558911081da0, L_0x7f62dc4f85c0;
L_0x558911082620 .part v0x558911068440_0, 7, 3;
L_0x5589110826c0 .cmp/eq 3, L_0x558911082620, L_0x7f62dc4f8650;
L_0x5589110821a0 .functor MUXZ 3, L_0x7f62dc4f86e0, L_0x7f62dc4f8698, L_0x5589110826c0, C4<>;
L_0x558911082330 .functor MUXZ 3, L_0x5589110821a0, L_0x7f62dc4f8608, L_0x558911081e40, C4<>;
L_0x5589110824c0 .functor MUXZ 3, L_0x558911082330, L_0x7f62dc4f8578, L_0x558911081c60, C4<>;
L_0x558911082cf0 .functor MUXZ 3, L_0x5589110824c0, L_0x7f62dc4f84e8, L_0x5589110820b0, C4<>;
L_0x5589110828f0 .functor MUXZ 3, L_0x558911082cf0, L_0x7f62dc4f8458, L_0x558911081840, C4<>;
L_0x558911082a80 .functor MUXZ 3, L_0x5589110828f0, L_0x7f62dc4f83c8, L_0x558911081660, C4<>;
L_0x558911083250 .functor MUXZ 3, L_0x558911082a80, L_0x7f62dc4f8338, L_0x558911081a80, C4<>;
L_0x558911083390 .part L_0x558911084750, 2, 1;
L_0x558911082d90 .part L_0x558911084750, 1, 1;
L_0x558911082e80 .part L_0x558911084750, 0, 1;
L_0x558911082f20 .part v0x558911068440_0, 9, 3;
L_0x558911082fc0 .cmp/eq 3, L_0x558911082f20, L_0x7f62dc4f8728;
L_0x558911083100 .part v0x558911068440_0, 9, 3;
L_0x5589110831a0 .cmp/eq 3, L_0x558911083100, L_0x7f62dc4f87b8;
L_0x558911083430 .part v0x558911068440_0, 9, 3;
L_0x5589110834d0 .cmp/eq 3, L_0x558911083430, L_0x7f62dc4f8848;
L_0x558911083610 .part v0x558911068440_0, 9, 3;
L_0x5589110836b0 .cmp/eq 3, L_0x558911083610, L_0x7f62dc4f88d8;
L_0x5589110837f0 .part v0x558911068440_0, 9, 3;
L_0x558911083ee0 .cmp/eq 3, L_0x5589110837f0, L_0x7f62dc4f8968;
L_0x5589110839c0 .part v0x558911068440_0, 9, 3;
L_0x558911083a90 .cmp/eq 3, L_0x5589110839c0, L_0x7f62dc4f89f8;
L_0x558911083c00 .part v0x558911068440_0, 9, 3;
L_0x558911083cd0 .cmp/eq 3, L_0x558911083c00, L_0x7f62dc4f8a88;
L_0x558911083e40 .functor MUXZ 3, L_0x7f62dc4f8b18, L_0x7f62dc4f8ad0, L_0x558911083cd0, C4<>;
L_0x5589110845c0 .functor MUXZ 3, L_0x558911083e40, L_0x7f62dc4f8a40, L_0x558911083a90, C4<>;
L_0x558911084070 .functor MUXZ 3, L_0x5589110845c0, L_0x7f62dc4f89b0, L_0x558911083ee0, C4<>;
L_0x558911084200 .functor MUXZ 3, L_0x558911084070, L_0x7f62dc4f8920, L_0x5589110836b0, C4<>;
L_0x558911084390 .functor MUXZ 3, L_0x558911084200, L_0x7f62dc4f8890, L_0x5589110834d0, C4<>;
L_0x558911084c20 .functor MUXZ 3, L_0x558911084390, L_0x7f62dc4f8800, L_0x5589110831a0, C4<>;
L_0x558911084750 .functor MUXZ 3, L_0x558911084c20, L_0x7f62dc4f8770, L_0x558911082fc0, C4<>;
L_0x558911084920 .part L_0x558911086300, 2, 1;
L_0x5589110849c0 .part L_0x558911086300, 1, 1;
L_0x558911084ab0 .part L_0x558911086300, 0, 1;
L_0x558911085260 .part v0x558911068440_0, 11, 3;
L_0x558911085300 .cmp/eq 3, L_0x558911085260, L_0x7f62dc4f8b60;
L_0x558911084cc0 .part v0x558911068440_0, 11, 3;
L_0x558911084d60 .cmp/eq 3, L_0x558911084cc0, L_0x7f62dc4f8bf0;
L_0x558911084ea0 .part v0x558911068440_0, 11, 3;
L_0x558911084f40 .cmp/eq 3, L_0x558911084ea0, L_0x7f62dc4f8c80;
L_0x558911085080 .part v0x558911068440_0, 11, 3;
L_0x558911085120 .cmp/eq 3, L_0x558911085080, L_0x7f62dc4f8d10;
L_0x5589110859d0 .part v0x558911068440_0, 11, 3;
L_0x558911085a70 .cmp/eq 3, L_0x5589110859d0, L_0x7f62dc4f8da0;
L_0x5589110853f0 .part v0x558911068440_0, 11, 3;
L_0x558911085490 .cmp/eq 3, L_0x5589110853f0, L_0x7f62dc4f8e30;
L_0x5589110855d0 .part v0x558911068440_0, 11, 3;
L_0x5589110856a0 .cmp/eq 3, L_0x5589110855d0, L_0x7f62dc4f8ec0;
L_0x558911085810 .functor MUXZ 3, L_0x7f62dc4f8f50, L_0x7f62dc4f8f08, L_0x5589110856a0, C4<>;
L_0x5589110861c0 .functor MUXZ 3, L_0x558911085810, L_0x7f62dc4f8e78, L_0x558911085490, C4<>;
L_0x558911085ca0 .functor MUXZ 3, L_0x5589110861c0, L_0x7f62dc4f8de8, L_0x558911085a70, C4<>;
L_0x558911085e30 .functor MUXZ 3, L_0x558911085ca0, L_0x7f62dc4f8d58, L_0x558911085120, C4<>;
L_0x558911085fc0 .functor MUXZ 3, L_0x558911085e30, L_0x7f62dc4f8cc8, L_0x558911084f40, C4<>;
L_0x558911086890 .functor MUXZ 3, L_0x558911085fc0, L_0x7f62dc4f8c38, L_0x558911084d60, C4<>;
L_0x558911086300 .functor MUXZ 3, L_0x558911086890, L_0x7f62dc4f8ba8, L_0x558911085300, C4<>;
LS_0x5589110864d0_0_0 .concat8 [ 1 1 1 1], L_0x558911071c40, L_0x558911075430, L_0x558911078890, L_0x55891107c890;
LS_0x5589110864d0_0_4 .concat8 [ 1 1 1 1], L_0x558911080f80, L_0x558911083390, L_0x558911084920, L_0x558911086930;
L_0x5589110864d0 .concat8 [ 4 4 0 0], LS_0x5589110864d0_0_0, LS_0x5589110864d0_0_4;
LS_0x5589110867f0_0_0 .concat8 [ 1 1 1 1], L_0x558911071ce0, L_0x5589110756a0, L_0x558911078bc0, L_0x55891107cc80;
LS_0x5589110867f0_0_4 .concat8 [ 1 1 1 1], L_0x558911081430, L_0x558911082d90, L_0x5589110849c0, L_0x558911086a20;
L_0x5589110867f0 .concat8 [ 4 4 0 0], LS_0x5589110867f0_0_0, LS_0x5589110867f0_0_4;
LS_0x558911087200_0_0 .concat8 [ 1 1 1 1], L_0x558911071eb0, L_0x558911075790, L_0x558911078cb0, L_0x55891107cd70;
LS_0x558911087200_0_4 .concat8 [ 1 1 1 1], L_0x558911081520, L_0x558911082e80, L_0x558911084ab0, L_0x558911086b60;
L_0x558911087200 .concat8 [ 4 4 0 0], LS_0x558911087200_0_0, LS_0x558911087200_0_4;
L_0x558911086930 .part L_0x558911088730, 2, 1;
L_0x558911086a20 .part L_0x558911088730, 1, 1;
L_0x558911086b60 .part L_0x558911088730, 0, 1;
L_0x558911086c50 .part v0x558911068440_0, 13, 3;
L_0x558911086cf0 .cmp/eq 3, L_0x558911086c50, L_0x7f62dc4f8f98;
L_0x558911086e30 .part v0x558911068440_0, 13, 3;
L_0x558911086ed0 .cmp/eq 3, L_0x558911086e30, L_0x7f62dc4f9028;
L_0x558911087c50 .part v0x558911068440_0, 13, 3;
L_0x558911087520 .cmp/eq 3, L_0x558911087c50, L_0x7f62dc4f90b8;
L_0x558911087660 .part v0x558911068440_0, 13, 3;
L_0x558911087700 .cmp/eq 3, L_0x558911087660, L_0x7f62dc4f9148;
L_0x558911087840 .part v0x558911068440_0, 13, 3;
L_0x5589110878e0 .cmp/eq 3, L_0x558911087840, L_0x7f62dc4f91d8;
L_0x558911087a20 .part v0x558911068440_0, 13, 3;
L_0x558911087ac0 .cmp/eq 3, L_0x558911087a20, L_0x7f62dc4f9268;
L_0x558911088410 .part v0x558911068440_0, 13, 3;
L_0x558911087cf0 .cmp/eq 3, L_0x558911088410, L_0x7f62dc4f92f8;
L_0x558911087e30 .functor MUXZ 3, L_0x7f62dc4f9388, L_0x7f62dc4f9340, L_0x558911087cf0, C4<>;
L_0x558911087fc0 .functor MUXZ 3, L_0x558911087e30, L_0x7f62dc4f92b0, L_0x558911087ac0, C4<>;
L_0x558911088150 .functor MUXZ 3, L_0x558911087fc0, L_0x7f62dc4f9220, L_0x5589110878e0, C4<>;
L_0x5589110882e0 .functor MUXZ 3, L_0x558911088150, L_0x7f62dc4f9190, L_0x558911087700, C4<>;
L_0x558911088ca0 .functor MUXZ 3, L_0x5589110882e0, L_0x7f62dc4f9100, L_0x558911087520, C4<>;
L_0x5589110885a0 .functor MUXZ 3, L_0x558911088ca0, L_0x7f62dc4f9070, L_0x558911086ed0, C4<>;
L_0x558911088730 .functor MUXZ 3, L_0x5589110885a0, L_0x7f62dc4f8fe0, L_0x558911086cf0, C4<>;
L_0x558911088900 .part L_0x558911069580, 15, 1;
LS_0x5589110889f0_0_0 .concat [ 1 1 1 1], L_0x558911088900, L_0x558911088900, L_0x558911088900, L_0x558911088900;
LS_0x5589110889f0_0_4 .concat [ 1 1 1 1], L_0x558911088900, L_0x558911088900, L_0x558911088900, L_0x558911088900;
LS_0x5589110889f0_0_8 .concat [ 1 1 1 1], L_0x558911088900, L_0x558911088900, L_0x558911088900, L_0x558911088900;
LS_0x5589110889f0_0_12 .concat [ 1 1 1 1], L_0x558911088900, L_0x558911088900, L_0x558911088900, L_0x558911088900;
LS_0x5589110889f0_0_16 .concat [ 1 0 0 0], L_0x558911088900;
LS_0x5589110889f0_1_0 .concat [ 4 4 4 4], LS_0x5589110889f0_0_0, LS_0x5589110889f0_0_4, LS_0x5589110889f0_0_8, LS_0x5589110889f0_0_12;
LS_0x5589110889f0_1_4 .concat [ 1 0 0 0], LS_0x5589110889f0_0_16;
L_0x5589110889f0 .concat [ 16 1 0 0], LS_0x5589110889f0_1_0, LS_0x5589110889f0_1_4;
L_0x558911088d40 .part L_0x558911069580, 1, 15;
L_0x558911088de0 .part L_0x558911069580, 0, 1;
L_0x558911088e80 .part v0x558911068440_0, 1, 1;
L_0x558911088f90 .concat [ 1 15 17 0], L_0x558911088f20, L_0x558911088d40, L_0x5589110889f0;
L_0x558911089120 .concat [ 33 16 0 0], L_0x558911088f90, L_0x7f62dc4f93d0;
L_0x558911089260 .part L_0x55891106a8b0, 15, 1;
LS_0x558911089350_0_0 .concat [ 1 1 1 1], L_0x558911089260, L_0x558911089260, L_0x558911089260, L_0x558911089260;
LS_0x558911089350_0_4 .concat [ 1 1 1 1], L_0x558911089260, L_0x558911089260, L_0x558911089260, L_0x558911089260;
LS_0x558911089350_0_8 .concat [ 1 1 1 1], L_0x558911089260, L_0x558911089260, L_0x558911089260, L_0x558911089260;
LS_0x558911089350_0_12 .concat [ 1 1 1 1], L_0x558911089260, L_0x558911089260, L_0x558911089260, L_0x558911089260;
LS_0x558911089350_0_16 .concat [ 1 0 0 0], L_0x558911089260;
LS_0x558911089350_1_0 .concat [ 4 4 4 4], LS_0x558911089350_0_0, LS_0x558911089350_0_4, LS_0x558911089350_0_8, LS_0x558911089350_0_12;
LS_0x558911089350_1_4 .concat [ 1 0 0 0], LS_0x558911089350_0_16;
L_0x558911089350 .concat [ 16 1 0 0], LS_0x558911089350_1_0, LS_0x558911089350_1_4;
L_0x558911089670 .part L_0x55891106a8b0, 1, 15;
L_0x558911089710 .part L_0x55891106a8b0, 0, 1;
L_0x5589110897b0 .part v0x558911068440_0, 3, 1;
L_0x558911089850 .concat [ 2 1 15 17], L_0x7f62dc4f9418, L_0x5589110893f0, L_0x558911089670, L_0x558911089350;
L_0x558911089a30 .concat [ 35 14 0 0], L_0x558911089850, L_0x7f62dc4f9460;
L_0x558911089b70 .part L_0x55891106baf0, 15, 1;
LS_0x558911099ca0_0_0 .concat [ 1 1 1 1], L_0x558911089b70, L_0x558911089b70, L_0x558911089b70, L_0x558911089b70;
LS_0x558911099ca0_0_4 .concat [ 1 1 1 1], L_0x558911089b70, L_0x558911089b70, L_0x558911089b70, L_0x558911089b70;
LS_0x558911099ca0_0_8 .concat [ 1 1 1 1], L_0x558911089b70, L_0x558911089b70, L_0x558911089b70, L_0x558911089b70;
LS_0x558911099ca0_0_12 .concat [ 1 1 1 1], L_0x558911089b70, L_0x558911089b70, L_0x558911089b70, L_0x558911089b70;
LS_0x558911099ca0_0_16 .concat [ 1 0 0 0], L_0x558911089b70;
LS_0x558911099ca0_1_0 .concat [ 4 4 4 4], LS_0x558911099ca0_0_0, LS_0x558911099ca0_0_4, LS_0x558911099ca0_0_8, LS_0x558911099ca0_0_12;
LS_0x558911099ca0_1_4 .concat [ 1 0 0 0], LS_0x558911099ca0_0_16;
L_0x558911099ca0 .concat [ 16 1 0 0], LS_0x558911099ca0_1_0, LS_0x558911099ca0_1_4;
L_0x55891109a0d0 .part L_0x55891106baf0, 1, 15;
L_0x55891109a170 .part L_0x55891106baf0, 0, 1;
L_0x55891109a210 .part v0x558911068440_0, 5, 1;
L_0x55891109a320 .concat [ 4 1 15 17], L_0x7f62dc4f94a8, L_0x55891109a2b0, L_0x55891109a0d0, L_0x558911099ca0;
L_0x55891109abe0 .concat [ 37 12 0 0], L_0x55891109a320, L_0x7f62dc4f94f0;
L_0x55891109ad20 .part L_0x55891106cd90, 15, 1;
LS_0x55891109ae10_0_0 .concat [ 1 1 1 1], L_0x55891109ad20, L_0x55891109ad20, L_0x55891109ad20, L_0x55891109ad20;
LS_0x55891109ae10_0_4 .concat [ 1 1 1 1], L_0x55891109ad20, L_0x55891109ad20, L_0x55891109ad20, L_0x55891109ad20;
LS_0x55891109ae10_0_8 .concat [ 1 1 1 1], L_0x55891109ad20, L_0x55891109ad20, L_0x55891109ad20, L_0x55891109ad20;
LS_0x55891109ae10_0_12 .concat [ 1 1 1 1], L_0x55891109ad20, L_0x55891109ad20, L_0x55891109ad20, L_0x55891109ad20;
LS_0x55891109ae10_0_16 .concat [ 1 0 0 0], L_0x55891109ad20;
LS_0x55891109ae10_1_0 .concat [ 4 4 4 4], LS_0x55891109ae10_0_0, LS_0x55891109ae10_0_4, LS_0x55891109ae10_0_8, LS_0x55891109ae10_0_12;
LS_0x55891109ae10_1_4 .concat [ 1 0 0 0], LS_0x55891109ae10_0_16;
L_0x55891109ae10 .concat [ 16 1 0 0], LS_0x55891109ae10_1_0, LS_0x55891109ae10_1_4;
L_0x55891109b240 .part L_0x55891106cd90, 1, 15;
L_0x55891109b2e0 .part L_0x55891106cd90, 0, 1;
L_0x55891109bcb0 .part v0x558911068440_0, 7, 1;
L_0x55891109b540 .concat [ 6 1 15 17], L_0x7f62dc4f9538, L_0x55891109b4d0, L_0x55891109b240, L_0x55891109ae10;
L_0x55891109b720 .concat [ 39 10 0 0], L_0x55891109b540, L_0x7f62dc4f9580;
L_0x55891109b860 .part L_0x55891106df90, 15, 1;
LS_0x55891109b950_0_0 .concat [ 1 1 1 1], L_0x55891109b860, L_0x55891109b860, L_0x55891109b860, L_0x55891109b860;
LS_0x55891109b950_0_4 .concat [ 1 1 1 1], L_0x55891109b860, L_0x55891109b860, L_0x55891109b860, L_0x55891109b860;
LS_0x55891109b950_0_8 .concat [ 1 1 1 1], L_0x55891109b860, L_0x55891109b860, L_0x55891109b860, L_0x55891109b860;
LS_0x55891109b950_0_12 .concat [ 1 1 1 1], L_0x55891109b860, L_0x55891109b860, L_0x55891109b860, L_0x55891109b860;
LS_0x55891109b950_0_16 .concat [ 1 0 0 0], L_0x55891109b860;
LS_0x55891109b950_1_0 .concat [ 4 4 4 4], LS_0x55891109b950_0_0, LS_0x55891109b950_0_4, LS_0x55891109b950_0_8, LS_0x55891109b950_0_12;
LS_0x55891109b950_1_4 .concat [ 1 0 0 0], LS_0x55891109b950_0_16;
L_0x55891109b950 .concat [ 16 1 0 0], LS_0x55891109b950_1_0, LS_0x55891109b950_1_4;
L_0x55891109bb70 .part L_0x55891106df90, 1, 15;
L_0x55891109bc10 .part L_0x55891106df90, 0, 1;
L_0x55891109bd50 .part v0x558911068440_0, 9, 1;
L_0x55891109be60 .concat [ 8 1 15 17], L_0x7f62dc4f95c8, L_0x55891109bdf0, L_0x55891109bb70, L_0x55891109b950;
L_0x55891109c040 .concat [ 41 8 0 0], L_0x55891109be60, L_0x7f62dc4f9610;
L_0x55891109c180 .part L_0x55891106f220, 15, 1;
LS_0x55891109c270_0_0 .concat [ 1 1 1 1], L_0x55891109c180, L_0x55891109c180, L_0x55891109c180, L_0x55891109c180;
LS_0x55891109c270_0_4 .concat [ 1 1 1 1], L_0x55891109c180, L_0x55891109c180, L_0x55891109c180, L_0x55891109c180;
LS_0x55891109c270_0_8 .concat [ 1 1 1 1], L_0x55891109c180, L_0x55891109c180, L_0x55891109c180, L_0x55891109c180;
LS_0x55891109c270_0_12 .concat [ 1 1 1 1], L_0x55891109c180, L_0x55891109c180, L_0x55891109c180, L_0x55891109c180;
LS_0x55891109c270_0_16 .concat [ 1 0 0 0], L_0x55891109c180;
LS_0x55891109c270_1_0 .concat [ 4 4 4 4], LS_0x55891109c270_0_0, LS_0x55891109c270_0_4, LS_0x55891109c270_0_8, LS_0x55891109c270_0_12;
LS_0x55891109c270_1_4 .concat [ 1 0 0 0], LS_0x55891109c270_0_16;
L_0x55891109c270 .concat [ 16 1 0 0], LS_0x55891109c270_1_0, LS_0x55891109c270_1_4;
L_0x55891109c490 .part L_0x55891106f220, 1, 15;
L_0x55891109c760 .part L_0x55891106f220, 0, 1;
L_0x55891109c800 .part v0x558911068440_0, 11, 1;
L_0x55891109c910 .concat [ 10 1 15 17], L_0x7f62dc4f9658, L_0x55891109c8a0, L_0x55891109c490, L_0x55891109c270;
L_0x55891109caf0 .concat [ 43 6 0 0], L_0x55891109c910, L_0x7f62dc4f96a0;
L_0x55891109cc30 .part L_0x558911070420, 15, 1;
LS_0x55891109cd20_0_0 .concat [ 1 1 1 1], L_0x55891109cc30, L_0x55891109cc30, L_0x55891109cc30, L_0x55891109cc30;
LS_0x55891109cd20_0_4 .concat [ 1 1 1 1], L_0x55891109cc30, L_0x55891109cc30, L_0x55891109cc30, L_0x55891109cc30;
LS_0x55891109cd20_0_8 .concat [ 1 1 1 1], L_0x55891109cc30, L_0x55891109cc30, L_0x55891109cc30, L_0x55891109cc30;
LS_0x55891109cd20_0_12 .concat [ 1 1 1 1], L_0x55891109cc30, L_0x55891109cc30, L_0x55891109cc30, L_0x55891109cc30;
LS_0x55891109cd20_0_16 .concat [ 1 0 0 0], L_0x55891109cc30;
LS_0x55891109cd20_1_0 .concat [ 4 4 4 4], LS_0x55891109cd20_0_0, LS_0x55891109cd20_0_4, LS_0x55891109cd20_0_8, LS_0x55891109cd20_0_12;
LS_0x55891109cd20_1_4 .concat [ 1 0 0 0], LS_0x55891109cd20_0_16;
L_0x55891109cd20 .concat [ 16 1 0 0], LS_0x55891109cd20_1_0, LS_0x55891109cd20_1_4;
L_0x55891109d1b0 .part L_0x558911070420, 1, 15;
L_0x55891109d250 .part L_0x558911070420, 0, 1;
L_0x55891109d2f0 .part v0x558911068440_0, 13, 1;
L_0x55891109d400 .concat [ 12 1 15 17], L_0x7f62dc4f96e8, L_0x55891109d390, L_0x55891109d1b0, L_0x55891109cd20;
L_0x55891109d5e0 .concat [ 45 4 0 0], L_0x55891109d400, L_0x7f62dc4f9730;
L_0x55891109d720 .part L_0x558911071b30, 15, 1;
LS_0x55891109d810_0_0 .concat [ 1 1 1 1], L_0x55891109d720, L_0x55891109d720, L_0x55891109d720, L_0x55891109d720;
LS_0x55891109d810_0_4 .concat [ 1 1 1 1], L_0x55891109d720, L_0x55891109d720, L_0x55891109d720, L_0x55891109d720;
LS_0x55891109d810_0_8 .concat [ 1 1 1 1], L_0x55891109d720, L_0x55891109d720, L_0x55891109d720, L_0x55891109d720;
LS_0x55891109d810_0_12 .concat [ 1 1 1 1], L_0x55891109d720, L_0x55891109d720, L_0x55891109d720, L_0x55891109d720;
LS_0x55891109d810_0_16 .concat [ 1 0 0 0], L_0x55891109d720;
LS_0x55891109d810_1_0 .concat [ 4 4 4 4], LS_0x55891109d810_0_0, LS_0x55891109d810_0_4, LS_0x55891109d810_0_8, LS_0x55891109d810_0_12;
LS_0x55891109d810_1_4 .concat [ 1 0 0 0], LS_0x55891109d810_0_16;
L_0x55891109d810 .concat [ 16 1 0 0], LS_0x55891109d810_1_0, LS_0x55891109d810_1_4;
L_0x55891109ded0 .part L_0x558911071b30, 1, 15;
L_0x55891109df70 .part L_0x558911071b30, 0, 1;
L_0x55891109e010 .part v0x558911068440_0, 15, 1;
L_0x55891109e170 .concat [ 14 1 15 17], L_0x7f62dc4f9778, L_0x55891109e0b0, L_0x55891109ded0, L_0x55891109d810;
L_0x55891109e350 .concat [ 47 2 0 0], L_0x55891109e170, L_0x7f62dc4f97c0;
L_0x55891109f5b0 .arith/sum 49, L_0x558911089120, L_0x558911089a30;
L_0x55891109f6a0 .arith/sum 49, L_0x55891109f5b0, L_0x55891109abe0;
L_0x55891109ecd0 .arith/sum 49, L_0x55891109f6a0, L_0x55891109b720;
L_0x55891109ee10 .arith/sum 49, L_0x55891109ecd0, L_0x55891109c040;
L_0x55891109ef50 .arith/sum 49, L_0x55891109ee10, L_0x55891109caf0;
L_0x55891109f090 .arith/sum 49, L_0x55891109ef50, L_0x55891109d5e0;
L_0x55891109f1d0 .arith/sum 49, L_0x55891109f090, L_0x55891109e350;
L_0x55891109f310 .part L_0x55891109f1d0, 0, 32;
S_0x55891102d700 .scope generate, "neg_zero[0]" "neg_zero[0]" 3 60, 3 60 0, S_0x558910f82810;
 .timescale 0 0;
P_0x558910f848c0 .param/l "j1" 0 3 60, +C4<00>;
L_0x55891102e4f0 .functor NOT 16, v0x558911068380_0, C4<0000000000000000>, C4<0000000000000000>, C4<0000000000000000>;
L_0x558911031150 .functor AND 16, L_0x55891102e4f0, L_0x558911068780, C4<1111111111111111>, C4<1111111111111111>;
L_0x558911068a70 .functor NOT 1, L_0x558911068980, C4<0>, C4<0>, C4<0>;
L_0x558911068ec0 .functor AND 16, v0x558911068380_0, L_0x558911068b30, C4<1111111111111111>, C4<1111111111111111>;
L_0x558911069000 .functor NOT 1, L_0x558911068f60, C4<0>, C4<0>, C4<0>;
L_0x558911069480 .functor AND 16, L_0x558911068ec0, L_0x5589110690f0, C4<1111111111111111>, C4<1111111111111111>;
L_0x558911069580 .functor OR 16, L_0x558911031150, L_0x558911069480, C4<0000000000000000>, C4<0000000000000000>;
v0x5589110312c0_0 .net *"_s1", 15 0, L_0x55891102e4f0;  1 drivers
v0x558911031360_0 .net *"_s10", 0 0, L_0x558911068a70;  1 drivers
v0x55891104a350_0 .net *"_s12", 15 0, L_0x558911068b30;  1 drivers
v0x55891104a410_0 .net *"_s14", 15 0, L_0x558911068ec0;  1 drivers
v0x55891104a4f0_0 .net *"_s16", 0 0, L_0x558911068f60;  1 drivers
v0x55891104a620_0 .net *"_s17", 0 0, L_0x558911069000;  1 drivers
v0x55891104a700_0 .net *"_s19", 15 0, L_0x5589110690f0;  1 drivers
v0x55891104a7e0_0 .net *"_s3", 0 0, L_0x5589110686e0;  1 drivers
v0x55891104a8c0_0 .net *"_s4", 15 0, L_0x558911068780;  1 drivers
v0x55891104a9a0_0 .net *"_s9", 0 0, L_0x558911068980;  1 drivers
LS_0x558911068780_0_0 .concat [ 1 1 1 1], L_0x5589110686e0, L_0x5589110686e0, L_0x5589110686e0, L_0x5589110686e0;
LS_0x558911068780_0_4 .concat [ 1 1 1 1], L_0x5589110686e0, L_0x5589110686e0, L_0x5589110686e0, L_0x5589110686e0;
LS_0x558911068780_0_8 .concat [ 1 1 1 1], L_0x5589110686e0, L_0x5589110686e0, L_0x5589110686e0, L_0x5589110686e0;
LS_0x558911068780_0_12 .concat [ 1 1 1 1], L_0x5589110686e0, L_0x5589110686e0, L_0x5589110686e0, L_0x5589110686e0;
L_0x558911068780 .concat [ 4 4 4 4], LS_0x558911068780_0_0, LS_0x558911068780_0_4, LS_0x558911068780_0_8, LS_0x558911068780_0_12;
LS_0x558911068b30_0_0 .concat [ 1 1 1 1], L_0x558911068a70, L_0x558911068a70, L_0x558911068a70, L_0x558911068a70;
LS_0x558911068b30_0_4 .concat [ 1 1 1 1], L_0x558911068a70, L_0x558911068a70, L_0x558911068a70, L_0x558911068a70;
LS_0x558911068b30_0_8 .concat [ 1 1 1 1], L_0x558911068a70, L_0x558911068a70, L_0x558911068a70, L_0x558911068a70;
LS_0x558911068b30_0_12 .concat [ 1 1 1 1], L_0x558911068a70, L_0x558911068a70, L_0x558911068a70, L_0x558911068a70;
L_0x558911068b30 .concat [ 4 4 4 4], LS_0x558911068b30_0_0, LS_0x558911068b30_0_4, LS_0x558911068b30_0_8, LS_0x558911068b30_0_12;
LS_0x5589110690f0_0_0 .concat [ 1 1 1 1], L_0x558911069000, L_0x558911069000, L_0x558911069000, L_0x558911069000;
LS_0x5589110690f0_0_4 .concat [ 1 1 1 1], L_0x558911069000, L_0x558911069000, L_0x558911069000, L_0x558911069000;
LS_0x5589110690f0_0_8 .concat [ 1 1 1 1], L_0x558911069000, L_0x558911069000, L_0x558911069000, L_0x558911069000;
LS_0x5589110690f0_0_12 .concat [ 1 1 1 1], L_0x558911069000, L_0x558911069000, L_0x558911069000, L_0x558911069000;
L_0x5589110690f0 .concat [ 4 4 4 4], LS_0x5589110690f0_0_0, LS_0x5589110690f0_0_4, LS_0x5589110690f0_0_8, LS_0x5589110690f0_0_12;
S_0x55891104aa80 .scope generate, "neg_zero[1]" "neg_zero[1]" 3 60, 3 60 0, S_0x558910f82810;
 .timescale 0 0;
P_0x55891104ac40 .param/l "j1" 0 3 60, +C4<01>;
L_0x558911069690 .functor NOT 16, v0x558911068380_0, C4<0000000000000000>, C4<0000000000000000>, C4<0000000000000000>;
L_0x558911069ba0 .functor AND 16, L_0x558911069690, L_0x5589110697d0, C4<1111111111111111>, C4<1111111111111111>;
L_0x558911069d00 .functor NOT 1, L_0x558911069c60, C4<0>, C4<0>, C4<0>;
L_0x55891106a190 .functor AND 16, v0x558911068380_0, L_0x558911069d70, C4<1111111111111111>, C4<1111111111111111>;
L_0x55891106a360 .functor NOT 1, L_0x55891106a230, C4<0>, C4<0>, C4<0>;
L_0x55891106a7b0 .functor AND 16, L_0x55891106a190, L_0x55891106a420, C4<1111111111111111>, C4<1111111111111111>;
L_0x55891106a8b0 .functor OR 16, L_0x558911069ba0, L_0x55891106a7b0, C4<0000000000000000>, C4<0000000000000000>;
v0x55891104ad00_0 .net *"_s1", 15 0, L_0x558911069690;  1 drivers
v0x55891104ade0_0 .net *"_s10", 0 0, L_0x558911069d00;  1 drivers
v0x55891104aec0_0 .net *"_s12", 15 0, L_0x558911069d70;  1 drivers
v0x55891104af80_0 .net *"_s14", 15 0, L_0x55891106a190;  1 drivers
v0x55891104b060_0 .net *"_s16", 0 0, L_0x55891106a230;  1 drivers
v0x55891104b190_0 .net *"_s17", 0 0, L_0x55891106a360;  1 drivers
v0x55891104b270_0 .net *"_s19", 15 0, L_0x55891106a420;  1 drivers
v0x55891104b350_0 .net *"_s3", 0 0, L_0x558911069700;  1 drivers
v0x55891104b430_0 .net *"_s4", 15 0, L_0x5589110697d0;  1 drivers
v0x55891104b5a0_0 .net *"_s9", 0 0, L_0x558911069c60;  1 drivers
LS_0x5589110697d0_0_0 .concat [ 1 1 1 1], L_0x558911069700, L_0x558911069700, L_0x558911069700, L_0x558911069700;
LS_0x5589110697d0_0_4 .concat [ 1 1 1 1], L_0x558911069700, L_0x558911069700, L_0x558911069700, L_0x558911069700;
LS_0x5589110697d0_0_8 .concat [ 1 1 1 1], L_0x558911069700, L_0x558911069700, L_0x558911069700, L_0x558911069700;
LS_0x5589110697d0_0_12 .concat [ 1 1 1 1], L_0x558911069700, L_0x558911069700, L_0x558911069700, L_0x558911069700;
L_0x5589110697d0 .concat [ 4 4 4 4], LS_0x5589110697d0_0_0, LS_0x5589110697d0_0_4, LS_0x5589110697d0_0_8, LS_0x5589110697d0_0_12;
LS_0x558911069d70_0_0 .concat [ 1 1 1 1], L_0x558911069d00, L_0x558911069d00, L_0x558911069d00, L_0x558911069d00;
LS_0x558911069d70_0_4 .concat [ 1 1 1 1], L_0x558911069d00, L_0x558911069d00, L_0x558911069d00, L_0x558911069d00;
LS_0x558911069d70_0_8 .concat [ 1 1 1 1], L_0x558911069d00, L_0x558911069d00, L_0x558911069d00, L_0x558911069d00;
LS_0x558911069d70_0_12 .concat [ 1 1 1 1], L_0x558911069d00, L_0x558911069d00, L_0x558911069d00, L_0x558911069d00;
L_0x558911069d70 .concat [ 4 4 4 4], LS_0x558911069d70_0_0, LS_0x558911069d70_0_4, LS_0x558911069d70_0_8, LS_0x558911069d70_0_12;
LS_0x55891106a420_0_0 .concat [ 1 1 1 1], L_0x55891106a360, L_0x55891106a360, L_0x55891106a360, L_0x55891106a360;
LS_0x55891106a420_0_4 .concat [ 1 1 1 1], L_0x55891106a360, L_0x55891106a360, L_0x55891106a360, L_0x55891106a360;
LS_0x55891106a420_0_8 .concat [ 1 1 1 1], L_0x55891106a360, L_0x55891106a360, L_0x55891106a360, L_0x55891106a360;
LS_0x55891106a420_0_12 .concat [ 1 1 1 1], L_0x55891106a360, L_0x55891106a360, L_0x55891106a360, L_0x55891106a360;
L_0x55891106a420 .concat [ 4 4 4 4], LS_0x55891106a420_0_0, LS_0x55891106a420_0_4, LS_0x55891106a420_0_8, LS_0x55891106a420_0_12;
S_0x55891104b680 .scope generate, "neg_zero[2]" "neg_zero[2]" 3 60, 3 60 0, S_0x558910f82810;
 .timescale 0 0;
P_0x55891104b820 .param/l "j1" 0 3 60, +C4<010>;
L_0x55891106a9c0 .functor NOT 16, v0x558911068380_0, C4<0000000000000000>, C4<0000000000000000>, C4<0000000000000000>;
L_0x55891106ae60 .functor AND 16, L_0x55891106a9c0, L_0x55891106aad0, C4<1111111111111111>, C4<1111111111111111>;
L_0x55891106b010 .functor NOT 1, L_0x55891106af20, C4<0>, C4<0>, C4<0>;
L_0x55891106b460 .functor AND 16, v0x558911068380_0, L_0x55891106b0d0, C4<1111111111111111>, C4<1111111111111111>;
L_0x55891106b5a0 .functor NOT 1, L_0x55891106b500, C4<0>, C4<0>, C4<0>;
L_0x55891106b9f0 .functor AND 16, L_0x55891106b460, L_0x55891106b660, C4<1111111111111111>, C4<1111111111111111>;
L_0x55891106baf0 .functor OR 16, L_0x55891106ae60, L_0x55891106b9f0, C4<0000000000000000>, C4<0000000000000000>;
v0x55891104b8e0_0 .net *"_s1", 15 0, L_0x55891106a9c0;  1 drivers
v0x55891104b9c0_0 .net *"_s10", 0 0, L_0x55891106b010;  1 drivers
v0x55891104baa0_0 .net *"_s12", 15 0, L_0x55891106b0d0;  1 drivers
v0x55891104bb60_0 .net *"_s14", 15 0, L_0x55891106b460;  1 drivers
v0x55891104bc40_0 .net *"_s16", 0 0, L_0x55891106b500;  1 drivers
v0x55891104bd70_0 .net *"_s17", 0 0, L_0x55891106b5a0;  1 drivers
v0x55891104be50_0 .net *"_s19", 15 0, L_0x55891106b660;  1 drivers
v0x55891104bf30_0 .net *"_s3", 0 0, L_0x55891106aa30;  1 drivers
v0x55891104c010_0 .net *"_s4", 15 0, L_0x55891106aad0;  1 drivers
v0x55891104c180_0 .net *"_s9", 0 0, L_0x55891106af20;  1 drivers
LS_0x55891106aad0_0_0 .concat [ 1 1 1 1], L_0x55891106aa30, L_0x55891106aa30, L_0x55891106aa30, L_0x55891106aa30;
LS_0x55891106aad0_0_4 .concat [ 1 1 1 1], L_0x55891106aa30, L_0x55891106aa30, L_0x55891106aa30, L_0x55891106aa30;
LS_0x55891106aad0_0_8 .concat [ 1 1 1 1], L_0x55891106aa30, L_0x55891106aa30, L_0x55891106aa30, L_0x55891106aa30;
LS_0x55891106aad0_0_12 .concat [ 1 1 1 1], L_0x55891106aa30, L_0x55891106aa30, L_0x55891106aa30, L_0x55891106aa30;
L_0x55891106aad0 .concat [ 4 4 4 4], LS_0x55891106aad0_0_0, LS_0x55891106aad0_0_4, LS_0x55891106aad0_0_8, LS_0x55891106aad0_0_12;
LS_0x55891106b0d0_0_0 .concat [ 1 1 1 1], L_0x55891106b010, L_0x55891106b010, L_0x55891106b010, L_0x55891106b010;
LS_0x55891106b0d0_0_4 .concat [ 1 1 1 1], L_0x55891106b010, L_0x55891106b010, L_0x55891106b010, L_0x55891106b010;
LS_0x55891106b0d0_0_8 .concat [ 1 1 1 1], L_0x55891106b010, L_0x55891106b010, L_0x55891106b010, L_0x55891106b010;
LS_0x55891106b0d0_0_12 .concat [ 1 1 1 1], L_0x55891106b010, L_0x55891106b010, L_0x55891106b010, L_0x55891106b010;
L_0x55891106b0d0 .concat [ 4 4 4 4], LS_0x55891106b0d0_0_0, LS_0x55891106b0d0_0_4, LS_0x55891106b0d0_0_8, LS_0x55891106b0d0_0_12;
LS_0x55891106b660_0_0 .concat [ 1 1 1 1], L_0x55891106b5a0, L_0x55891106b5a0, L_0x55891106b5a0, L_0x55891106b5a0;
LS_0x55891106b660_0_4 .concat [ 1 1 1 1], L_0x55891106b5a0, L_0x55891106b5a0, L_0x55891106b5a0, L_0x55891106b5a0;
LS_0x55891106b660_0_8 .concat [ 1 1 1 1], L_0x55891106b5a0, L_0x55891106b5a0, L_0x55891106b5a0, L_0x55891106b5a0;
LS_0x55891106b660_0_12 .concat [ 1 1 1 1], L_0x55891106b5a0, L_0x55891106b5a0, L_0x55891106b5a0, L_0x55891106b5a0;
L_0x55891106b660 .concat [ 4 4 4 4], LS_0x55891106b660_0_0, LS_0x55891106b660_0_4, LS_0x55891106b660_0_8, LS_0x55891106b660_0_12;
S_0x55891104c260 .scope generate, "neg_zero[3]" "neg_zero[3]" 3 60, 3 60 0, S_0x558910f82810;
 .timescale 0 0;
P_0x55891104c400 .param/l "j1" 0 3 60, +C4<011>;
L_0x55891106bc00 .functor NOT 16, v0x558911068380_0, C4<0000000000000000>, C4<0000000000000000>, C4<0000000000000000>;
L_0x55891106c020 .functor AND 16, L_0x55891106bc00, L_0x55891106bd70, C4<1111111111111111>, C4<1111111111111111>;
L_0x55891106c180 .functor NOT 1, L_0x55891106c0e0, C4<0>, C4<0>, C4<0>;
L_0x55891106c650 .functor AND 16, v0x558911068380_0, L_0x55891106c240, C4<1111111111111111>, C4<1111111111111111>;
L_0x55891106c800 .functor NOT 1, L_0x55891106c6f0, C4<0>, C4<0>, C4<0>;
L_0x55891106cc90 .functor AND 16, L_0x55891106c650, L_0x55891106c870, C4<1111111111111111>, C4<1111111111111111>;
L_0x55891106cd90 .functor OR 16, L_0x55891106c020, L_0x55891106cc90, C4<0000000000000000>, C4<0000000000000000>;
v0x55891104c4e0_0 .net *"_s1", 15 0, L_0x55891106bc00;  1 drivers
v0x55891104c5c0_0 .net *"_s10", 0 0, L_0x55891106c180;  1 drivers
v0x55891104c6a0_0 .net *"_s12", 15 0, L_0x55891106c240;  1 drivers
v0x55891104c760_0 .net *"_s14", 15 0, L_0x55891106c650;  1 drivers
v0x55891104c840_0 .net *"_s16", 0 0, L_0x55891106c6f0;  1 drivers
v0x55891104c970_0 .net *"_s17", 0 0, L_0x55891106c800;  1 drivers
v0x55891104ca50_0 .net *"_s19", 15 0, L_0x55891106c870;  1 drivers
v0x55891104cb30_0 .net *"_s3", 0 0, L_0x55891106bc70;  1 drivers
v0x55891104cc10_0 .net *"_s4", 15 0, L_0x55891106bd70;  1 drivers
v0x55891104cd80_0 .net *"_s9", 0 0, L_0x55891106c0e0;  1 drivers
LS_0x55891106bd70_0_0 .concat [ 1 1 1 1], L_0x55891106bc70, L_0x55891106bc70, L_0x55891106bc70, L_0x55891106bc70;
LS_0x55891106bd70_0_4 .concat [ 1 1 1 1], L_0x55891106bc70, L_0x55891106bc70, L_0x55891106bc70, L_0x55891106bc70;
LS_0x55891106bd70_0_8 .concat [ 1 1 1 1], L_0x55891106bc70, L_0x55891106bc70, L_0x55891106bc70, L_0x55891106bc70;
LS_0x55891106bd70_0_12 .concat [ 1 1 1 1], L_0x55891106bc70, L_0x55891106bc70, L_0x55891106bc70, L_0x55891106bc70;
L_0x55891106bd70 .concat [ 4 4 4 4], LS_0x55891106bd70_0_0, LS_0x55891106bd70_0_4, LS_0x55891106bd70_0_8, LS_0x55891106bd70_0_12;
LS_0x55891106c240_0_0 .concat [ 1 1 1 1], L_0x55891106c180, L_0x55891106c180, L_0x55891106c180, L_0x55891106c180;
LS_0x55891106c240_0_4 .concat [ 1 1 1 1], L_0x55891106c180, L_0x55891106c180, L_0x55891106c180, L_0x55891106c180;
LS_0x55891106c240_0_8 .concat [ 1 1 1 1], L_0x55891106c180, L_0x55891106c180, L_0x55891106c180, L_0x55891106c180;
LS_0x55891106c240_0_12 .concat [ 1 1 1 1], L_0x55891106c180, L_0x55891106c180, L_0x55891106c180, L_0x55891106c180;
L_0x55891106c240 .concat [ 4 4 4 4], LS_0x55891106c240_0_0, LS_0x55891106c240_0_4, LS_0x55891106c240_0_8, LS_0x55891106c240_0_12;
LS_0x55891106c870_0_0 .concat [ 1 1 1 1], L_0x55891106c800, L_0x55891106c800, L_0x55891106c800, L_0x55891106c800;
LS_0x55891106c870_0_4 .concat [ 1 1 1 1], L_0x55891106c800, L_0x55891106c800, L_0x55891106c800, L_0x55891106c800;
LS_0x55891106c870_0_8 .concat [ 1 1 1 1], L_0x55891106c800, L_0x55891106c800, L_0x55891106c800, L_0x55891106c800;
LS_0x55891106c870_0_12 .concat [ 1 1 1 1], L_0x55891106c800, L_0x55891106c800, L_0x55891106c800, L_0x55891106c800;
L_0x55891106c870 .concat [ 4 4 4 4], LS_0x55891106c870_0_0, LS_0x55891106c870_0_4, LS_0x55891106c870_0_8, LS_0x55891106c870_0_12;
S_0x55891104ce60 .scope generate, "neg_zero[4]" "neg_zero[4]" 3 60, 3 60 0, S_0x558910f82810;
 .timescale 0 0;
P_0x55891104d050 .param/l "j1" 0 3 60, +C4<0100>;
L_0x55891106cea0 .functor NOT 16, v0x558911068380_0, C4<0000000000000000>, C4<0000000000000000>, C4<0000000000000000>;
L_0x55891106d340 .functor AND 16, L_0x55891106cea0, L_0x55891106cfb0, C4<1111111111111111>, C4<1111111111111111>;
L_0x55891106c790 .functor NOT 1, L_0x55891106d400, C4<0>, C4<0>, C4<0>;
L_0x55891106d900 .functor AND 16, v0x558911068380_0, L_0x55891106d570, C4<1111111111111111>, C4<1111111111111111>;
L_0x55891106da40 .functor NOT 1, L_0x55891106d9a0, C4<0>, C4<0>, C4<0>;
L_0x55891106de90 .functor AND 16, L_0x55891106d900, L_0x55891106db00, C4<1111111111111111>, C4<1111111111111111>;
L_0x55891106df90 .functor OR 16, L_0x55891106d340, L_0x55891106de90, C4<0000000000000000>, C4<0000000000000000>;
v0x55891104d130_0 .net *"_s1", 15 0, L_0x55891106cea0;  1 drivers
v0x55891104d210_0 .net *"_s10", 0 0, L_0x55891106c790;  1 drivers
v0x55891104d2f0_0 .net *"_s12", 15 0, L_0x55891106d570;  1 drivers
v0x55891104d3b0_0 .net *"_s14", 15 0, L_0x55891106d900;  1 drivers
v0x55891104d490_0 .net *"_s16", 0 0, L_0x55891106d9a0;  1 drivers
v0x55891104d5c0_0 .net *"_s17", 0 0, L_0x55891106da40;  1 drivers
v0x55891104d6a0_0 .net *"_s19", 15 0, L_0x55891106db00;  1 drivers
v0x55891104d780_0 .net *"_s3", 0 0, L_0x55891106cf10;  1 drivers
v0x55891104d860_0 .net *"_s4", 15 0, L_0x55891106cfb0;  1 drivers
v0x55891104d9d0_0 .net *"_s9", 0 0, L_0x55891106d400;  1 drivers
LS_0x55891106cfb0_0_0 .concat [ 1 1 1 1], L_0x55891106cf10, L_0x55891106cf10, L_0x55891106cf10, L_0x55891106cf10;
LS_0x55891106cfb0_0_4 .concat [ 1 1 1 1], L_0x55891106cf10, L_0x55891106cf10, L_0x55891106cf10, L_0x55891106cf10;
LS_0x55891106cfb0_0_8 .concat [ 1 1 1 1], L_0x55891106cf10, L_0x55891106cf10, L_0x55891106cf10, L_0x55891106cf10;
LS_0x55891106cfb0_0_12 .concat [ 1 1 1 1], L_0x55891106cf10, L_0x55891106cf10, L_0x55891106cf10, L_0x55891106cf10;
L_0x55891106cfb0 .concat [ 4 4 4 4], LS_0x55891106cfb0_0_0, LS_0x55891106cfb0_0_4, LS_0x55891106cfb0_0_8, LS_0x55891106cfb0_0_12;
LS_0x55891106d570_0_0 .concat [ 1 1 1 1], L_0x55891106c790, L_0x55891106c790, L_0x55891106c790, L_0x55891106c790;
LS_0x55891106d570_0_4 .concat [ 1 1 1 1], L_0x55891106c790, L_0x55891106c790, L_0x55891106c790, L_0x55891106c790;
LS_0x55891106d570_0_8 .concat [ 1 1 1 1], L_0x55891106c790, L_0x55891106c790, L_0x55891106c790, L_0x55891106c790;
LS_0x55891106d570_0_12 .concat [ 1 1 1 1], L_0x55891106c790, L_0x55891106c790, L_0x55891106c790, L_0x55891106c790;
L_0x55891106d570 .concat [ 4 4 4 4], LS_0x55891106d570_0_0, LS_0x55891106d570_0_4, LS_0x55891106d570_0_8, LS_0x55891106d570_0_12;
LS_0x55891106db00_0_0 .concat [ 1 1 1 1], L_0x55891106da40, L_0x55891106da40, L_0x55891106da40, L_0x55891106da40;
LS_0x55891106db00_0_4 .concat [ 1 1 1 1], L_0x55891106da40, L_0x55891106da40, L_0x55891106da40, L_0x55891106da40;
LS_0x55891106db00_0_8 .concat [ 1 1 1 1], L_0x55891106da40, L_0x55891106da40, L_0x55891106da40, L_0x55891106da40;
LS_0x55891106db00_0_12 .concat [ 1 1 1 1], L_0x55891106da40, L_0x55891106da40, L_0x55891106da40, L_0x55891106da40;
L_0x55891106db00 .concat [ 4 4 4 4], LS_0x55891106db00_0_0, LS_0x55891106db00_0_4, LS_0x55891106db00_0_8, LS_0x55891106db00_0_12;
S_0x55891104dab0 .scope generate, "neg_zero[5]" "neg_zero[5]" 3 60, 3 60 0, S_0x558910f82810;
 .timescale 0 0;
P_0x55891104dc50 .param/l "j1" 0 3 60, +C4<0101>;
L_0x55891106e0a0 .functor NOT 16, v0x558911068380_0, C4<0000000000000000>, C4<0000000000000000>, C4<0000000000000000>;
L_0x55891106e5d0 .functor AND 16, L_0x55891106e0a0, L_0x55891106e240, C4<1111111111111111>, C4<1111111111111111>;
L_0x55891106e730 .functor NOT 1, L_0x55891106e690, C4<0>, C4<0>, C4<0>;
L_0x55891106eb80 .functor AND 16, v0x558911068380_0, L_0x55891106e7f0, C4<1111111111111111>, C4<1111111111111111>;
L_0x55891106ed60 .functor NOT 1, L_0x55891106ec20, C4<0>, C4<0>, C4<0>;
L_0x55891106f120 .functor AND 16, L_0x55891106eb80, L_0x55891106ee20, C4<1111111111111111>, C4<1111111111111111>;
L_0x55891106f220 .functor OR 16, L_0x55891106e5d0, L_0x55891106f120, C4<0000000000000000>, C4<0000000000000000>;
v0x55891104dd30_0 .net *"_s1", 15 0, L_0x55891106e0a0;  1 drivers
v0x55891104de10_0 .net *"_s10", 0 0, L_0x55891106e730;  1 drivers
v0x55891104def0_0 .net *"_s12", 15 0, L_0x55891106e7f0;  1 drivers
v0x55891104dfb0_0 .net *"_s14", 15 0, L_0x55891106eb80;  1 drivers
v0x55891104e090_0 .net *"_s16", 0 0, L_0x55891106ec20;  1 drivers
v0x55891104e1c0_0 .net *"_s17", 0 0, L_0x55891106ed60;  1 drivers
v0x55891104e2a0_0 .net *"_s19", 15 0, L_0x55891106ee20;  1 drivers
v0x55891104e380_0 .net *"_s3", 0 0, L_0x55891106e110;  1 drivers
v0x55891104e460_0 .net *"_s4", 15 0, L_0x55891106e240;  1 drivers
v0x55891104e5d0_0 .net *"_s9", 0 0, L_0x55891106e690;  1 drivers
LS_0x55891106e240_0_0 .concat [ 1 1 1 1], L_0x55891106e110, L_0x55891106e110, L_0x55891106e110, L_0x55891106e110;
LS_0x55891106e240_0_4 .concat [ 1 1 1 1], L_0x55891106e110, L_0x55891106e110, L_0x55891106e110, L_0x55891106e110;
LS_0x55891106e240_0_8 .concat [ 1 1 1 1], L_0x55891106e110, L_0x55891106e110, L_0x55891106e110, L_0x55891106e110;
LS_0x55891106e240_0_12 .concat [ 1 1 1 1], L_0x55891106e110, L_0x55891106e110, L_0x55891106e110, L_0x55891106e110;
L_0x55891106e240 .concat [ 4 4 4 4], LS_0x55891106e240_0_0, LS_0x55891106e240_0_4, LS_0x55891106e240_0_8, LS_0x55891106e240_0_12;
LS_0x55891106e7f0_0_0 .concat [ 1 1 1 1], L_0x55891106e730, L_0x55891106e730, L_0x55891106e730, L_0x55891106e730;
LS_0x55891106e7f0_0_4 .concat [ 1 1 1 1], L_0x55891106e730, L_0x55891106e730, L_0x55891106e730, L_0x55891106e730;
LS_0x55891106e7f0_0_8 .concat [ 1 1 1 1], L_0x55891106e730, L_0x55891106e730, L_0x55891106e730, L_0x55891106e730;
LS_0x55891106e7f0_0_12 .concat [ 1 1 1 1], L_0x55891106e730, L_0x55891106e730, L_0x55891106e730, L_0x55891106e730;
L_0x55891106e7f0 .concat [ 4 4 4 4], LS_0x55891106e7f0_0_0, LS_0x55891106e7f0_0_4, LS_0x55891106e7f0_0_8, LS_0x55891106e7f0_0_12;
LS_0x55891106ee20_0_0 .concat [ 1 1 1 1], L_0x55891106ed60, L_0x55891106ed60, L_0x55891106ed60, L_0x55891106ed60;
LS_0x55891106ee20_0_4 .concat [ 1 1 1 1], L_0x55891106ed60, L_0x55891106ed60, L_0x55891106ed60, L_0x55891106ed60;
LS_0x55891106ee20_0_8 .concat [ 1 1 1 1], L_0x55891106ed60, L_0x55891106ed60, L_0x55891106ed60, L_0x55891106ed60;
LS_0x55891106ee20_0_12 .concat [ 1 1 1 1], L_0x55891106ed60, L_0x55891106ed60, L_0x55891106ed60, L_0x55891106ed60;
L_0x55891106ee20 .concat [ 4 4 4 4], LS_0x55891106ee20_0_0, LS_0x55891106ee20_0_4, LS_0x55891106ee20_0_8, LS_0x55891106ee20_0_12;
S_0x55891104e6b0 .scope generate, "neg_zero[6]" "neg_zero[6]" 3 60, 3 60 0, S_0x558910f82810;
 .timescale 0 0;
P_0x55891104e850 .param/l "j1" 0 3 60, +C4<0110>;
L_0x55891106f330 .functor NOT 16, v0x558911068380_0, C4<0000000000000000>, C4<0000000000000000>, C4<0000000000000000>;
L_0x55891106f7d0 .functor AND 16, L_0x55891106f330, L_0x55891106f440, C4<1111111111111111>, C4<1111111111111111>;
L_0x55891106f9e0 .functor NOT 1, L_0x55891106f890, C4<0>, C4<0>, C4<0>;
L_0x55891106fd90 .functor AND 16, v0x558911068380_0, L_0x55891106ecc0, C4<1111111111111111>, C4<1111111111111111>;
L_0x55891106fed0 .functor NOT 1, L_0x55891106fe30, C4<0>, C4<0>, C4<0>;
L_0x558911070320 .functor AND 16, L_0x55891106fd90, L_0x55891106ff90, C4<1111111111111111>, C4<1111111111111111>;
L_0x558911070420 .functor OR 16, L_0x55891106f7d0, L_0x558911070320, C4<0000000000000000>, C4<0000000000000000>;
v0x55891104e930_0 .net *"_s1", 15 0, L_0x55891106f330;  1 drivers
v0x55891104ea10_0 .net *"_s10", 0 0, L_0x55891106f9e0;  1 drivers
v0x55891104eaf0_0 .net *"_s12", 15 0, L_0x55891106ecc0;  1 drivers
v0x55891104ebb0_0 .net *"_s14", 15 0, L_0x55891106fd90;  1 drivers
v0x55891104ec90_0 .net *"_s16", 0 0, L_0x55891106fe30;  1 drivers
v0x55891104edc0_0 .net *"_s17", 0 0, L_0x55891106fed0;  1 drivers
v0x55891104eea0_0 .net *"_s19", 15 0, L_0x55891106ff90;  1 drivers
v0x55891104ef80_0 .net *"_s3", 0 0, L_0x55891106f3a0;  1 drivers
v0x55891104f060_0 .net *"_s4", 15 0, L_0x55891106f440;  1 drivers
v0x55891104f1d0_0 .net *"_s9", 0 0, L_0x55891106f890;  1 drivers
LS_0x55891106f440_0_0 .concat [ 1 1 1 1], L_0x55891106f3a0, L_0x55891106f3a0, L_0x55891106f3a0, L_0x55891106f3a0;
LS_0x55891106f440_0_4 .concat [ 1 1 1 1], L_0x55891106f3a0, L_0x55891106f3a0, L_0x55891106f3a0, L_0x55891106f3a0;
LS_0x55891106f440_0_8 .concat [ 1 1 1 1], L_0x55891106f3a0, L_0x55891106f3a0, L_0x55891106f3a0, L_0x55891106f3a0;
LS_0x55891106f440_0_12 .concat [ 1 1 1 1], L_0x55891106f3a0, L_0x55891106f3a0, L_0x55891106f3a0, L_0x55891106f3a0;
L_0x55891106f440 .concat [ 4 4 4 4], LS_0x55891106f440_0_0, LS_0x55891106f440_0_4, LS_0x55891106f440_0_8, LS_0x55891106f440_0_12;
LS_0x55891106ecc0_0_0 .concat [ 1 1 1 1], L_0x55891106f9e0, L_0x55891106f9e0, L_0x55891106f9e0, L_0x55891106f9e0;
LS_0x55891106ecc0_0_4 .concat [ 1 1 1 1], L_0x55891106f9e0, L_0x55891106f9e0, L_0x55891106f9e0, L_0x55891106f9e0;
LS_0x55891106ecc0_0_8 .concat [ 1 1 1 1], L_0x55891106f9e0, L_0x55891106f9e0, L_0x55891106f9e0, L_0x55891106f9e0;
LS_0x55891106ecc0_0_12 .concat [ 1 1 1 1], L_0x55891106f9e0, L_0x55891106f9e0, L_0x55891106f9e0, L_0x55891106f9e0;
L_0x55891106ecc0 .concat [ 4 4 4 4], LS_0x55891106ecc0_0_0, LS_0x55891106ecc0_0_4, LS_0x55891106ecc0_0_8, LS_0x55891106ecc0_0_12;
LS_0x55891106ff90_0_0 .concat [ 1 1 1 1], L_0x55891106fed0, L_0x55891106fed0, L_0x55891106fed0, L_0x55891106fed0;
LS_0x55891106ff90_0_4 .concat [ 1 1 1 1], L_0x55891106fed0, L_0x55891106fed0, L_0x55891106fed0, L_0x55891106fed0;
LS_0x55891106ff90_0_8 .concat [ 1 1 1 1], L_0x55891106fed0, L_0x55891106fed0, L_0x55891106fed0, L_0x55891106fed0;
LS_0x55891106ff90_0_12 .concat [ 1 1 1 1], L_0x55891106fed0, L_0x55891106fed0, L_0x55891106fed0, L_0x55891106fed0;
L_0x55891106ff90 .concat [ 4 4 4 4], LS_0x55891106ff90_0_0, LS_0x55891106ff90_0_4, LS_0x55891106ff90_0_8, LS_0x55891106ff90_0_12;
S_0x55891104f2b0 .scope generate, "neg_zero[7]" "neg_zero[7]" 3 60, 3 60 0, S_0x558910f82810;
 .timescale 0 0;
P_0x55891104f450 .param/l "j1" 0 3 60, +C4<0111>;
L_0x558911070530 .functor NOT 16, v0x558911068380_0, C4<0000000000000000>, C4<0000000000000000>, C4<0000000000000000>;
L_0x558911070ca0 .functor AND 16, L_0x558911070530, L_0x558911070910, C4<1111111111111111>, C4<1111111111111111>;
L_0x558911071010 .functor NOT 1, L_0x558911070d60, C4<0>, C4<0>, C4<0>;
L_0x558911071460 .functor AND 16, v0x558911068380_0, L_0x5589110710d0, C4<1111111111111111>, C4<1111111111111111>;
L_0x558911071670 .functor NOT 1, L_0x558911071500, C4<0>, C4<0>, C4<0>;
L_0x558911071a30 .functor AND 16, L_0x558911071460, L_0x558911071730, C4<1111111111111111>, C4<1111111111111111>;
L_0x558911071b30 .functor OR 16, L_0x558911070ca0, L_0x558911071a30, C4<0000000000000000>, C4<0000000000000000>;
v0x55891104f530_0 .net *"_s1", 15 0, L_0x558911070530;  1 drivers
v0x55891104f610_0 .net *"_s10", 0 0, L_0x558911071010;  1 drivers
v0x55891104f6f0_0 .net *"_s12", 15 0, L_0x5589110710d0;  1 drivers
v0x55891104f7b0_0 .net *"_s14", 15 0, L_0x558911071460;  1 drivers
v0x55891104f890_0 .net *"_s16", 0 0, L_0x558911071500;  1 drivers
v0x55891104f9c0_0 .net *"_s17", 0 0, L_0x558911071670;  1 drivers
v0x55891104faa0_0 .net *"_s19", 15 0, L_0x558911071730;  1 drivers
v0x55891104fb80_0 .net *"_s3", 0 0, L_0x5589110707b0;  1 drivers
v0x55891104fc60_0 .net *"_s4", 15 0, L_0x558911070910;  1 drivers
v0x55891104fdd0_0 .net *"_s9", 0 0, L_0x558911070d60;  1 drivers
LS_0x558911070910_0_0 .concat [ 1 1 1 1], L_0x5589110707b0, L_0x5589110707b0, L_0x5589110707b0, L_0x5589110707b0;
LS_0x558911070910_0_4 .concat [ 1 1 1 1], L_0x5589110707b0, L_0x5589110707b0, L_0x5589110707b0, L_0x5589110707b0;
LS_0x558911070910_0_8 .concat [ 1 1 1 1], L_0x5589110707b0, L_0x5589110707b0, L_0x5589110707b0, L_0x5589110707b0;
LS_0x558911070910_0_12 .concat [ 1 1 1 1], L_0x5589110707b0, L_0x5589110707b0, L_0x5589110707b0, L_0x5589110707b0;
L_0x558911070910 .concat [ 4 4 4 4], LS_0x558911070910_0_0, LS_0x558911070910_0_4, LS_0x558911070910_0_8, LS_0x558911070910_0_12;
LS_0x5589110710d0_0_0 .concat [ 1 1 1 1], L_0x558911071010, L_0x558911071010, L_0x558911071010, L_0x558911071010;
LS_0x5589110710d0_0_4 .concat [ 1 1 1 1], L_0x558911071010, L_0x558911071010, L_0x558911071010, L_0x558911071010;
LS_0x5589110710d0_0_8 .concat [ 1 1 1 1], L_0x558911071010, L_0x558911071010, L_0x558911071010, L_0x558911071010;
LS_0x5589110710d0_0_12 .concat [ 1 1 1 1], L_0x558911071010, L_0x558911071010, L_0x558911071010, L_0x558911071010;
L_0x5589110710d0 .concat [ 4 4 4 4], LS_0x5589110710d0_0_0, LS_0x5589110710d0_0_4, LS_0x5589110710d0_0_8, LS_0x5589110710d0_0_12;
LS_0x558911071730_0_0 .concat [ 1 1 1 1], L_0x558911071670, L_0x558911071670, L_0x558911071670, L_0x558911071670;
LS_0x558911071730_0_4 .concat [ 1 1 1 1], L_0x558911071670, L_0x558911071670, L_0x558911071670, L_0x558911071670;
LS_0x558911071730_0_8 .concat [ 1 1 1 1], L_0x558911071670, L_0x558911071670, L_0x558911071670, L_0x558911071670;
LS_0x558911071730_0_12 .concat [ 1 1 1 1], L_0x558911071670, L_0x558911071670, L_0x558911071670, L_0x558911071670;
L_0x558911071730 .concat [ 4 4 4 4], LS_0x558911071730_0_0, LS_0x558911071730_0_4, LS_0x558911071730_0_8, LS_0x558911071730_0_12;
    .scope S_0x558910faccc0;
T_0 ;
    %pushi/vec4 0, 0, 32;
    %store/vec4 v0x5589110682a0_0, 0, 32;
T_0.0 ;
    %load/vec4 v0x5589110682a0_0;
    %cmpi/s 62, 0, 32;
    %flag_or 5, 4;
    %jmp/0xz T_0.1, 5;
    %delay 5000, 0;
    %load/vec4 v0x5589110682a0_0;
    %pad/s 16;
    %store/vec4 v0x558911068440_0, 0, 16;
    %load/vec4 v0x5589110682a0_0;
    %addi 3, 0, 32;
    %pad/s 16;
    %store/vec4 v0x558911068380_0, 0, 16;
    %delay 1000, 0;
    %load/vec4 v0x558911068440_0;
    %pad/u 32;
    %load/vec4 v0x558911068380_0;
    %pad/u 32;
    %mul;
    %store/vec4 v0x558911068580_0, 0, 32;
    %load/vec4 v0x558911068580_0;
    %load/vec4 v0x5589110684e0_0;
    %cmp/e;
    %jmp/0xz  T_0.2, 4;
    %delay 1000, 0;
    %vpi_call 2 30 "$display", "\012Matching :: multiplier=%0d, multiplicand=%0d, product=%0d, product1=%0d", v0x558911068440_0, v0x558911068380_0, v0x5589110684e0_0, v0x558911068580_0 {0 0 0};
    %jmp T_0.3;
T_0.2 ;
    %delay 1000, 0;
    %vpi_call 2 32 "$display", "\012Not Matching :: multiplier=%0d, multiplicand=%0d, product=%0d, product1=%0d", v0x558911068440_0, v0x558911068380_0, v0x5589110684e0_0, v0x558911068580_0 {0 0 0};
T_0.3 ;
    %delay 1000, 0;
    %load/vec4 v0x5589110684e0_0;
    %load/vec4 v0x558911068580_0;
    %sub;
    %vpi_call 2 33 "$display", "\012The difference between Actual product - Obtained product=%0d", S<0,vec4,s32> {1 0 0};
    %load/vec4 v0x5589110682a0_0;
    %addi 1, 0, 32;
    %store/vec4 v0x5589110682a0_0, 0, 32;
    %jmp T_0.0;
T_0.1 ;
    %end;
    .thread T_0;
# The file index is used to find the file name in the following table.
:file_names 4;
    "N/A";
    "<interactive>";
    "tb_ambm.v";
    "abm1.v";
