#! /usr/bin/vvp
:ivl_version "10.3 (stable)";
:ivl_delay_selection "TYPICAL";
:vpi_time_precision - 9;
:vpi_module "system";
:vpi_module "vhdl_sys";
:vpi_module "v2005_math";
:vpi_module "va_math";
S_0x563748081de0 .scope module, "tb_mbm" "tb_mbm" 2 2;
 .timescale -9 -9;
v0x5637480e1c50_0 .var/i "i", 31 0;
v0x5637480e1d30_0 .var/s "multiplicand", 15 0;
v0x5637480e1df0_0 .var/s "multiplier", 15 0;
v0x5637480e1e90_0 .net/s "product", 31 0, L_0x563748119900;  1 drivers
v0x5637480e1f30_0 .var/s "product1", 31 0;
S_0x5637480816a0 .scope module, "ins" "mbmt1" 2 6, 3 1 0, S_0x563748081de0;
 .timescale 0 0;
    .port_info 0 /INPUT 16 "multiplier"
    .port_info 1 /INPUT 16 "multiplicand"
    .port_info 2 /OUTPUT 32 "product"
L_0x7fe3430d6408 .functor BUFT 1, C4<110>, C4<0>, C4<0>, C4<0>;
v0x5637480c6980_0 .net/2u *"_s100", 2 0, L_0x7fe3430d6408;  1 drivers
v0x5637480c6a80_0 .net/s *"_s1001", 31 0, L_0x563748119280;  1 drivers
v0x5637480c6b60_0 .net/s *"_s1003", 31 0, L_0x56374811a140;  1 drivers
v0x5637480c6c20_0 .net/s *"_s1005", 31 0, L_0x563748119680;  1 drivers
v0x5637480c6d00_0 .net/s *"_s1007", 31 0, L_0x5637481197c0;  1 drivers
v0x5637480c6e30_0 .net *"_s103", 1 0, L_0x5637480ebff0;  1 drivers
L_0x7fe3430d6450 .functor BUFT 1, C4<0>, C4<0>, C4<0>, C4<0>;
v0x5637480c6f10_0 .net/2u *"_s104", 0 0, L_0x7fe3430d6450;  1 drivers
v0x5637480c6ff0_0 .net *"_s106", 2 0, L_0x5637480ec0c0;  1 drivers
L_0x7fe3430d6498 .functor BUFT 1, C4<101>, C4<0>, C4<0>, C4<0>;
v0x5637480c70d0_0 .net/2u *"_s108", 2 0, L_0x7fe3430d6498;  1 drivers
v0x5637480c71b0_0 .net *"_s110", 0 0, L_0x5637480ec3e0;  1 drivers
L_0x7fe3430d64e0 .functor BUFT 1, C4<100>, C4<0>, C4<0>, C4<0>;
v0x5637480c7270_0 .net/2u *"_s112", 2 0, L_0x7fe3430d64e0;  1 drivers
v0x5637480c7350_0 .net *"_s115", 1 0, L_0x5637480ec520;  1 drivers
L_0x7fe3430d6528 .functor BUFT 1, C4<0>, C4<0>, C4<0>, C4<0>;
v0x5637480c7430_0 .net/2u *"_s116", 0 0, L_0x7fe3430d6528;  1 drivers
v0x5637480c7510_0 .net *"_s118", 2 0, L_0x5637480ec7b0;  1 drivers
L_0x7fe3430d6570 .functor BUFT 1, C4<110>, C4<0>, C4<0>, C4<0>;
v0x5637480c75f0_0 .net/2u *"_s120", 2 0, L_0x7fe3430d6570;  1 drivers
v0x5637480c76d0_0 .net *"_s122", 0 0, L_0x5637480ec920;  1 drivers
L_0x7fe3430d65b8 .functor BUFT 1, C4<100>, C4<0>, C4<0>, C4<0>;
v0x5637480c7790_0 .net/2u *"_s124", 2 0, L_0x7fe3430d65b8;  1 drivers
L_0x7fe3430d6600 .functor BUFT 1, C4<001>, C4<0>, C4<0>, C4<0>;
v0x5637480c7870_0 .net/2u *"_s126", 2 0, L_0x7fe3430d6600;  1 drivers
v0x5637480c7950_0 .net *"_s128", 2 0, L_0x5637480ecc30;  1 drivers
v0x5637480c7a30_0 .net *"_s130", 2 0, L_0x5637480ecdf0;  1 drivers
v0x5637480c7b10_0 .net *"_s132", 2 0, L_0x5637480ed160;  1 drivers
v0x5637480c7bf0_0 .net *"_s134", 2 0, L_0x5637480ed2f0;  1 drivers
v0x5637480c7cd0_0 .net *"_s136", 2 0, L_0x5637480ed670;  1 drivers
v0x5637480c7db0_0 .net *"_s138", 2 0, L_0x5637480ed800;  1 drivers
v0x5637480c7e90_0 .net *"_s140", 2 0, L_0x5637480edb90;  1 drivers
v0x5637480c7f70_0 .net *"_s142", 0 0, L_0x5637480edcd0;  1 drivers
v0x5637480c8050_0 .net *"_s144", 0 0, L_0x5637480edf80;  1 drivers
v0x5637480c8130_0 .net *"_s146", 0 0, L_0x5637480ee070;  1 drivers
v0x5637480c8210_0 .net *"_s153", 2 0, L_0x5637480ee330;  1 drivers
L_0x7fe3430d6648 .functor BUFT 1, C4<000>, C4<0>, C4<0>, C4<0>;
v0x5637480c82f0_0 .net/2u *"_s154", 2 0, L_0x7fe3430d6648;  1 drivers
v0x5637480c83d0_0 .net *"_s156", 0 0, L_0x5637480ee3d0;  1 drivers
L_0x7fe3430d6690 .functor BUFT 1, C4<001>, C4<0>, C4<0>, C4<0>;
v0x5637480c8490_0 .net/2u *"_s158", 2 0, L_0x7fe3430d6690;  1 drivers
v0x5637480c8570_0 .net *"_s161", 2 0, L_0x5637480ee740;  1 drivers
L_0x7fe3430d66d8 .functor BUFT 1, C4<001>, C4<0>, C4<0>, C4<0>;
v0x5637480c8860_0 .net/2u *"_s162", 2 0, L_0x7fe3430d66d8;  1 drivers
v0x5637480c8940_0 .net *"_s164", 0 0, L_0x5637480ee7e0;  1 drivers
L_0x7fe3430d6720 .functor BUFT 1, C4<000>, C4<0>, C4<0>, C4<0>;
v0x5637480c8a00_0 .net/2u *"_s166", 2 0, L_0x7fe3430d6720;  1 drivers
v0x5637480c8ae0_0 .net *"_s169", 2 0, L_0x5637480eeb60;  1 drivers
L_0x7fe3430d6768 .functor BUFT 1, C4<010>, C4<0>, C4<0>, C4<0>;
v0x5637480c8bc0_0 .net/2u *"_s170", 2 0, L_0x7fe3430d6768;  1 drivers
v0x5637480c8ca0_0 .net *"_s172", 0 0, L_0x5637480eec00;  1 drivers
L_0x7fe3430d67b0 .functor BUFT 1, C4<000>, C4<0>, C4<0>, C4<0>;
v0x5637480c8d60_0 .net/2u *"_s174", 2 0, L_0x7fe3430d67b0;  1 drivers
v0x5637480c8e40_0 .net *"_s177", 2 0, L_0x5637480eef90;  1 drivers
L_0x7fe3430d67f8 .functor BUFT 1, C4<011>, C4<0>, C4<0>, C4<0>;
v0x5637480c8f20_0 .net/2u *"_s178", 2 0, L_0x7fe3430d67f8;  1 drivers
v0x5637480c9000_0 .net *"_s180", 0 0, L_0x5637480ef030;  1 drivers
L_0x7fe3430d6840 .functor BUFT 1, C4<010>, C4<0>, C4<0>, C4<0>;
v0x5637480c90c0_0 .net/2u *"_s182", 2 0, L_0x7fe3430d6840;  1 drivers
v0x5637480c91a0_0 .net *"_s185", 2 0, L_0x5637480ef3d0;  1 drivers
L_0x7fe3430d6888 .functor BUFT 1, C4<100>, C4<0>, C4<0>, C4<0>;
v0x5637480c9280_0 .net/2u *"_s186", 2 0, L_0x7fe3430d6888;  1 drivers
v0x5637480c9360_0 .net *"_s188", 0 0, L_0x5637480ef470;  1 drivers
L_0x7fe3430d68d0 .functor BUFT 1, C4<110>, C4<0>, C4<0>, C4<0>;
v0x5637480c9420_0 .net/2u *"_s190", 2 0, L_0x7fe3430d68d0;  1 drivers
v0x5637480c9500_0 .net *"_s193", 2 0, L_0x5637480ef820;  1 drivers
L_0x7fe3430d6918 .functor BUFT 1, C4<101>, C4<0>, C4<0>, C4<0>;
v0x5637480c95e0_0 .net/2u *"_s194", 2 0, L_0x7fe3430d6918;  1 drivers
v0x5637480c96c0_0 .net *"_s196", 0 0, L_0x5637480ef8c0;  1 drivers
L_0x7fe3430d6960 .functor BUFT 1, C4<100>, C4<0>, C4<0>, C4<0>;
v0x5637480c9780_0 .net/2u *"_s198", 2 0, L_0x7fe3430d6960;  1 drivers
v0x5637480c9860_0 .net *"_s201", 2 0, L_0x5637480efc80;  1 drivers
L_0x7fe3430d69a8 .functor BUFT 1, C4<110>, C4<0>, C4<0>, C4<0>;
v0x5637480c9940_0 .net/2u *"_s202", 2 0, L_0x7fe3430d69a8;  1 drivers
v0x5637480c9a20_0 .net *"_s204", 0 0, L_0x5637480efd50;  1 drivers
L_0x7fe3430d69f0 .functor BUFT 1, C4<100>, C4<0>, C4<0>, C4<0>;
v0x5637480c9ae0_0 .net/2u *"_s206", 2 0, L_0x7fe3430d69f0;  1 drivers
L_0x7fe3430d6a38 .functor BUFT 1, C4<001>, C4<0>, C4<0>, C4<0>;
v0x5637480c9bc0_0 .net/2u *"_s208", 2 0, L_0x7fe3430d6a38;  1 drivers
v0x5637480c9ca0_0 .net *"_s210", 2 0, L_0x5637480f0150;  1 drivers
v0x5637480c9d80_0 .net *"_s212", 2 0, L_0x5637480f0310;  1 drivers
v0x5637480c9e60_0 .net *"_s214", 2 0, L_0x5637480f0740;  1 drivers
v0x5637480c9f40_0 .net *"_s216", 2 0, L_0x5637480f08d0;  1 drivers
v0x5637480ca020_0 .net *"_s218", 2 0, L_0x5637480f0d10;  1 drivers
v0x5637480ca100_0 .net *"_s220", 2 0, L_0x5637480f0ea0;  1 drivers
v0x5637480ca1e0_0 .net *"_s222", 2 0, L_0x5637480f12f0;  1 drivers
v0x5637480ca2c0_0 .net *"_s224", 0 0, L_0x5637480f1430;  1 drivers
v0x5637480ca7b0_0 .net *"_s226", 0 0, L_0x5637480f17a0;  1 drivers
v0x5637480ca890_0 .net *"_s228", 0 0, L_0x5637480f1890;  1 drivers
v0x5637480ca970_0 .net *"_s235", 2 0, L_0x5637480f1c10;  1 drivers
L_0x7fe3430d6a80 .functor BUFT 1, C4<000>, C4<0>, C4<0>, C4<0>;
v0x5637480caa50_0 .net/2u *"_s236", 2 0, L_0x7fe3430d6a80;  1 drivers
v0x5637480cab30_0 .net *"_s238", 0 0, L_0x5637480f1ec0;  1 drivers
L_0x7fe3430d6ac8 .functor BUFT 1, C4<001>, C4<0>, C4<0>, C4<0>;
v0x5637480cabf0_0 .net/2u *"_s240", 2 0, L_0x7fe3430d6ac8;  1 drivers
v0x5637480cacd0_0 .net *"_s243", 2 0, L_0x5637480f22f0;  1 drivers
L_0x7fe3430d6b10 .functor BUFT 1, C4<001>, C4<0>, C4<0>, C4<0>;
v0x5637480cadb0_0 .net/2u *"_s244", 2 0, L_0x7fe3430d6b10;  1 drivers
v0x5637480cae90_0 .net *"_s246", 0 0, L_0x5637480f2390;  1 drivers
L_0x7fe3430d6b58 .functor BUFT 1, C4<000>, C4<0>, C4<0>, C4<0>;
v0x5637480caf50_0 .net/2u *"_s248", 2 0, L_0x7fe3430d6b58;  1 drivers
v0x5637480cb030_0 .net *"_s251", 2 0, L_0x5637480f27d0;  1 drivers
L_0x7fe3430d6ba0 .functor BUFT 1, C4<010>, C4<0>, C4<0>, C4<0>;
v0x5637480cb110_0 .net/2u *"_s252", 2 0, L_0x7fe3430d6ba0;  1 drivers
v0x5637480cb1f0_0 .net *"_s254", 0 0, L_0x5637480f2870;  1 drivers
L_0x7fe3430d6be8 .functor BUFT 1, C4<000>, C4<0>, C4<0>, C4<0>;
v0x5637480cb2b0_0 .net/2u *"_s256", 2 0, L_0x7fe3430d6be8;  1 drivers
v0x5637480cb390_0 .net *"_s259", 2 0, L_0x5637480f2cc0;  1 drivers
L_0x7fe3430d6c30 .functor BUFT 1, C4<011>, C4<0>, C4<0>, C4<0>;
v0x5637480cb470_0 .net/2u *"_s260", 2 0, L_0x7fe3430d6c30;  1 drivers
v0x5637480cb550_0 .net *"_s262", 0 0, L_0x5637480f2d60;  1 drivers
L_0x7fe3430d6c78 .functor BUFT 1, C4<010>, C4<0>, C4<0>, C4<0>;
v0x5637480cb610_0 .net/2u *"_s264", 2 0, L_0x7fe3430d6c78;  1 drivers
v0x5637480cb6f0_0 .net *"_s267", 2 0, L_0x5637480f31c0;  1 drivers
L_0x7fe3430d6cc0 .functor BUFT 1, C4<100>, C4<0>, C4<0>, C4<0>;
v0x5637480cb7d0_0 .net/2u *"_s268", 2 0, L_0x7fe3430d6cc0;  1 drivers
v0x5637480cb8b0_0 .net *"_s270", 0 0, L_0x5637480f3260;  1 drivers
L_0x7fe3430d6d08 .functor BUFT 1, C4<110>, C4<0>, C4<0>, C4<0>;
v0x5637480cb970_0 .net/2u *"_s272", 2 0, L_0x7fe3430d6d08;  1 drivers
v0x5637480cba50_0 .net *"_s275", 2 0, L_0x5637480f36d0;  1 drivers
L_0x7fe3430d6d50 .functor BUFT 1, C4<101>, C4<0>, C4<0>, C4<0>;
v0x5637480cbb30_0 .net/2u *"_s276", 2 0, L_0x7fe3430d6d50;  1 drivers
v0x5637480cbc10_0 .net *"_s278", 0 0, L_0x5637480f3770;  1 drivers
L_0x7fe3430d6d98 .functor BUFT 1, C4<100>, C4<0>, C4<0>, C4<0>;
v0x5637480cbcd0_0 .net/2u *"_s280", 2 0, L_0x7fe3430d6d98;  1 drivers
v0x5637480cbdb0_0 .net *"_s283", 2 0, L_0x5637480f3bf0;  1 drivers
L_0x7fe3430d6de0 .functor BUFT 1, C4<110>, C4<0>, C4<0>, C4<0>;
v0x5637480cbe90_0 .net/2u *"_s284", 2 0, L_0x7fe3430d6de0;  1 drivers
v0x5637480cbf70_0 .net *"_s286", 0 0, L_0x5637480f3cc0;  1 drivers
L_0x7fe3430d6e28 .functor BUFT 1, C4<100>, C4<0>, C4<0>, C4<0>;
v0x5637480cc030_0 .net/2u *"_s288", 2 0, L_0x7fe3430d6e28;  1 drivers
L_0x7fe3430d6e70 .functor BUFT 1, C4<001>, C4<0>, C4<0>, C4<0>;
v0x5637480cc110_0 .net/2u *"_s290", 2 0, L_0x7fe3430d6e70;  1 drivers
v0x5637480cc1f0_0 .net *"_s292", 2 0, L_0x5637480f4180;  1 drivers
v0x5637480cc2d0_0 .net *"_s294", 2 0, L_0x5637480f4340;  1 drivers
v0x5637480cc3b0_0 .net *"_s296", 2 0, L_0x5637480f4830;  1 drivers
v0x5637480cc490_0 .net *"_s298", 2 0, L_0x5637480f49c0;  1 drivers
v0x5637480cc570_0 .net *"_s300", 2 0, L_0x5637480f4ec0;  1 drivers
v0x5637480cc650_0 .net *"_s302", 2 0, L_0x5637480f5050;  1 drivers
v0x5637480cc730_0 .net *"_s304", 2 0, L_0x5637480f5560;  1 drivers
v0x5637480cc810_0 .net *"_s306", 0 0, L_0x5637480f56a0;  1 drivers
v0x5637480cc8f0_0 .net *"_s308", 0 0, L_0x5637480f5ad0;  1 drivers
v0x5637480cc9d0_0 .net *"_s310", 0 0, L_0x5637480f5bc0;  1 drivers
v0x5637480ccab0_0 .net *"_s317", 2 0, L_0x5637480f6000;  1 drivers
L_0x7fe3430d6eb8 .functor BUFT 1, C4<000>, C4<0>, C4<0>, C4<0>;
v0x5637480ccb90_0 .net/2u *"_s318", 2 0, L_0x7fe3430d6eb8;  1 drivers
v0x5637480ccc70_0 .net *"_s32", 0 0, L_0x5637480ea0d0;  1 drivers
v0x5637480ccd50_0 .net *"_s320", 0 0, L_0x5637480f60a0;  1 drivers
L_0x7fe3430d6f00 .functor BUFT 1, C4<001>, C4<0>, C4<0>, C4<0>;
v0x5637480cce10_0 .net/2u *"_s322", 2 0, L_0x7fe3430d6f00;  1 drivers
v0x5637480ccef0_0 .net *"_s325", 2 0, L_0x5637480f6590;  1 drivers
L_0x7fe3430d6f48 .functor BUFT 1, C4<001>, C4<0>, C4<0>, C4<0>;
v0x5637480ccfd0_0 .net/2u *"_s326", 2 0, L_0x7fe3430d6f48;  1 drivers
v0x5637480cd0b0_0 .net *"_s328", 0 0, L_0x5637480f6630;  1 drivers
L_0x7fe3430d6f90 .functor BUFT 1, C4<000>, C4<0>, C4<0>, C4<0>;
v0x5637480cd170_0 .net/2u *"_s330", 2 0, L_0x7fe3430d6f90;  1 drivers
v0x5637480cd250_0 .net *"_s333", 2 0, L_0x5637480f6b30;  1 drivers
L_0x7fe3430d6fd8 .functor BUFT 1, C4<010>, C4<0>, C4<0>, C4<0>;
v0x5637480cd330_0 .net/2u *"_s334", 2 0, L_0x7fe3430d6fd8;  1 drivers
v0x5637480cd410_0 .net *"_s336", 0 0, L_0x5637480f6bd0;  1 drivers
L_0x7fe3430d7020 .functor BUFT 1, C4<000>, C4<0>, C4<0>, C4<0>;
v0x5637480cd4d0_0 .net/2u *"_s338", 2 0, L_0x7fe3430d7020;  1 drivers
v0x5637480cd5b0_0 .net *"_s34", 0 0, L_0x5637480ea170;  1 drivers
v0x5637480cd690_0 .net *"_s341", 2 0, L_0x5637480f70e0;  1 drivers
L_0x7fe3430d7068 .functor BUFT 1, C4<011>, C4<0>, C4<0>, C4<0>;
v0x5637480cd770_0 .net/2u *"_s342", 2 0, L_0x7fe3430d7068;  1 drivers
v0x5637480cd850_0 .net *"_s344", 0 0, L_0x5637480f7180;  1 drivers
L_0x7fe3430d70b0 .functor BUFT 1, C4<010>, C4<0>, C4<0>, C4<0>;
v0x5637480cd910_0 .net/2u *"_s346", 2 0, L_0x7fe3430d70b0;  1 drivers
v0x5637480cd9f0_0 .net *"_s349", 2 0, L_0x5637480f76a0;  1 drivers
L_0x7fe3430d70f8 .functor BUFT 1, C4<100>, C4<0>, C4<0>, C4<0>;
v0x5637480cdad0_0 .net/2u *"_s350", 2 0, L_0x7fe3430d70f8;  1 drivers
v0x5637480cdbb0_0 .net *"_s352", 0 0, L_0x5637480f7740;  1 drivers
L_0x7fe3430d7140 .functor BUFT 1, C4<110>, C4<0>, C4<0>, C4<0>;
v0x5637480cdc70_0 .net/2u *"_s354", 2 0, L_0x7fe3430d7140;  1 drivers
v0x5637480cdd50_0 .net *"_s357", 2 0, L_0x5637480f7c70;  1 drivers
L_0x7fe3430d7188 .functor BUFT 1, C4<101>, C4<0>, C4<0>, C4<0>;
v0x5637480ce640_0 .net/2u *"_s358", 2 0, L_0x7fe3430d7188;  1 drivers
v0x5637480ce720_0 .net *"_s36", 0 0, L_0x5637480ea3b0;  1 drivers
v0x5637480ce800_0 .net *"_s360", 0 0, L_0x5637480f7d10;  1 drivers
L_0x7fe3430d71d0 .functor BUFT 1, C4<100>, C4<0>, C4<0>, C4<0>;
v0x5637480ce8c0_0 .net/2u *"_s362", 2 0, L_0x7fe3430d71d0;  1 drivers
v0x5637480ce9a0_0 .net *"_s365", 2 0, L_0x5637480f8250;  1 drivers
L_0x7fe3430d7218 .functor BUFT 1, C4<110>, C4<0>, C4<0>, C4<0>;
v0x5637480cea80_0 .net/2u *"_s366", 2 0, L_0x7fe3430d7218;  1 drivers
v0x5637480ceb60_0 .net *"_s368", 0 0, L_0x5637480f8320;  1 drivers
L_0x7fe3430d7260 .functor BUFT 1, C4<100>, C4<0>, C4<0>, C4<0>;
v0x5637480cec20_0 .net/2u *"_s370", 2 0, L_0x7fe3430d7260;  1 drivers
L_0x7fe3430d72a8 .functor BUFT 1, C4<001>, C4<0>, C4<0>, C4<0>;
v0x5637480ced00_0 .net/2u *"_s372", 2 0, L_0x7fe3430d72a8;  1 drivers
v0x5637480cede0_0 .net *"_s374", 2 0, L_0x5637480f88a0;  1 drivers
v0x5637480ceec0_0 .net *"_s376", 2 0, L_0x5637480f8a60;  1 drivers
v0x5637480cefa0_0 .net *"_s378", 2 0, L_0x5637480f9010;  1 drivers
v0x5637480cf080_0 .net *"_s380", 2 0, L_0x5637480f91a0;  1 drivers
v0x5637480cf160_0 .net *"_s382", 2 0, L_0x5637480f8bf0;  1 drivers
v0x5637480cf240_0 .net *"_s384", 2 0, L_0x5637480f8d80;  1 drivers
v0x5637480cf320_0 .net *"_s386", 2 0, L_0x5637480f9680;  1 drivers
v0x5637480cf400_0 .net *"_s388", 0 0, L_0x5637480f97c0;  1 drivers
v0x5637480cf4e0_0 .net *"_s390", 0 0, L_0x5637480f9240;  1 drivers
v0x5637480cf5c0_0 .net *"_s392", 0 0, L_0x5637480f9330;  1 drivers
v0x5637480cf6a0_0 .net *"_s399", 2 0, L_0x5637480f93d0;  1 drivers
L_0x7fe3430d72f0 .functor BUFT 1, C4<000>, C4<0>, C4<0>, C4<0>;
v0x5637480cf780_0 .net/2u *"_s400", 2 0, L_0x7fe3430d72f0;  1 drivers
v0x5637480cf860_0 .net *"_s402", 0 0, L_0x5637480f9470;  1 drivers
L_0x7fe3430d7338 .functor BUFT 1, C4<001>, C4<0>, C4<0>, C4<0>;
v0x5637480cf920_0 .net/2u *"_s404", 2 0, L_0x7fe3430d7338;  1 drivers
v0x5637480cfa00_0 .net *"_s407", 2 0, L_0x5637480f95b0;  1 drivers
L_0x7fe3430d7380 .functor BUFT 1, C4<001>, C4<0>, C4<0>, C4<0>;
v0x5637480cfae0_0 .net/2u *"_s408", 2 0, L_0x7fe3430d7380;  1 drivers
v0x5637480cfbc0_0 .net *"_s410", 0 0, L_0x5637480f9cd0;  1 drivers
L_0x7fe3430d73c8 .functor BUFT 1, C4<000>, C4<0>, C4<0>, C4<0>;
v0x5637480cfc80_0 .net/2u *"_s412", 2 0, L_0x7fe3430d73c8;  1 drivers
v0x5637480cfd60_0 .net *"_s415", 2 0, L_0x5637480f9860;  1 drivers
L_0x7fe3430d7410 .functor BUFT 1, C4<010>, C4<0>, C4<0>, C4<0>;
v0x5637480cfe40_0 .net/2u *"_s416", 2 0, L_0x7fe3430d7410;  1 drivers
v0x5637480cff20_0 .net *"_s418", 0 0, L_0x5637480f9900;  1 drivers
L_0x7fe3430d7458 .functor BUFT 1, C4<000>, C4<0>, C4<0>, C4<0>;
v0x5637480cffe0_0 .net/2u *"_s420", 2 0, L_0x7fe3430d7458;  1 drivers
v0x5637480d00c0_0 .net *"_s423", 2 0, L_0x5637480f9a40;  1 drivers
L_0x7fe3430d74a0 .functor BUFT 1, C4<011>, C4<0>, C4<0>, C4<0>;
v0x5637480d01a0_0 .net/2u *"_s424", 2 0, L_0x7fe3430d74a0;  1 drivers
v0x5637480d0280_0 .net *"_s426", 0 0, L_0x5637480f9ae0;  1 drivers
L_0x7fe3430d74e8 .functor BUFT 1, C4<010>, C4<0>, C4<0>, C4<0>;
v0x5637480d0340_0 .net/2u *"_s428", 2 0, L_0x7fe3430d74e8;  1 drivers
v0x5637480d0420_0 .net *"_s43", 1 0, L_0x5637480ea450;  1 drivers
v0x5637480d0500_0 .net *"_s431", 2 0, L_0x5637480f9c20;  1 drivers
L_0x7fe3430d7530 .functor BUFT 1, C4<100>, C4<0>, C4<0>, C4<0>;
v0x5637480d05e0_0 .net/2u *"_s432", 2 0, L_0x7fe3430d7530;  1 drivers
v0x5637480d06c0_0 .net *"_s434", 0 0, L_0x5637480fa260;  1 drivers
L_0x7fe3430d7578 .functor BUFT 1, C4<110>, C4<0>, C4<0>, C4<0>;
v0x5637480d0780_0 .net/2u *"_s436", 2 0, L_0x7fe3430d7578;  1 drivers
v0x5637480d0860_0 .net *"_s439", 2 0, L_0x5637480f9dc0;  1 drivers
L_0x7fe3430d6018 .functor BUFT 1, C4<0>, C4<0>, C4<0>, C4<0>;
v0x5637480d0940_0 .net/2u *"_s44", 0 0, L_0x7fe3430d6018;  1 drivers
L_0x7fe3430d75c0 .functor BUFT 1, C4<101>, C4<0>, C4<0>, C4<0>;
v0x5637480d0a20_0 .net/2u *"_s440", 2 0, L_0x7fe3430d75c0;  1 drivers
v0x5637480d0b00_0 .net *"_s442", 0 0, L_0x5637480f9e60;  1 drivers
L_0x7fe3430d7608 .functor BUFT 1, C4<100>, C4<0>, C4<0>, C4<0>;
v0x5637480d0bc0_0 .net/2u *"_s444", 2 0, L_0x7fe3430d7608;  1 drivers
v0x5637480d0ca0_0 .net *"_s447", 2 0, L_0x5637480f9fd0;  1 drivers
L_0x7fe3430d7650 .functor BUFT 1, C4<110>, C4<0>, C4<0>, C4<0>;
v0x5637480d0d80_0 .net/2u *"_s448", 2 0, L_0x7fe3430d7650;  1 drivers
v0x5637480d0e60_0 .net *"_s450", 0 0, L_0x5637480fa0a0;  1 drivers
L_0x7fe3430d7698 .functor BUFT 1, C4<100>, C4<0>, C4<0>, C4<0>;
v0x5637480d0f20_0 .net/2u *"_s452", 2 0, L_0x7fe3430d7698;  1 drivers
L_0x7fe3430d76e0 .functor BUFT 1, C4<001>, C4<0>, C4<0>, C4<0>;
v0x5637480d1000_0 .net/2u *"_s454", 2 0, L_0x7fe3430d76e0;  1 drivers
v0x5637480d10e0_0 .net *"_s456", 2 0, L_0x5637480fa870;  1 drivers
v0x5637480d11c0_0 .net *"_s458", 2 0, L_0x5637480faa00;  1 drivers
v0x5637480d12a0_0 .net *"_s46", 2 0, L_0x5637480ea290;  1 drivers
v0x5637480d1380_0 .net *"_s460", 2 0, L_0x5637480fa490;  1 drivers
v0x5637480d1460_0 .net *"_s462", 2 0, L_0x5637480fa620;  1 drivers
v0x5637480d1540_0 .net *"_s464", 2 0, L_0x5637480fa7b0;  1 drivers
v0x5637480d1620_0 .net *"_s466", 2 0, L_0x5637480fb080;  1 drivers
v0x5637480d1700_0 .net *"_s468", 2 0, L_0x5637480fab90;  1 drivers
v0x5637480d17e0_0 .net *"_s470", 0 0, L_0x5637480facd0;  1 drivers
v0x5637480d18c0_0 .net *"_s472", 0 0, L_0x5637480fad70;  1 drivers
v0x5637480d19a0_0 .net *"_s474", 0 0, L_0x5637480fae60;  1 drivers
L_0x7fe3430d6060 .functor BUFT 1, C4<000>, C4<0>, C4<0>, C4<0>;
v0x5637480d1a80_0 .net/2u *"_s48", 2 0, L_0x7fe3430d6060;  1 drivers
v0x5637480d1b60_0 .net *"_s481", 2 0, L_0x5637480fb640;  1 drivers
L_0x7fe3430d7728 .functor BUFT 1, C4<000>, C4<0>, C4<0>, C4<0>;
v0x5637480d1c40_0 .net/2u *"_s482", 2 0, L_0x7fe3430d7728;  1 drivers
v0x5637480d1d20_0 .net *"_s484", 0 0, L_0x5637480fb6e0;  1 drivers
L_0x7fe3430d7770 .functor BUFT 1, C4<001>, C4<0>, C4<0>, C4<0>;
v0x5637480d1de0_0 .net/2u *"_s486", 2 0, L_0x7fe3430d7770;  1 drivers
v0x5637480d1ec0_0 .net *"_s489", 2 0, L_0x5637480fb120;  1 drivers
L_0x7fe3430d77b8 .functor BUFT 1, C4<001>, C4<0>, C4<0>, C4<0>;
v0x5637480d1fa0_0 .net/2u *"_s490", 2 0, L_0x7fe3430d77b8;  1 drivers
v0x5637480d2080_0 .net *"_s492", 0 0, L_0x5637480fb1c0;  1 drivers
L_0x7fe3430d7800 .functor BUFT 1, C4<000>, C4<0>, C4<0>, C4<0>;
v0x5637480d2140_0 .net/2u *"_s494", 2 0, L_0x7fe3430d7800;  1 drivers
v0x5637480d2220_0 .net *"_s497", 2 0, L_0x5637480fb300;  1 drivers
L_0x7fe3430d7848 .functor BUFT 1, C4<010>, C4<0>, C4<0>, C4<0>;
v0x5637480d2300_0 .net/2u *"_s498", 2 0, L_0x7fe3430d7848;  1 drivers
v0x5637480d23e0_0 .net *"_s50", 0 0, L_0x5637480ea6f0;  1 drivers
v0x5637480d24a0_0 .net *"_s500", 0 0, L_0x5637480fb3a0;  1 drivers
L_0x7fe3430d7890 .functor BUFT 1, C4<000>, C4<0>, C4<0>, C4<0>;
v0x5637480d2560_0 .net/2u *"_s502", 2 0, L_0x7fe3430d7890;  1 drivers
v0x5637480d2640_0 .net *"_s505", 2 0, L_0x5637480fb4e0;  1 drivers
L_0x7fe3430d78d8 .functor BUFT 1, C4<011>, C4<0>, C4<0>, C4<0>;
v0x5637480d2720_0 .net/2u *"_s506", 2 0, L_0x7fe3430d78d8;  1 drivers
v0x5637480d2800_0 .net *"_s508", 0 0, L_0x5637480fb580;  1 drivers
L_0x7fe3430d7920 .functor BUFT 1, C4<010>, C4<0>, C4<0>, C4<0>;
v0x5637480d28c0_0 .net/2u *"_s510", 2 0, L_0x7fe3430d7920;  1 drivers
v0x5637480d29a0_0 .net *"_s513", 2 0, L_0x5637480fb7d0;  1 drivers
L_0x7fe3430d7968 .functor BUFT 1, C4<100>, C4<0>, C4<0>, C4<0>;
v0x5637480d2a80_0 .net/2u *"_s514", 2 0, L_0x7fe3430d7968;  1 drivers
v0x5637480d2b60_0 .net *"_s516", 0 0, L_0x5637480fb870;  1 drivers
L_0x7fe3430d79b0 .functor BUFT 1, C4<110>, C4<0>, C4<0>, C4<0>;
v0x5637480d2c20_0 .net/2u *"_s518", 2 0, L_0x7fe3430d79b0;  1 drivers
L_0x7fe3430d60a8 .functor BUFT 1, C4<001>, C4<0>, C4<0>, C4<0>;
v0x5637480d2d00_0 .net/2u *"_s52", 2 0, L_0x7fe3430d60a8;  1 drivers
v0x5637480d2de0_0 .net *"_s521", 2 0, L_0x5637480fb960;  1 drivers
L_0x7fe3430d79f8 .functor BUFT 1, C4<101>, C4<0>, C4<0>, C4<0>;
v0x5637480d2ec0_0 .net/2u *"_s522", 2 0, L_0x7fe3430d79f8;  1 drivers
v0x5637480d2fa0_0 .net *"_s524", 0 0, L_0x5637480fba00;  1 drivers
L_0x7fe3430d7a40 .functor BUFT 1, C4<100>, C4<0>, C4<0>, C4<0>;
v0x5637480d3060_0 .net/2u *"_s526", 2 0, L_0x7fe3430d7a40;  1 drivers
v0x5637480d3140_0 .net *"_s529", 2 0, L_0x5637480fbb70;  1 drivers
L_0x7fe3430d7a88 .functor BUFT 1, C4<110>, C4<0>, C4<0>, C4<0>;
v0x5637480d3220_0 .net/2u *"_s530", 2 0, L_0x7fe3430d7a88;  1 drivers
v0x5637480d3300_0 .net *"_s532", 0 0, L_0x5637480fbc40;  1 drivers
L_0x7fe3430d7ad0 .functor BUFT 1, C4<100>, C4<0>, C4<0>, C4<0>;
v0x5637480d33c0_0 .net/2u *"_s534", 2 0, L_0x7fe3430d7ad0;  1 drivers
L_0x7fe3430d7b18 .functor BUFT 1, C4<001>, C4<0>, C4<0>, C4<0>;
v0x5637480d34a0_0 .net/2u *"_s536", 2 0, L_0x7fe3430d7b18;  1 drivers
v0x5637480d3580_0 .net *"_s538", 2 0, L_0x5637480fbdc0;  1 drivers
v0x5637480d3660_0 .net *"_s540", 2 0, L_0x5637480fbf80;  1 drivers
v0x5637480d3740_0 .net *"_s542", 2 0, L_0x5637480fc110;  1 drivers
v0x5637480d3820_0 .net *"_s544", 2 0, L_0x5637480fc2a0;  1 drivers
v0x5637480d3900_0 .net *"_s546", 2 0, L_0x5637480fca80;  1 drivers
v0x5637480d39e0_0 .net *"_s548", 2 0, L_0x5637480fcc10;  1 drivers
v0x5637480d3ac0_0 .net *"_s55", 1 0, L_0x5637480ea970;  1 drivers
v0x5637480d3ba0_0 .net *"_s550", 2 0, L_0x5637480fc4d0;  1 drivers
v0x5637480d3c80_0 .net *"_s552", 0 0, L_0x5637480fc610;  1 drivers
v0x5637480d3d60_0 .net *"_s554", 0 0, L_0x5637480fc6b0;  1 drivers
v0x5637480d3e40_0 .net *"_s556", 0 0, L_0x5637480fc7a0;  1 drivers
L_0x7fe3430d60f0 .functor BUFT 1, C4<0>, C4<0>, C4<0>, C4<0>;
v0x5637480d3f20_0 .net/2u *"_s56", 0 0, L_0x7fe3430d60f0;  1 drivers
v0x5637480d4000_0 .net *"_s563", 2 0, L_0x5637480fc840;  1 drivers
L_0x7fe3430d7b60 .functor BUFT 1, C4<000>, C4<0>, C4<0>, C4<0>;
v0x5637480d40e0_0 .net/2u *"_s564", 2 0, L_0x7fe3430d7b60;  1 drivers
v0x5637480d41c0_0 .net *"_s566", 0 0, L_0x5637480fc8e0;  1 drivers
L_0x7fe3430d7ba8 .functor BUFT 1, C4<001>, C4<0>, C4<0>, C4<0>;
v0x5637480d4280_0 .net/2u *"_s568", 2 0, L_0x7fe3430d7ba8;  1 drivers
v0x5637480d4360_0 .net *"_s571", 2 0, L_0x5637480fccb0;  1 drivers
L_0x7fe3430d7bf0 .functor BUFT 1, C4<001>, C4<0>, C4<0>, C4<0>;
v0x5637480d4440_0 .net/2u *"_s572", 2 0, L_0x7fe3430d7bf0;  1 drivers
v0x5637480d4520_0 .net *"_s574", 0 0, L_0x5637480fcd50;  1 drivers
L_0x7fe3430d7c38 .functor BUFT 1, C4<000>, C4<0>, C4<0>, C4<0>;
v0x5637480d45e0_0 .net/2u *"_s576", 2 0, L_0x7fe3430d7c38;  1 drivers
v0x5637480d46c0_0 .net *"_s579", 2 0, L_0x5637480fce90;  1 drivers
v0x5637480d47a0_0 .net *"_s58", 2 0, L_0x5637480eaa70;  1 drivers
L_0x7fe3430d7c80 .functor BUFT 1, C4<010>, C4<0>, C4<0>, C4<0>;
v0x5637480d4880_0 .net/2u *"_s580", 2 0, L_0x7fe3430d7c80;  1 drivers
v0x5637480d4960_0 .net *"_s582", 0 0, L_0x5637480fcf30;  1 drivers
L_0x7fe3430d7cc8 .functor BUFT 1, C4<000>, C4<0>, C4<0>, C4<0>;
v0x5637480d4a20_0 .net/2u *"_s584", 2 0, L_0x7fe3430d7cc8;  1 drivers
v0x5637480d4b00_0 .net *"_s587", 2 0, L_0x5637480fd070;  1 drivers
L_0x7fe3430d7d10 .functor BUFT 1, C4<011>, C4<0>, C4<0>, C4<0>;
v0x5637480d4be0_0 .net/2u *"_s588", 2 0, L_0x7fe3430d7d10;  1 drivers
v0x5637480d4cc0_0 .net *"_s590", 0 0, L_0x5637480fd110;  1 drivers
L_0x7fe3430d7d58 .functor BUFT 1, C4<010>, C4<0>, C4<0>, C4<0>;
v0x5637480d4d80_0 .net/2u *"_s592", 2 0, L_0x7fe3430d7d58;  1 drivers
v0x5637480d4e60_0 .net *"_s595", 2 0, L_0x5637480fd950;  1 drivers
L_0x7fe3430d7da0 .functor BUFT 1, C4<100>, C4<0>, C4<0>, C4<0>;
v0x5637480d4f40_0 .net/2u *"_s596", 2 0, L_0x7fe3430d7da0;  1 drivers
v0x5637480d5020_0 .net *"_s598", 0 0, L_0x5637480fd9f0;  1 drivers
L_0x7fe3430d6138 .functor BUFT 1, C4<001>, C4<0>, C4<0>, C4<0>;
v0x5637480d50e0_0 .net/2u *"_s60", 2 0, L_0x7fe3430d6138;  1 drivers
L_0x7fe3430d7de8 .functor BUFT 1, C4<110>, C4<0>, C4<0>, C4<0>;
v0x5637480d51c0_0 .net/2u *"_s600", 2 0, L_0x7fe3430d7de8;  1 drivers
v0x5637480d52a0_0 .net *"_s603", 2 0, L_0x5637480fd330;  1 drivers
L_0x7fe3430d7e30 .functor BUFT 1, C4<101>, C4<0>, C4<0>, C4<0>;
v0x5637480cde30_0 .net/2u *"_s604", 2 0, L_0x7fe3430d7e30;  1 drivers
v0x5637480cdf10_0 .net *"_s606", 0 0, L_0x5637480fd3d0;  1 drivers
L_0x7fe3430d7e78 .functor BUFT 1, C4<100>, C4<0>, C4<0>, C4<0>;
v0x5637480cdfd0_0 .net/2u *"_s608", 2 0, L_0x7fe3430d7e78;  1 drivers
v0x5637480ce0b0_0 .net *"_s611", 2 0, L_0x5637480fd540;  1 drivers
L_0x7fe3430d7ec0 .functor BUFT 1, C4<110>, C4<0>, C4<0>, C4<0>;
v0x5637480ce190_0 .net/2u *"_s612", 2 0, L_0x7fe3430d7ec0;  1 drivers
v0x5637480ce270_0 .net *"_s614", 0 0, L_0x5637480fd610;  1 drivers
L_0x7fe3430d7f08 .functor BUFT 1, C4<100>, C4<0>, C4<0>, C4<0>;
v0x5637480ce330_0 .net/2u *"_s616", 2 0, L_0x7fe3430d7f08;  1 drivers
L_0x7fe3430d7f50 .functor BUFT 1, C4<001>, C4<0>, C4<0>, C4<0>;
v0x5637480ce410_0 .net/2u *"_s618", 2 0, L_0x7fe3430d7f50;  1 drivers
v0x5637480ce4f0_0 .net *"_s62", 0 0, L_0x5637480ead80;  1 drivers
v0x5637480d6350_0 .net *"_s620", 2 0, L_0x5637480fd780;  1 drivers
v0x5637480d63f0_0 .net *"_s622", 2 0, L_0x5637480fe180;  1 drivers
v0x5637480d64d0_0 .net *"_s624", 2 0, L_0x5637480fdc20;  1 drivers
v0x5637480d65b0_0 .net *"_s626", 2 0, L_0x5637480fddb0;  1 drivers
v0x5637480d6690_0 .net *"_s628", 2 0, L_0x5637480fdf40;  1 drivers
v0x5637480d6770_0 .net *"_s630", 2 0, L_0x5637480fe0d0;  1 drivers
v0x5637480d6850_0 .net *"_s632", 2 0, L_0x5637480fe990;  1 drivers
v0x5637480d6930_0 .net *"_s634", 0 0, L_0x5637480ff520;  1 drivers
v0x5637480d6a10_0 .net *"_s637", 0 0, L_0x5637480ff610;  1 drivers
L_0x7fe3430d6180 .functor BUFT 1, C4<000>, C4<0>, C4<0>, C4<0>;
v0x5637480d6af0_0 .net/2u *"_s64", 2 0, L_0x7fe3430d6180;  1 drivers
v0x5637480d6bd0_0 .net *"_s640", 0 0, L_0x5637480fee80;  1 drivers
v0x5637480d6cb0_0 .net *"_s648", 2 0, L_0x5637480fef70;  1 drivers
L_0x7fe3430d7f98 .functor BUFT 1, C4<000>, C4<0>, C4<0>, C4<0>;
v0x5637480d6d90_0 .net/2u *"_s649", 2 0, L_0x7fe3430d7f98;  1 drivers
v0x5637480d6e70_0 .net *"_s651", 0 0, L_0x5637480ff010;  1 drivers
L_0x7fe3430d7fe0 .functor BUFT 1, C4<001>, C4<0>, C4<0>, C4<0>;
v0x5637480d6f30_0 .net/2u *"_s653", 2 0, L_0x7fe3430d7fe0;  1 drivers
v0x5637480d7010_0 .net *"_s656", 2 0, L_0x5637480ff150;  1 drivers
L_0x7fe3430d8028 .functor BUFT 1, C4<001>, C4<0>, C4<0>, C4<0>;
v0x5637480d70f0_0 .net/2u *"_s657", 2 0, L_0x7fe3430d8028;  1 drivers
v0x5637480d71d0_0 .net *"_s659", 0 0, L_0x5637480ff1f0;  1 drivers
L_0x7fe3430d8070 .functor BUFT 1, C4<000>, C4<0>, C4<0>, C4<0>;
v0x5637480d7290_0 .net/2u *"_s661", 2 0, L_0x7fe3430d8070;  1 drivers
v0x5637480d7370_0 .net *"_s664", 2 0, L_0x5637480ff330;  1 drivers
L_0x7fe3430d80b8 .functor BUFT 1, C4<010>, C4<0>, C4<0>, C4<0>;
v0x5637480d7450_0 .net/2u *"_s665", 2 0, L_0x7fe3430d80b8;  1 drivers
v0x5637480d7530_0 .net *"_s667", 0 0, L_0x5637480ff3d0;  1 drivers
L_0x7fe3430d8100 .functor BUFT 1, C4<000>, C4<0>, C4<0>, C4<0>;
v0x5637480d75f0_0 .net/2u *"_s669", 2 0, L_0x7fe3430d8100;  1 drivers
v0x5637480d76d0_0 .net *"_s67", 1 0, L_0x5637480eaec0;  1 drivers
v0x5637480d77b0_0 .net *"_s672", 2 0, L_0x5637480ffe30;  1 drivers
L_0x7fe3430d8148 .functor BUFT 1, C4<011>, C4<0>, C4<0>, C4<0>;
v0x5637480d7890_0 .net/2u *"_s673", 2 0, L_0x7fe3430d8148;  1 drivers
v0x5637480d7970_0 .net *"_s675", 0 0, L_0x5637480ff750;  1 drivers
L_0x7fe3430d8190 .functor BUFT 1, C4<010>, C4<0>, C4<0>, C4<0>;
v0x5637480d7a30_0 .net/2u *"_s677", 2 0, L_0x7fe3430d8190;  1 drivers
L_0x7fe3430d61c8 .functor BUFT 1, C4<0>, C4<0>, C4<0>, C4<0>;
v0x5637480d7b10_0 .net/2u *"_s68", 0 0, L_0x7fe3430d61c8;  1 drivers
v0x5637480d7bf0_0 .net *"_s680", 2 0, L_0x5637480ff890;  1 drivers
L_0x7fe3430d81d8 .functor BUFT 1, C4<100>, C4<0>, C4<0>, C4<0>;
v0x5637480d7cd0_0 .net/2u *"_s681", 2 0, L_0x7fe3430d81d8;  1 drivers
v0x5637480d7db0_0 .net *"_s683", 0 0, L_0x5637480ff930;  1 drivers
L_0x7fe3430d8220 .functor BUFT 1, C4<110>, C4<0>, C4<0>, C4<0>;
v0x5637480d7e70_0 .net/2u *"_s685", 2 0, L_0x7fe3430d8220;  1 drivers
v0x5637480d7f50_0 .net *"_s688", 2 0, L_0x5637480ffa70;  1 drivers
L_0x7fe3430d8268 .functor BUFT 1, C4<101>, C4<0>, C4<0>, C4<0>;
v0x5637480d8030_0 .net/2u *"_s689", 2 0, L_0x7fe3430d8268;  1 drivers
v0x5637480d8110_0 .net *"_s691", 0 0, L_0x5637480ffb10;  1 drivers
L_0x7fe3430d82b0 .functor BUFT 1, C4<100>, C4<0>, C4<0>, C4<0>;
v0x5637480d81d0_0 .net/2u *"_s693", 2 0, L_0x7fe3430d82b0;  1 drivers
v0x5637480d82b0_0 .net *"_s696", 2 0, L_0x5637480ffc50;  1 drivers
L_0x7fe3430d82f8 .functor BUFT 1, C4<110>, C4<0>, C4<0>, C4<0>;
v0x5637480d8390_0 .net/2u *"_s697", 2 0, L_0x7fe3430d82f8;  1 drivers
v0x5637480d8470_0 .net *"_s699", 0 0, L_0x5637480ffcf0;  1 drivers
v0x5637480d8530_0 .net *"_s70", 2 0, L_0x5637480eb0c0;  1 drivers
L_0x7fe3430d8340 .functor BUFT 1, C4<100>, C4<0>, C4<0>, C4<0>;
v0x5637480d8610_0 .net/2u *"_s701", 2 0, L_0x7fe3430d8340;  1 drivers
L_0x7fe3430d8388 .functor BUFT 1, C4<001>, C4<0>, C4<0>, C4<0>;
v0x5637480d86f0_0 .net/2u *"_s703", 2 0, L_0x7fe3430d8388;  1 drivers
v0x5637480d87d0_0 .net *"_s705", 2 0, L_0x5637481005f0;  1 drivers
v0x5637480d88b0_0 .net *"_s707", 2 0, L_0x5637480fffc0;  1 drivers
v0x5637480d8990_0 .net *"_s709", 2 0, L_0x563748100150;  1 drivers
v0x5637480d8a70_0 .net *"_s711", 2 0, L_0x5637481002e0;  1 drivers
v0x5637480d8b50_0 .net *"_s713", 2 0, L_0x563748100470;  1 drivers
v0x5637480d8c30_0 .net *"_s715", 2 0, L_0x563748100e30;  1 drivers
v0x5637480d8d10_0 .net *"_s717", 2 0, L_0x563748100fc0;  1 drivers
L_0x7fe3430d83d0 .functor BUFT 1, C4<0>, C4<0>, C4<0>, C4<0>;
v0x5637480d8df0_0 .net/2u *"_s719", 0 0, L_0x7fe3430d83d0;  1 drivers
L_0x7fe3430d6210 .functor BUFT 1, C4<010>, C4<0>, C4<0>, C4<0>;
v0x5637480d8ed0_0 .net/2u *"_s72", 2 0, L_0x7fe3430d6210;  1 drivers
v0x5637480d8fb0_0 .net *"_s74", 0 0, L_0x5637480eb1e0;  1 drivers
v0x5637480d9070_0 .net/s *"_s747", 31 0, L_0x563748101150;  1 drivers
L_0x7fe3430d8418 .functor BUFT 1, C4<00000000000000000000000000000000>, C4<0>, C4<0>, C4<0>;
v0x5637480d9150_0 .net/2s *"_s749", 31 0, L_0x7fe3430d8418;  1 drivers
v0x5637480d9230_0 .net *"_s751", 0 0, L_0x563748101240;  1 drivers
v0x5637480d92f0_0 .net *"_s754", 0 0, L_0x563748101380;  1 drivers
v0x5637480d93d0_0 .net *"_s755", 16 0, L_0x563748101420;  1 drivers
v0x5637480d94b0_0 .net *"_s757", 33 0, L_0x563748101640;  1 drivers
L_0x7fe3430d6258 .functor BUFT 1, C4<000>, C4<0>, C4<0>, C4<0>;
v0x5637480d9590_0 .net/2u *"_s76", 2 0, L_0x7fe3430d6258;  1 drivers
v0x5637480d9670_0 .net *"_s760", 0 0, L_0x5637481016e0;  1 drivers
v0x5637480d9750_0 .net *"_s761", 33 0, L_0x563748101980;  1 drivers
L_0x7fe3430d8460 .functor BUFT 1, C4<000000000000000000000000000000000>, C4<0>, C4<0>, C4<0>;
v0x5637480d9830_0 .net *"_s764", 32 0, L_0x7fe3430d8460;  1 drivers
v0x5637480d9910_0 .net *"_s765", 33 0, L_0x563748101a70;  1 drivers
L_0x7fe3430d84a8 .functor BUFT 1, C4<0000000000000000000000000000000000>, C4<0>, C4<0>, C4<0>;
v0x5637480d99f0_0 .net/2u *"_s767", 33 0, L_0x7fe3430d84a8;  1 drivers
v0x5637480d9ad0_0 .net *"_s769", 33 0, L_0x563748101bb0;  1 drivers
v0x5637480d9bb0_0 .net/s *"_s773", 31 0, L_0x563748101e30;  1 drivers
L_0x7fe3430d84f0 .functor BUFT 1, C4<00000000000000000000000000000000>, C4<0>, C4<0>, C4<0>;
v0x5637480d9c90_0 .net/2s *"_s775", 31 0, L_0x7fe3430d84f0;  1 drivers
v0x5637480d9d70_0 .net *"_s777", 0 0, L_0x563748101f20;  1 drivers
v0x5637480d9e30_0 .net *"_s780", 0 0, L_0x563748102060;  1 drivers
v0x5637480d9f10_0 .net *"_s781", 16 0, L_0x563748113160;  1 drivers
L_0x7fe3430d8538 .functor BUFT 1, C4<00>, C4<0>, C4<0>, C4<0>;
v0x5637480d9ff0_0 .net/2u *"_s783", 1 0, L_0x7fe3430d8538;  1 drivers
v0x5637480da0d0_0 .net *"_s785", 35 0, L_0x563748113380;  1 drivers
v0x5637480da1b0_0 .net *"_s788", 0 0, L_0x563748112950;  1 drivers
L_0x7fe3430d8580 .functor BUFT 1, C4<00>, C4<0>, C4<0>, C4<0>;
v0x5637480da290_0 .net/2u *"_s789", 1 0, L_0x7fe3430d8580;  1 drivers
v0x5637480da370_0 .net *"_s79", 1 0, L_0x5637480eb490;  1 drivers
v0x5637480da450_0 .net *"_s791", 2 0, L_0x5637481129f0;  1 drivers
v0x5637480da530_0 .net *"_s793", 35 0, L_0x563748112b30;  1 drivers
L_0x7fe3430d85c8 .functor BUFT 1, C4<000000000000000000000000000000000>, C4<0>, C4<0>, C4<0>;
v0x5637480da610_0 .net *"_s796", 32 0, L_0x7fe3430d85c8;  1 drivers
v0x5637480da6f0_0 .net *"_s797", 35 0, L_0x563748112c70;  1 drivers
L_0x7fe3430d8610 .functor BUFT 1, C4<000000000000000000000000000000000000>, C4<0>, C4<0>, C4<0>;
v0x5637480da7d0_0 .net/2u *"_s799", 35 0, L_0x7fe3430d8610;  1 drivers
L_0x7fe3430d62a0 .functor BUFT 1, C4<0>, C4<0>, C4<0>, C4<0>;
v0x5637480da8b0_0 .net/2u *"_s80", 0 0, L_0x7fe3430d62a0;  1 drivers
v0x5637480da990_0 .net *"_s801", 35 0, L_0x563748112db0;  1 drivers
v0x5637480daa70_0 .net/s *"_s805", 31 0, L_0x563748113030;  1 drivers
L_0x7fe3430d8658 .functor BUFT 1, C4<00000000000000000000000000000000>, C4<0>, C4<0>, C4<0>;
v0x5637480dab50_0 .net/2s *"_s807", 31 0, L_0x7fe3430d8658;  1 drivers
v0x5637480dac30_0 .net *"_s809", 0 0, L_0x563748113c70;  1 drivers
v0x5637480dacf0_0 .net *"_s812", 0 0, L_0x563748113420;  1 drivers
v0x5637480dadd0_0 .net *"_s813", 16 0, L_0x5637481134c0;  1 drivers
L_0x7fe3430d86a0 .functor BUFT 1, C4<0000>, C4<0>, C4<0>, C4<0>;
v0x5637480daeb0_0 .net/2u *"_s815", 3 0, L_0x7fe3430d86a0;  1 drivers
v0x5637480daf90_0 .net *"_s817", 37 0, L_0x5637481138f0;  1 drivers
v0x5637480db070_0 .net *"_s82", 2 0, L_0x5637480eb560;  1 drivers
v0x5637480db150_0 .net *"_s820", 0 0, L_0x563748113990;  1 drivers
L_0x7fe3430d86e8 .functor BUFT 1, C4<0000>, C4<0>, C4<0>, C4<0>;
v0x5637480db230_0 .net/2u *"_s821", 3 0, L_0x7fe3430d86e8;  1 drivers
v0x5637480db310_0 .net *"_s823", 4 0, L_0x563748113a30;  1 drivers
v0x5637480db3f0_0 .net *"_s825", 37 0, L_0x563748113b70;  1 drivers
L_0x7fe3430d8730 .functor BUFT 1, C4<000000000000000000000000000000000>, C4<0>, C4<0>, C4<0>;
v0x5637480db4d0_0 .net *"_s828", 32 0, L_0x7fe3430d8730;  1 drivers
v0x5637480db5b0_0 .net *"_s829", 37 0, L_0x563748114690;  1 drivers
L_0x7fe3430d8778 .functor BUFT 1, C4<00000000000000000000000000000000000000>, C4<0>, C4<0>, C4<0>;
v0x5637480db690_0 .net/2u *"_s831", 37 0, L_0x7fe3430d8778;  1 drivers
v0x5637480db770_0 .net *"_s833", 37 0, L_0x5637481147d0;  1 drivers
v0x5637480db850_0 .net/s *"_s837", 31 0, L_0x563748113f90;  1 drivers
L_0x7fe3430d87c0 .functor BUFT 1, C4<00000000000000000000000000000000>, C4<0>, C4<0>, C4<0>;
v0x5637480db930_0 .net/2s *"_s839", 31 0, L_0x7fe3430d87c0;  1 drivers
L_0x7fe3430d62e8 .functor BUFT 1, C4<011>, C4<0>, C4<0>, C4<0>;
v0x5637480dba10_0 .net/2u *"_s84", 2 0, L_0x7fe3430d62e8;  1 drivers
v0x5637480dbaf0_0 .net *"_s841", 0 0, L_0x563748114080;  1 drivers
v0x5637480dbbb0_0 .net *"_s844", 0 0, L_0x5637481141c0;  1 drivers
v0x5637480dbc90_0 .net *"_s845", 16 0, L_0x563748114260;  1 drivers
L_0x7fe3430d8808 .functor BUFT 1, C4<000000>, C4<0>, C4<0>, C4<0>;
v0x5637480dbd70_0 .net/2u *"_s847", 5 0, L_0x7fe3430d8808;  1 drivers
v0x5637480dbe50_0 .net *"_s849", 39 0, L_0x563748114480;  1 drivers
v0x5637480dbf30_0 .net *"_s852", 0 0, L_0x563748114520;  1 drivers
L_0x7fe3430d8850 .functor BUFT 1, C4<000000>, C4<0>, C4<0>, C4<0>;
v0x5637480dc010_0 .net/2u *"_s853", 5 0, L_0x7fe3430d8850;  1 drivers
v0x5637480dc0f0_0 .net *"_s855", 6 0, L_0x563748114870;  1 drivers
v0x5637480dc1d0_0 .net *"_s857", 39 0, L_0x5637481149b0;  1 drivers
v0x5637480dc2b0_0 .net *"_s86", 0 0, L_0x5637480eb800;  1 drivers
L_0x7fe3430d8898 .functor BUFT 1, C4<000000000000000000000000000000000>, C4<0>, C4<0>, C4<0>;
v0x5637480dc370_0 .net *"_s860", 32 0, L_0x7fe3430d8898;  1 drivers
v0x5637480dc450_0 .net *"_s861", 39 0, L_0x563748114af0;  1 drivers
L_0x7fe3430d88e0 .functor BUFT 1, C4<0000000000000000000000000000000000000000>, C4<0>, C4<0>, C4<0>;
v0x5637480dc530_0 .net/2u *"_s863", 39 0, L_0x7fe3430d88e0;  1 drivers
v0x5637480dc610_0 .net *"_s865", 39 0, L_0x563748114c30;  1 drivers
v0x5637480dc6f0_0 .net/s *"_s869", 31 0, L_0x563748114eb0;  1 drivers
L_0x7fe3430d8928 .functor BUFT 1, C4<00000000000000000000000000000000>, C4<0>, C4<0>, C4<0>;
v0x5637480dc7d0_0 .net/2s *"_s871", 31 0, L_0x7fe3430d8928;  1 drivers
v0x5637480dc8b0_0 .net *"_s873", 0 0, L_0x563748114fa0;  1 drivers
v0x5637480dc970_0 .net *"_s876", 0 0, L_0x563748115c50;  1 drivers
v0x5637480dca50_0 .net *"_s877", 16 0, L_0x563748115cf0;  1 drivers
L_0x7fe3430d8970 .functor BUFT 1, C4<00000000>, C4<0>, C4<0>, C4<0>;
v0x5637480dcb30_0 .net/2u *"_s879", 7 0, L_0x7fe3430d8970;  1 drivers
L_0x7fe3430d6330 .functor BUFT 1, C4<010>, C4<0>, C4<0>, C4<0>;
v0x5637480dcc10_0 .net/2u *"_s88", 2 0, L_0x7fe3430d6330;  1 drivers
v0x5637480dccf0_0 .net *"_s881", 41 0, L_0x563748115340;  1 drivers
v0x5637480dcdd0_0 .net *"_s884", 0 0, L_0x5637481153e0;  1 drivers
L_0x7fe3430d89b8 .functor BUFT 1, C4<00000000>, C4<0>, C4<0>, C4<0>;
v0x5637480dceb0_0 .net/2u *"_s885", 7 0, L_0x7fe3430d89b8;  1 drivers
v0x5637480dcf90_0 .net *"_s887", 8 0, L_0x563748115480;  1 drivers
v0x5637480dd070_0 .net *"_s889", 41 0, L_0x5637481155c0;  1 drivers
L_0x7fe3430d8a00 .functor BUFT 1, C4<000000000000000000000000000000000>, C4<0>, C4<0>, C4<0>;
v0x5637480dd150_0 .net *"_s892", 32 0, L_0x7fe3430d8a00;  1 drivers
v0x5637480dd230_0 .net *"_s893", 41 0, L_0x563748115700;  1 drivers
L_0x7fe3430d8a48 .functor BUFT 1, C4<000000000000000000000000000000000000000000>, C4<0>, C4<0>, C4<0>;
v0x5637480dd310_0 .net/2u *"_s895", 41 0, L_0x7fe3430d8a48;  1 drivers
v0x5637480dd3f0_0 .net *"_s897", 41 0, L_0x563748115840;  1 drivers
v0x5637480dd4d0_0 .net/s *"_s901", 31 0, L_0x563748115ac0;  1 drivers
L_0x7fe3430d8a90 .functor BUFT 1, C4<00000000000000000000000000000000>, C4<0>, C4<0>, C4<0>;
v0x5637480dd5b0_0 .net/2s *"_s903", 31 0, L_0x7fe3430d8a90;  1 drivers
v0x5637480dd690_0 .net *"_s905", 0 0, L_0x563748115bb0;  1 drivers
v0x5637480dd750_0 .net *"_s908", 0 0, L_0x563748116a80;  1 drivers
v0x5637480dd830_0 .net *"_s909", 16 0, L_0x5637481160d0;  1 drivers
v0x5637480dd910_0 .net *"_s91", 1 0, L_0x5637480eb940;  1 drivers
L_0x7fe3430d8ad8 .functor BUFT 1, C4<0000000000>, C4<0>, C4<0>, C4<0>;
v0x5637480dd9f0_0 .net/2u *"_s911", 9 0, L_0x7fe3430d8ad8;  1 drivers
v0x5637480ddad0_0 .net *"_s913", 43 0, L_0x563748116500;  1 drivers
v0x5637480ddbb0_0 .net *"_s916", 0 0, L_0x5637481165a0;  1 drivers
L_0x7fe3430d8b20 .functor BUFT 1, C4<0000000000>, C4<0>, C4<0>, C4<0>;
v0x5637480ddc90_0 .net/2u *"_s917", 9 0, L_0x7fe3430d8b20;  1 drivers
v0x5637480ddd70_0 .net *"_s919", 10 0, L_0x563748116640;  1 drivers
L_0x7fe3430d6378 .functor BUFT 1, C4<0>, C4<0>, C4<0>, C4<0>;
v0x5637480dde50_0 .net/2u *"_s92", 0 0, L_0x7fe3430d6378;  1 drivers
v0x5637480ddf30_0 .net *"_s921", 43 0, L_0x563748116780;  1 drivers
L_0x7fe3430d8b68 .functor BUFT 1, C4<000000000000000000000000000000000>, C4<0>, C4<0>, C4<0>;
v0x5637480de010_0 .net *"_s924", 32 0, L_0x7fe3430d8b68;  1 drivers
v0x5637480de0f0_0 .net *"_s925", 43 0, L_0x5637481168c0;  1 drivers
L_0x7fe3430d8bb0 .functor BUFT 1, C4<00000000000000000000000000000000000000000000>, C4<0>, C4<0>, C4<0>;
v0x5637480de1d0_0 .net/2u *"_s927", 43 0, L_0x7fe3430d8bb0;  1 drivers
v0x5637480de2b0_0 .net *"_s929", 43 0, L_0x5637481174c0;  1 drivers
v0x5637480de390_0 .net/s *"_s933", 31 0, L_0x563748116b20;  1 drivers
L_0x7fe3430d8bf8 .functor BUFT 1, C4<00000000000000000000000000000000>, C4<0>, C4<0>, C4<0>;
v0x5637480de470_0 .net/2s *"_s935", 31 0, L_0x7fe3430d8bf8;  1 drivers
v0x5637480de550_0 .net *"_s937", 0 0, L_0x563748116c10;  1 drivers
v0x5637480de610_0 .net *"_s94", 2 0, L_0x5637480ebba0;  1 drivers
v0x5637480de6f0_0 .net *"_s940", 0 0, L_0x563748116d50;  1 drivers
v0x5637480de7d0_0 .net *"_s941", 16 0, L_0x563748116df0;  1 drivers
L_0x7fe3430d8c40 .functor BUFT 1, C4<000000000000>, C4<0>, C4<0>, C4<0>;
v0x5637480de8b0_0 .net/2u *"_s943", 11 0, L_0x7fe3430d8c40;  1 drivers
v0x5637480de990_0 .net *"_s945", 45 0, L_0x563748117220;  1 drivers
v0x5637480dea70_0 .net *"_s948", 0 0, L_0x5637481172c0;  1 drivers
L_0x7fe3430d8c88 .functor BUFT 1, C4<000000000000>, C4<0>, C4<0>, C4<0>;
v0x5637480deb50_0 .net/2u *"_s949", 11 0, L_0x7fe3430d8c88;  1 drivers
v0x5637480dec30_0 .net *"_s951", 12 0, L_0x563748117360;  1 drivers
v0x5637480ded10_0 .net *"_s953", 45 0, L_0x563748117740;  1 drivers
L_0x7fe3430d8cd0 .functor BUFT 1, C4<000000000000000000000000000000000>, C4<0>, C4<0>, C4<0>;
v0x5637480dedf0_0 .net *"_s956", 32 0, L_0x7fe3430d8cd0;  1 drivers
v0x5637480deed0_0 .net *"_s957", 45 0, L_0x563748117880;  1 drivers
L_0x7fe3430d8d18 .functor BUFT 1, C4<0000000000000000000000000000000000000000000000>, C4<0>, C4<0>, C4<0>;
v0x5637480defb0_0 .net/2u *"_s959", 45 0, L_0x7fe3430d8d18;  1 drivers
L_0x7fe3430d63c0 .functor BUFT 1, C4<100>, C4<0>, C4<0>, C4<0>;
v0x5637480df090_0 .net/2u *"_s96", 2 0, L_0x7fe3430d63c0;  1 drivers
v0x5637480df170_0 .net *"_s961", 45 0, L_0x5637481179c0;  1 drivers
v0x5637480df250_0 .net/s *"_s965", 31 0, L_0x563748117c40;  1 drivers
L_0x7fe3430d8d60 .functor BUFT 1, C4<00000000000000000000000000000000>, C4<0>, C4<0>, C4<0>;
v0x5637480df330_0 .net/2s *"_s967", 31 0, L_0x7fe3430d8d60;  1 drivers
v0x5637480df410_0 .net *"_s969", 0 0, L_0x563748117d30;  1 drivers
v0x5637480df4d0_0 .net *"_s972", 0 0, L_0x563748117e70;  1 drivers
v0x5637480df5b0_0 .net *"_s973", 16 0, L_0x563748117f10;  1 drivers
L_0x7fe3430d8da8 .functor BUFT 1, C4<00000000000000>, C4<0>, C4<0>, C4<0>;
v0x5637480df690_0 .net/2u *"_s975", 13 0, L_0x7fe3430d8da8;  1 drivers
v0x5637480df770_0 .net *"_s977", 47 0, L_0x5637481195e0;  1 drivers
v0x5637480df850_0 .net *"_s98", 0 0, L_0x5637480ebd10;  1 drivers
v0x5637480df910_0 .net *"_s980", 0 0, L_0x563748118920;  1 drivers
L_0x7fe3430d8df0 .functor BUFT 1, C4<00000000000000>, C4<0>, C4<0>, C4<0>;
v0x5637480df9f0_0 .net/2u *"_s981", 13 0, L_0x7fe3430d8df0;  1 drivers
v0x5637480dfad0_0 .net *"_s983", 14 0, L_0x5637481189c0;  1 drivers
v0x5637480dfbb0_0 .net *"_s985", 47 0, L_0x563748118b00;  1 drivers
L_0x7fe3430d8e38 .functor BUFT 1, C4<000000000000000000000000000000000>, C4<0>, C4<0>, C4<0>;
v0x5637480dfc90_0 .net *"_s988", 32 0, L_0x7fe3430d8e38;  1 drivers
v0x5637480dfd70_0 .net *"_s989", 47 0, L_0x563748118c40;  1 drivers
L_0x7fe3430d8e80 .functor BUFT 1, C4<000000000000000000000000000000000000000000000000>, C4<0>, C4<0>, C4<0>;
v0x5637480dfe50_0 .net/2u *"_s991", 47 0, L_0x7fe3430d8e80;  1 drivers
v0x5637480dff30_0 .net *"_s993", 47 0, L_0x563748118d80;  1 drivers
v0x5637480e0010_0 .net/s *"_s997", 31 0, L_0x563748119000;  1 drivers
v0x5637480e00f0_0 .net/s *"_s999", 31 0, L_0x563748119140;  1 drivers
v0x5637480e01d0 .array "and_gate_output", 7 0;
v0x5637480e01d0_0 .net/s v0x5637480e01d0 0, 16 0, L_0x5637480e2c10; 1 drivers
v0x5637480e01d0_1 .net/s v0x5637480e01d0 1, 16 0, L_0x5637480e3c80; 1 drivers
v0x5637480e01d0_2 .net/s v0x5637480e01d0 2, 16 0, L_0x5637480e4b60; 1 drivers
v0x5637480e01d0_3 .net/s v0x5637480e01d0 3, 16 0, L_0x5637480e5ad0; 1 drivers
v0x5637480e01d0_4 .net/s v0x5637480e01d0 4, 16 0, L_0x5637480e69e0; 1 drivers
v0x5637480e01d0_5 .net/s v0x5637480e01d0 5, 16 0, L_0x5637480e79d0; 1 drivers
v0x5637480e01d0_6 .net/s v0x5637480e01d0 6, 16 0, L_0x5637480e8a30; 1 drivers
v0x5637480e01d0_7 .net/s v0x5637480e01d0 7, 16 0, L_0x5637480ea010; 1 drivers
v0x5637480e0390_0 .net/s "left_shift_by_1bit_multiplicand", 16 0, L_0x5637481007c0;  1 drivers
v0x5637480e0470 .array "m", 7 0;
v0x5637480e0470_0 .net/s v0x5637480e0470 0, 16 0, L_0x5637480e22d0; 1 drivers
v0x5637480e0470_1 .net/s v0x5637480e0470 1, 16 0, L_0x5637480e2f40; 1 drivers
v0x5637480e0470_2 .net/s v0x5637480e0470 2, 16 0, L_0x5637480e3f80; 1 drivers
v0x5637480e0470_3 .net/s v0x5637480e0470 3, 16 0, L_0x5637480e4e80; 1 drivers
v0x5637480e0470_4 .net/s v0x5637480e0470 4, 16 0, L_0x5637480e5e60; 1 drivers
v0x5637480e0470_5 .net/s v0x5637480e0470 5, 16 0, L_0x5637480e6d90; 1 drivers
v0x5637480e0470_6 .net/s v0x5637480e0470 6, 16 0, L_0x5637480e7dd0; 1 drivers
v0x5637480e0470_7 .net/s v0x5637480e0470 7, 16 0, L_0x5637480e9060; 1 drivers
v0x5637480e0680_0 .net/s "multiplicand", 15 0, v0x5637480e1d30_0;  1 drivers
v0x5637480e0760_0 .net/s "multiplier", 15 0, v0x5637480e1df0_0;  1 drivers
v0x5637480e0840_0 .net "neg", 7 0, L_0x5637480feb60;  1 drivers
v0x5637480e0920_0 .net/s "pp1", 16 0, L_0x5637481008b0;  1 drivers
v0x5637480e0a00_0 .net/s "pp11", 31 0, L_0x563748101d40;  1 drivers
v0x5637480e0ae0_0 .net/s "pp2", 16 0, L_0x5637481009a0;  1 drivers
v0x5637480e0bc0_0 .net/s "pp22", 31 0, L_0x563748112f40;  1 drivers
v0x5637480e0ca0_0 .net/s "pp3", 16 0, L_0x563748100a90;  1 drivers
v0x5637480e0d80_0 .net/s "pp33", 31 0, L_0x563748113ea0;  1 drivers
v0x5637480e0e60_0 .net/s "pp4", 16 0, L_0x563748100b80;  1 drivers
v0x5637480e0f40_0 .net/s "pp44", 31 0, L_0x563748114dc0;  1 drivers
v0x5637480e1020_0 .net/s "pp5", 16 0, L_0x563748100c70;  1 drivers
v0x5637480e1100_0 .net/s "pp55", 31 0, L_0x5637481159d0;  1 drivers
v0x5637480e11e0_0 .net/s "pp6", 16 0, L_0x5637481017f0;  1 drivers
v0x5637480e12c0_0 .net/s "pp66", 31 0, L_0x563748117650;  1 drivers
v0x5637480e13a0_0 .net/s "pp7", 16 0, L_0x563748101890;  1 drivers
v0x5637480e1480_0 .net/s "pp77", 31 0, L_0x563748117b50;  1 drivers
v0x5637480e1560_0 .net/s "pp8", 16 0, L_0x563748101060;  1 drivers
v0x5637480e1640_0 .net/s "pp88", 31 0, L_0x563748118f10;  1 drivers
v0x5637480e1720_0 .net/s "product", 31 0, L_0x563748119900;  alias, 1 drivers
v0x5637480e1800_0 .net "two", 7 0, L_0x5637480fe220;  1 drivers
v0x5637480e18e0 .array "xor_gate_output", 7 0;
v0x5637480e18e0_0 .net/s v0x5637480e18e0 0, 16 0, L_0x5637480a2770; 1 drivers
v0x5637480e18e0_1 .net/s v0x5637480e18e0 1, 16 0, L_0x5637480e35f0; 1 drivers
v0x5637480e18e0_2 .net/s v0x5637480e18e0 2, 16 0, L_0x5637480e4500; 1 drivers
v0x5637480e18e0_3 .net/s v0x5637480e18e0 3, 16 0, L_0x5637480e4660; 1 drivers
v0x5637480e18e0_4 .net/s v0x5637480e18e0 4, 16 0, L_0x5637480e63e0; 1 drivers
v0x5637480e18e0_5 .net/s v0x5637480e18e0 5, 16 0, L_0x5637480e7310; 1 drivers
v0x5637480e18e0_6 .net/s v0x5637480e18e0 6, 16 0, L_0x5637480e8350; 1 drivers
v0x5637480e18e0_7 .net/s v0x5637480e18e0 7, 16 0, L_0x5637480e9800; 1 drivers
v0x5637480e1af0_0 .net "zero", 7 0, L_0x5637480fe540;  1 drivers
L_0x5637480e2020 .part L_0x5637480fe220, 0, 1;
L_0x5637480e20c0 .part v0x5637480e1d30_0, 15, 1;
L_0x5637480e2410 .part L_0x5637480feb60, 0, 1;
L_0x5637480e26f0 .part L_0x5637480fe540, 0, 1;
L_0x5637480e2cd0 .part L_0x5637480fe220, 1, 1;
L_0x5637480e2dc0 .part v0x5637480e1d30_0, 15, 1;
L_0x5637480e30d0 .part L_0x5637480feb60, 1, 1;
L_0x5637480e36b0 .part L_0x5637480fe540, 1, 1;
L_0x5637480e3d40 .part L_0x5637480fe220, 2, 1;
L_0x5637480e3de0 .part v0x5637480e1d30_0, 15, 1;
L_0x5637480e40c0 .part L_0x5637480feb60, 2, 1;
L_0x5637480e45c0 .part L_0x5637480fe540, 2, 1;
L_0x5637480e4c20 .part L_0x5637480fe220, 3, 1;
L_0x5637480e4cc0 .part v0x5637480e1d30_0, 15, 1;
L_0x5637480e4fc0 .part L_0x5637480feb60, 3, 1;
L_0x5637480e54d0 .part L_0x5637480fe540, 3, 1;
L_0x5637480e5b90 .part L_0x5637480fe220, 4, 1;
L_0x5637480e5c30 .part v0x5637480e1d30_0, 15, 1;
L_0x5637480e5fa0 .part L_0x5637480feb60, 4, 1;
L_0x5637480e64a0 .part L_0x5637480fe540, 4, 1;
L_0x5637480e6aa0 .part L_0x5637480fe220, 5, 1;
L_0x5637480e6b40 .part v0x5637480e1d30_0, 15, 1;
L_0x5637480e6ed0 .part L_0x5637480feb60, 5, 1;
L_0x5637480e73d0 .part L_0x5637480fe540, 5, 1;
L_0x5637480e7a90 .part L_0x5637480fe220, 6, 1;
L_0x5637480e7b30 .part v0x5637480e1d30_0, 15, 1;
L_0x5637480e7f10 .part L_0x5637480feb60, 6, 1;
L_0x5637480e8410 .part L_0x5637480fe540, 6, 1;
L_0x5637480e8af0 .part L_0x5637480fe220, 7, 1;
L_0x5637480e8b90 .part v0x5637480e1d30_0, 15, 1;
L_0x5637480e91a0 .part L_0x5637480feb60, 7, 1;
L_0x5637480e98c0 .part L_0x5637480fe540, 7, 1;
L_0x5637480ea0d0 .part L_0x5637480edb90, 2, 1;
L_0x5637480ea170 .part L_0x5637480edb90, 1, 1;
L_0x5637480ea3b0 .part L_0x5637480edb90, 0, 1;
L_0x5637480ea450 .part v0x5637480e1df0_0, 0, 2;
L_0x5637480ea290 .concat [ 1 2 0 0], L_0x7fe3430d6018, L_0x5637480ea450;
L_0x5637480ea6f0 .cmp/eq 3, L_0x5637480ea290, L_0x7fe3430d6060;
L_0x5637480ea970 .part v0x5637480e1df0_0, 0, 2;
L_0x5637480eaa70 .concat [ 1 2 0 0], L_0x7fe3430d60f0, L_0x5637480ea970;
L_0x5637480ead80 .cmp/eq 3, L_0x5637480eaa70, L_0x7fe3430d6138;
L_0x5637480eaec0 .part v0x5637480e1df0_0, 0, 2;
L_0x5637480eb0c0 .concat [ 1 2 0 0], L_0x7fe3430d61c8, L_0x5637480eaec0;
L_0x5637480eb1e0 .cmp/eq 3, L_0x5637480eb0c0, L_0x7fe3430d6210;
L_0x5637480eb490 .part v0x5637480e1df0_0, 0, 2;
L_0x5637480eb560 .concat [ 1 2 0 0], L_0x7fe3430d62a0, L_0x5637480eb490;
L_0x5637480eb800 .cmp/eq 3, L_0x5637480eb560, L_0x7fe3430d62e8;
L_0x5637480eb940 .part v0x5637480e1df0_0, 0, 2;
L_0x5637480ebba0 .concat [ 1 2 0 0], L_0x7fe3430d6378, L_0x5637480eb940;
L_0x5637480ebd10 .cmp/eq 3, L_0x5637480ebba0, L_0x7fe3430d63c0;
L_0x5637480ebff0 .part v0x5637480e1df0_0, 0, 2;
L_0x5637480ec0c0 .concat [ 1 2 0 0], L_0x7fe3430d6450, L_0x5637480ebff0;
L_0x5637480ec3e0 .cmp/eq 3, L_0x5637480ec0c0, L_0x7fe3430d6498;
L_0x5637480ec520 .part v0x5637480e1df0_0, 0, 2;
L_0x5637480ec7b0 .concat [ 1 2 0 0], L_0x7fe3430d6528, L_0x5637480ec520;
L_0x5637480ec920 .cmp/eq 3, L_0x5637480ec7b0, L_0x7fe3430d6570;
L_0x5637480ecc30 .functor MUXZ 3, L_0x7fe3430d6600, L_0x7fe3430d65b8, L_0x5637480ec920, C4<>;
L_0x5637480ecdf0 .functor MUXZ 3, L_0x5637480ecc30, L_0x7fe3430d64e0, L_0x5637480ec3e0, C4<>;
L_0x5637480ed160 .functor MUXZ 3, L_0x5637480ecdf0, L_0x7fe3430d6408, L_0x5637480ebd10, C4<>;
L_0x5637480ed2f0 .functor MUXZ 3, L_0x5637480ed160, L_0x7fe3430d6330, L_0x5637480eb800, C4<>;
L_0x5637480ed670 .functor MUXZ 3, L_0x5637480ed2f0, L_0x7fe3430d6258, L_0x5637480eb1e0, C4<>;
L_0x5637480ed800 .functor MUXZ 3, L_0x5637480ed670, L_0x7fe3430d6180, L_0x5637480ead80, C4<>;
L_0x5637480edb90 .functor MUXZ 3, L_0x5637480ed800, L_0x7fe3430d60a8, L_0x5637480ea6f0, C4<>;
L_0x5637480edcd0 .part L_0x5637480f12f0, 2, 1;
L_0x5637480edf80 .part L_0x5637480f12f0, 1, 1;
L_0x5637480ee070 .part L_0x5637480f12f0, 0, 1;
L_0x5637480ee330 .part v0x5637480e1df0_0, 1, 3;
L_0x5637480ee3d0 .cmp/eq 3, L_0x5637480ee330, L_0x7fe3430d6648;
L_0x5637480ee740 .part v0x5637480e1df0_0, 1, 3;
L_0x5637480ee7e0 .cmp/eq 3, L_0x5637480ee740, L_0x7fe3430d66d8;
L_0x5637480eeb60 .part v0x5637480e1df0_0, 1, 3;
L_0x5637480eec00 .cmp/eq 3, L_0x5637480eeb60, L_0x7fe3430d6768;
L_0x5637480eef90 .part v0x5637480e1df0_0, 1, 3;
L_0x5637480ef030 .cmp/eq 3, L_0x5637480eef90, L_0x7fe3430d67f8;
L_0x5637480ef3d0 .part v0x5637480e1df0_0, 1, 3;
L_0x5637480ef470 .cmp/eq 3, L_0x5637480ef3d0, L_0x7fe3430d6888;
L_0x5637480ef820 .part v0x5637480e1df0_0, 1, 3;
L_0x5637480ef8c0 .cmp/eq 3, L_0x5637480ef820, L_0x7fe3430d6918;
L_0x5637480efc80 .part v0x5637480e1df0_0, 1, 3;
L_0x5637480efd50 .cmp/eq 3, L_0x5637480efc80, L_0x7fe3430d69a8;
L_0x5637480f0150 .functor MUXZ 3, L_0x7fe3430d6a38, L_0x7fe3430d69f0, L_0x5637480efd50, C4<>;
L_0x5637480f0310 .functor MUXZ 3, L_0x5637480f0150, L_0x7fe3430d6960, L_0x5637480ef8c0, C4<>;
L_0x5637480f0740 .functor MUXZ 3, L_0x5637480f0310, L_0x7fe3430d68d0, L_0x5637480ef470, C4<>;
L_0x5637480f08d0 .functor MUXZ 3, L_0x5637480f0740, L_0x7fe3430d6840, L_0x5637480ef030, C4<>;
L_0x5637480f0d10 .functor MUXZ 3, L_0x5637480f08d0, L_0x7fe3430d67b0, L_0x5637480eec00, C4<>;
L_0x5637480f0ea0 .functor MUXZ 3, L_0x5637480f0d10, L_0x7fe3430d6720, L_0x5637480ee7e0, C4<>;
L_0x5637480f12f0 .functor MUXZ 3, L_0x5637480f0ea0, L_0x7fe3430d6690, L_0x5637480ee3d0, C4<>;
L_0x5637480f1430 .part L_0x5637480f5560, 2, 1;
L_0x5637480f17a0 .part L_0x5637480f5560, 1, 1;
L_0x5637480f1890 .part L_0x5637480f5560, 0, 1;
L_0x5637480f1c10 .part v0x5637480e1df0_0, 3, 3;
L_0x5637480f1ec0 .cmp/eq 3, L_0x5637480f1c10, L_0x7fe3430d6a80;
L_0x5637480f22f0 .part v0x5637480e1df0_0, 3, 3;
L_0x5637480f2390 .cmp/eq 3, L_0x5637480f22f0, L_0x7fe3430d6b10;
L_0x5637480f27d0 .part v0x5637480e1df0_0, 3, 3;
L_0x5637480f2870 .cmp/eq 3, L_0x5637480f27d0, L_0x7fe3430d6ba0;
L_0x5637480f2cc0 .part v0x5637480e1df0_0, 3, 3;
L_0x5637480f2d60 .cmp/eq 3, L_0x5637480f2cc0, L_0x7fe3430d6c30;
L_0x5637480f31c0 .part v0x5637480e1df0_0, 3, 3;
L_0x5637480f3260 .cmp/eq 3, L_0x5637480f31c0, L_0x7fe3430d6cc0;
L_0x5637480f36d0 .part v0x5637480e1df0_0, 3, 3;
L_0x5637480f3770 .cmp/eq 3, L_0x5637480f36d0, L_0x7fe3430d6d50;
L_0x5637480f3bf0 .part v0x5637480e1df0_0, 3, 3;
L_0x5637480f3cc0 .cmp/eq 3, L_0x5637480f3bf0, L_0x7fe3430d6de0;
L_0x5637480f4180 .functor MUXZ 3, L_0x7fe3430d6e70, L_0x7fe3430d6e28, L_0x5637480f3cc0, C4<>;
L_0x5637480f4340 .functor MUXZ 3, L_0x5637480f4180, L_0x7fe3430d6d98, L_0x5637480f3770, C4<>;
L_0x5637480f4830 .functor MUXZ 3, L_0x5637480f4340, L_0x7fe3430d6d08, L_0x5637480f3260, C4<>;
L_0x5637480f49c0 .functor MUXZ 3, L_0x5637480f4830, L_0x7fe3430d6c78, L_0x5637480f2d60, C4<>;
L_0x5637480f4ec0 .functor MUXZ 3, L_0x5637480f49c0, L_0x7fe3430d6be8, L_0x5637480f2870, C4<>;
L_0x5637480f5050 .functor MUXZ 3, L_0x5637480f4ec0, L_0x7fe3430d6b58, L_0x5637480f2390, C4<>;
L_0x5637480f5560 .functor MUXZ 3, L_0x5637480f5050, L_0x7fe3430d6ac8, L_0x5637480f1ec0, C4<>;
L_0x5637480f56a0 .part L_0x5637480f9680, 2, 1;
L_0x5637480f5ad0 .part L_0x5637480f9680, 1, 1;
L_0x5637480f5bc0 .part L_0x5637480f9680, 0, 1;
L_0x5637480f6000 .part v0x5637480e1df0_0, 5, 3;
L_0x5637480f60a0 .cmp/eq 3, L_0x5637480f6000, L_0x7fe3430d6eb8;
L_0x5637480f6590 .part v0x5637480e1df0_0, 5, 3;
L_0x5637480f6630 .cmp/eq 3, L_0x5637480f6590, L_0x7fe3430d6f48;
L_0x5637480f6b30 .part v0x5637480e1df0_0, 5, 3;
L_0x5637480f6bd0 .cmp/eq 3, L_0x5637480f6b30, L_0x7fe3430d6fd8;
L_0x5637480f70e0 .part v0x5637480e1df0_0, 5, 3;
L_0x5637480f7180 .cmp/eq 3, L_0x5637480f70e0, L_0x7fe3430d7068;
L_0x5637480f76a0 .part v0x5637480e1df0_0, 5, 3;
L_0x5637480f7740 .cmp/eq 3, L_0x5637480f76a0, L_0x7fe3430d70f8;
L_0x5637480f7c70 .part v0x5637480e1df0_0, 5, 3;
L_0x5637480f7d10 .cmp/eq 3, L_0x5637480f7c70, L_0x7fe3430d7188;
L_0x5637480f8250 .part v0x5637480e1df0_0, 5, 3;
L_0x5637480f8320 .cmp/eq 3, L_0x5637480f8250, L_0x7fe3430d7218;
L_0x5637480f88a0 .functor MUXZ 3, L_0x7fe3430d72a8, L_0x7fe3430d7260, L_0x5637480f8320, C4<>;
L_0x5637480f8a60 .functor MUXZ 3, L_0x5637480f88a0, L_0x7fe3430d71d0, L_0x5637480f7d10, C4<>;
L_0x5637480f9010 .functor MUXZ 3, L_0x5637480f8a60, L_0x7fe3430d7140, L_0x5637480f7740, C4<>;
L_0x5637480f91a0 .functor MUXZ 3, L_0x5637480f9010, L_0x7fe3430d70b0, L_0x5637480f7180, C4<>;
L_0x5637480f8bf0 .functor MUXZ 3, L_0x5637480f91a0, L_0x7fe3430d7020, L_0x5637480f6bd0, C4<>;
L_0x5637480f8d80 .functor MUXZ 3, L_0x5637480f8bf0, L_0x7fe3430d6f90, L_0x5637480f6630, C4<>;
L_0x5637480f9680 .functor MUXZ 3, L_0x5637480f8d80, L_0x7fe3430d6f00, L_0x5637480f60a0, C4<>;
L_0x5637480f97c0 .part L_0x5637480fab90, 2, 1;
L_0x5637480f9240 .part L_0x5637480fab90, 1, 1;
L_0x5637480f9330 .part L_0x5637480fab90, 0, 1;
L_0x5637480f93d0 .part v0x5637480e1df0_0, 7, 3;
L_0x5637480f9470 .cmp/eq 3, L_0x5637480f93d0, L_0x7fe3430d72f0;
L_0x5637480f95b0 .part v0x5637480e1df0_0, 7, 3;
L_0x5637480f9cd0 .cmp/eq 3, L_0x5637480f95b0, L_0x7fe3430d7380;
L_0x5637480f9860 .part v0x5637480e1df0_0, 7, 3;
L_0x5637480f9900 .cmp/eq 3, L_0x5637480f9860, L_0x7fe3430d7410;
L_0x5637480f9a40 .part v0x5637480e1df0_0, 7, 3;
L_0x5637480f9ae0 .cmp/eq 3, L_0x5637480f9a40, L_0x7fe3430d74a0;
L_0x5637480f9c20 .part v0x5637480e1df0_0, 7, 3;
L_0x5637480fa260 .cmp/eq 3, L_0x5637480f9c20, L_0x7fe3430d7530;
L_0x5637480f9dc0 .part v0x5637480e1df0_0, 7, 3;
L_0x5637480f9e60 .cmp/eq 3, L_0x5637480f9dc0, L_0x7fe3430d75c0;
L_0x5637480f9fd0 .part v0x5637480e1df0_0, 7, 3;
L_0x5637480fa0a0 .cmp/eq 3, L_0x5637480f9fd0, L_0x7fe3430d7650;
L_0x5637480fa870 .functor MUXZ 3, L_0x7fe3430d76e0, L_0x7fe3430d7698, L_0x5637480fa0a0, C4<>;
L_0x5637480faa00 .functor MUXZ 3, L_0x5637480fa870, L_0x7fe3430d7608, L_0x5637480f9e60, C4<>;
L_0x5637480fa490 .functor MUXZ 3, L_0x5637480faa00, L_0x7fe3430d7578, L_0x5637480fa260, C4<>;
L_0x5637480fa620 .functor MUXZ 3, L_0x5637480fa490, L_0x7fe3430d74e8, L_0x5637480f9ae0, C4<>;
L_0x5637480fa7b0 .functor MUXZ 3, L_0x5637480fa620, L_0x7fe3430d7458, L_0x5637480f9900, C4<>;
L_0x5637480fb080 .functor MUXZ 3, L_0x5637480fa7b0, L_0x7fe3430d73c8, L_0x5637480f9cd0, C4<>;
L_0x5637480fab90 .functor MUXZ 3, L_0x5637480fb080, L_0x7fe3430d7338, L_0x5637480f9470, C4<>;
L_0x5637480facd0 .part L_0x5637480fc4d0, 2, 1;
L_0x5637480fad70 .part L_0x5637480fc4d0, 1, 1;
L_0x5637480fae60 .part L_0x5637480fc4d0, 0, 1;
L_0x5637480fb640 .part v0x5637480e1df0_0, 9, 3;
L_0x5637480fb6e0 .cmp/eq 3, L_0x5637480fb640, L_0x7fe3430d7728;
L_0x5637480fb120 .part v0x5637480e1df0_0, 9, 3;
L_0x5637480fb1c0 .cmp/eq 3, L_0x5637480fb120, L_0x7fe3430d77b8;
L_0x5637480fb300 .part v0x5637480e1df0_0, 9, 3;
L_0x5637480fb3a0 .cmp/eq 3, L_0x5637480fb300, L_0x7fe3430d7848;
L_0x5637480fb4e0 .part v0x5637480e1df0_0, 9, 3;
L_0x5637480fb580 .cmp/eq 3, L_0x5637480fb4e0, L_0x7fe3430d78d8;
L_0x5637480fb7d0 .part v0x5637480e1df0_0, 9, 3;
L_0x5637480fb870 .cmp/eq 3, L_0x5637480fb7d0, L_0x7fe3430d7968;
L_0x5637480fb960 .part v0x5637480e1df0_0, 9, 3;
L_0x5637480fba00 .cmp/eq 3, L_0x5637480fb960, L_0x7fe3430d79f8;
L_0x5637480fbb70 .part v0x5637480e1df0_0, 9, 3;
L_0x5637480fbc40 .cmp/eq 3, L_0x5637480fbb70, L_0x7fe3430d7a88;
L_0x5637480fbdc0 .functor MUXZ 3, L_0x7fe3430d7b18, L_0x7fe3430d7ad0, L_0x5637480fbc40, C4<>;
L_0x5637480fbf80 .functor MUXZ 3, L_0x5637480fbdc0, L_0x7fe3430d7a40, L_0x5637480fba00, C4<>;
L_0x5637480fc110 .functor MUXZ 3, L_0x5637480fbf80, L_0x7fe3430d79b0, L_0x5637480fb870, C4<>;
L_0x5637480fc2a0 .functor MUXZ 3, L_0x5637480fc110, L_0x7fe3430d7920, L_0x5637480fb580, C4<>;
L_0x5637480fca80 .functor MUXZ 3, L_0x5637480fc2a0, L_0x7fe3430d7890, L_0x5637480fb3a0, C4<>;
L_0x5637480fcc10 .functor MUXZ 3, L_0x5637480fca80, L_0x7fe3430d7800, L_0x5637480fb1c0, C4<>;
L_0x5637480fc4d0 .functor MUXZ 3, L_0x5637480fcc10, L_0x7fe3430d7770, L_0x5637480fb6e0, C4<>;
L_0x5637480fc610 .part L_0x5637480fe990, 2, 1;
L_0x5637480fc6b0 .part L_0x5637480fe990, 1, 1;
L_0x5637480fc7a0 .part L_0x5637480fe990, 0, 1;
L_0x5637480fc840 .part v0x5637480e1df0_0, 11, 3;
L_0x5637480fc8e0 .cmp/eq 3, L_0x5637480fc840, L_0x7fe3430d7b60;
L_0x5637480fccb0 .part v0x5637480e1df0_0, 11, 3;
L_0x5637480fcd50 .cmp/eq 3, L_0x5637480fccb0, L_0x7fe3430d7bf0;
L_0x5637480fce90 .part v0x5637480e1df0_0, 11, 3;
L_0x5637480fcf30 .cmp/eq 3, L_0x5637480fce90, L_0x7fe3430d7c80;
L_0x5637480fd070 .part v0x5637480e1df0_0, 11, 3;
L_0x5637480fd110 .cmp/eq 3, L_0x5637480fd070, L_0x7fe3430d7d10;
L_0x5637480fd950 .part v0x5637480e1df0_0, 11, 3;
L_0x5637480fd9f0 .cmp/eq 3, L_0x5637480fd950, L_0x7fe3430d7da0;
L_0x5637480fd330 .part v0x5637480e1df0_0, 11, 3;
L_0x5637480fd3d0 .cmp/eq 3, L_0x5637480fd330, L_0x7fe3430d7e30;
L_0x5637480fd540 .part v0x5637480e1df0_0, 11, 3;
L_0x5637480fd610 .cmp/eq 3, L_0x5637480fd540, L_0x7fe3430d7ec0;
L_0x5637480fd780 .functor MUXZ 3, L_0x7fe3430d7f50, L_0x7fe3430d7f08, L_0x5637480fd610, C4<>;
L_0x5637480fe180 .functor MUXZ 3, L_0x5637480fd780, L_0x7fe3430d7e78, L_0x5637480fd3d0, C4<>;
L_0x5637480fdc20 .functor MUXZ 3, L_0x5637480fe180, L_0x7fe3430d7de8, L_0x5637480fd9f0, C4<>;
L_0x5637480fddb0 .functor MUXZ 3, L_0x5637480fdc20, L_0x7fe3430d7d58, L_0x5637480fd110, C4<>;
L_0x5637480fdf40 .functor MUXZ 3, L_0x5637480fddb0, L_0x7fe3430d7cc8, L_0x5637480fcf30, C4<>;
L_0x5637480fe0d0 .functor MUXZ 3, L_0x5637480fdf40, L_0x7fe3430d7c38, L_0x5637480fcd50, C4<>;
L_0x5637480fe990 .functor MUXZ 3, L_0x5637480fe0d0, L_0x7fe3430d7ba8, L_0x5637480fc8e0, C4<>;
LS_0x5637480feb60_0_0 .concat8 [ 1 1 1 1], L_0x5637480ea0d0, L_0x5637480edcd0, L_0x5637480f1430, L_0x5637480f56a0;
LS_0x5637480feb60_0_4 .concat8 [ 1 1 1 1], L_0x5637480f97c0, L_0x5637480facd0, L_0x5637480fc610, L_0x5637480ff520;
L_0x5637480feb60 .concat8 [ 4 4 0 0], LS_0x5637480feb60_0_0, LS_0x5637480feb60_0_4;
LS_0x5637480fe220_0_0 .concat8 [ 1 1 1 1], L_0x5637480ea170, L_0x5637480edf80, L_0x5637480f17a0, L_0x5637480f5ad0;
LS_0x5637480fe220_0_4 .concat8 [ 1 1 1 1], L_0x5637480f9240, L_0x5637480fad70, L_0x5637480fc6b0, L_0x5637480ff610;
L_0x5637480fe220 .concat8 [ 4 4 0 0], LS_0x5637480fe220_0_0, LS_0x5637480fe220_0_4;
LS_0x5637480fe540_0_0 .concat8 [ 1 1 1 1], L_0x5637480ea3b0, L_0x5637480ee070, L_0x5637480f1890, L_0x5637480f5bc0;
LS_0x5637480fe540_0_4 .concat8 [ 1 1 1 1], L_0x5637480f9330, L_0x5637480fae60, L_0x5637480fc7a0, L_0x5637480fee80;
L_0x5637480fe540 .concat8 [ 4 4 0 0], LS_0x5637480fe540_0_0, LS_0x5637480fe540_0_4;
L_0x5637480ff520 .part L_0x563748100fc0, 2, 1;
L_0x5637480ff610 .part L_0x563748100fc0, 1, 1;
L_0x5637480fee80 .part L_0x563748100fc0, 0, 1;
L_0x5637480fef70 .part v0x5637480e1df0_0, 13, 3;
L_0x5637480ff010 .cmp/eq 3, L_0x5637480fef70, L_0x7fe3430d7f98;
L_0x5637480ff150 .part v0x5637480e1df0_0, 13, 3;
L_0x5637480ff1f0 .cmp/eq 3, L_0x5637480ff150, L_0x7fe3430d8028;
L_0x5637480ff330 .part v0x5637480e1df0_0, 13, 3;
L_0x5637480ff3d0 .cmp/eq 3, L_0x5637480ff330, L_0x7fe3430d80b8;
L_0x5637480ffe30 .part v0x5637480e1df0_0, 13, 3;
L_0x5637480ff750 .cmp/eq 3, L_0x5637480ffe30, L_0x7fe3430d8148;
L_0x5637480ff890 .part v0x5637480e1df0_0, 13, 3;
L_0x5637480ff930 .cmp/eq 3, L_0x5637480ff890, L_0x7fe3430d81d8;
L_0x5637480ffa70 .part v0x5637480e1df0_0, 13, 3;
L_0x5637480ffb10 .cmp/eq 3, L_0x5637480ffa70, L_0x7fe3430d8268;
L_0x5637480ffc50 .part v0x5637480e1df0_0, 13, 3;
L_0x5637480ffcf0 .cmp/eq 3, L_0x5637480ffc50, L_0x7fe3430d82f8;
L_0x5637481005f0 .functor MUXZ 3, L_0x7fe3430d8388, L_0x7fe3430d8340, L_0x5637480ffcf0, C4<>;
L_0x5637480fffc0 .functor MUXZ 3, L_0x5637481005f0, L_0x7fe3430d82b0, L_0x5637480ffb10, C4<>;
L_0x563748100150 .functor MUXZ 3, L_0x5637480fffc0, L_0x7fe3430d8220, L_0x5637480ff930, C4<>;
L_0x5637481002e0 .functor MUXZ 3, L_0x563748100150, L_0x7fe3430d8190, L_0x5637480ff750, C4<>;
L_0x563748100470 .functor MUXZ 3, L_0x5637481002e0, L_0x7fe3430d8100, L_0x5637480ff3d0, C4<>;
L_0x563748100e30 .functor MUXZ 3, L_0x563748100470, L_0x7fe3430d8070, L_0x5637480ff1f0, C4<>;
L_0x563748100fc0 .functor MUXZ 3, L_0x563748100e30, L_0x7fe3430d7fe0, L_0x5637480ff010, C4<>;
L_0x5637481007c0 .concat [ 1 16 0 0], L_0x7fe3430d83d0, v0x5637480e1d30_0;
L_0x5637481008b0 .concat [ 17 0 0 0], L_0x5637480e2c10;
L_0x5637481009a0 .concat [ 17 0 0 0], L_0x5637480e3c80;
L_0x563748100a90 .concat [ 17 0 0 0], L_0x5637480e4b60;
L_0x563748100b80 .concat [ 17 0 0 0], L_0x5637480e5ad0;
L_0x563748100c70 .concat [ 17 0 0 0], L_0x5637480e69e0;
L_0x5637481017f0 .concat [ 17 0 0 0], L_0x5637480e79d0;
L_0x563748101890 .concat [ 17 0 0 0], L_0x5637480e8a30;
L_0x563748101060 .concat [ 17 0 0 0], L_0x5637480ea010;
L_0x563748101150 .extend/s 32, L_0x5637481008b0;
L_0x563748101240 .cmp/ne 32, L_0x563748101150, L_0x7fe3430d8418;
L_0x563748101380 .part L_0x5637481008b0, 16, 1;
LS_0x563748101420_0_0 .concat [ 1 1 1 1], L_0x563748101380, L_0x563748101380, L_0x563748101380, L_0x563748101380;
LS_0x563748101420_0_4 .concat [ 1 1 1 1], L_0x563748101380, L_0x563748101380, L_0x563748101380, L_0x563748101380;
LS_0x563748101420_0_8 .concat [ 1 1 1 1], L_0x563748101380, L_0x563748101380, L_0x563748101380, L_0x563748101380;
LS_0x563748101420_0_12 .concat [ 1 1 1 1], L_0x563748101380, L_0x563748101380, L_0x563748101380, L_0x563748101380;
LS_0x563748101420_0_16 .concat [ 1 0 0 0], L_0x563748101380;
LS_0x563748101420_1_0 .concat [ 4 4 4 4], LS_0x563748101420_0_0, LS_0x563748101420_0_4, LS_0x563748101420_0_8, LS_0x563748101420_0_12;
LS_0x563748101420_1_4 .concat [ 1 0 0 0], LS_0x563748101420_0_16;
L_0x563748101420 .concat [ 16 1 0 0], LS_0x563748101420_1_0, LS_0x563748101420_1_4;
L_0x563748101640 .concat [ 17 17 0 0], L_0x5637481008b0, L_0x563748101420;
L_0x5637481016e0 .part v0x5637480e1df0_0, 1, 1;
L_0x563748101980 .concat [ 1 33 0 0], L_0x5637481016e0, L_0x7fe3430d8460;
L_0x563748101a70 .arith/sum 34, L_0x563748101640, L_0x563748101980;
L_0x563748101bb0 .functor MUXZ 34, L_0x7fe3430d84a8, L_0x563748101a70, L_0x563748101240, C4<>;
L_0x563748101d40 .part L_0x563748101bb0, 0, 32;
L_0x563748101e30 .extend/s 32, L_0x5637481009a0;
L_0x563748101f20 .cmp/ne 32, L_0x563748101e30, L_0x7fe3430d84f0;
L_0x563748102060 .part L_0x5637481009a0, 16, 1;
LS_0x563748113160_0_0 .concat [ 1 1 1 1], L_0x563748102060, L_0x563748102060, L_0x563748102060, L_0x563748102060;
LS_0x563748113160_0_4 .concat [ 1 1 1 1], L_0x563748102060, L_0x563748102060, L_0x563748102060, L_0x563748102060;
LS_0x563748113160_0_8 .concat [ 1 1 1 1], L_0x563748102060, L_0x563748102060, L_0x563748102060, L_0x563748102060;
LS_0x563748113160_0_12 .concat [ 1 1 1 1], L_0x563748102060, L_0x563748102060, L_0x563748102060, L_0x563748102060;
LS_0x563748113160_0_16 .concat [ 1 0 0 0], L_0x563748102060;
LS_0x563748113160_1_0 .concat [ 4 4 4 4], LS_0x563748113160_0_0, LS_0x563748113160_0_4, LS_0x563748113160_0_8, LS_0x563748113160_0_12;
LS_0x563748113160_1_4 .concat [ 1 0 0 0], LS_0x563748113160_0_16;
L_0x563748113160 .concat [ 16 1 0 0], LS_0x563748113160_1_0, LS_0x563748113160_1_4;
L_0x563748113380 .concat [ 2 17 17 0], L_0x7fe3430d8538, L_0x5637481009a0, L_0x563748113160;
L_0x563748112950 .part v0x5637480e1df0_0, 3, 1;
L_0x5637481129f0 .concat [ 2 1 0 0], L_0x7fe3430d8580, L_0x563748112950;
L_0x563748112b30 .concat [ 3 33 0 0], L_0x5637481129f0, L_0x7fe3430d85c8;
L_0x563748112c70 .arith/sum 36, L_0x563748113380, L_0x563748112b30;
L_0x563748112db0 .functor MUXZ 36, L_0x7fe3430d8610, L_0x563748112c70, L_0x563748101f20, C4<>;
L_0x563748112f40 .part L_0x563748112db0, 0, 32;
L_0x563748113030 .extend/s 32, L_0x563748100a90;
L_0x563748113c70 .cmp/ne 32, L_0x563748113030, L_0x7fe3430d8658;
L_0x563748113420 .part L_0x563748100a90, 16, 1;
LS_0x5637481134c0_0_0 .concat [ 1 1 1 1], L_0x563748113420, L_0x563748113420, L_0x563748113420, L_0x563748113420;
LS_0x5637481134c0_0_4 .concat [ 1 1 1 1], L_0x563748113420, L_0x563748113420, L_0x563748113420, L_0x563748113420;
LS_0x5637481134c0_0_8 .concat [ 1 1 1 1], L_0x563748113420, L_0x563748113420, L_0x563748113420, L_0x563748113420;
LS_0x5637481134c0_0_12 .concat [ 1 1 1 1], L_0x563748113420, L_0x563748113420, L_0x563748113420, L_0x563748113420;
LS_0x5637481134c0_0_16 .concat [ 1 0 0 0], L_0x563748113420;
LS_0x5637481134c0_1_0 .concat [ 4 4 4 4], LS_0x5637481134c0_0_0, LS_0x5637481134c0_0_4, LS_0x5637481134c0_0_8, LS_0x5637481134c0_0_12;
LS_0x5637481134c0_1_4 .concat [ 1 0 0 0], LS_0x5637481134c0_0_16;
L_0x5637481134c0 .concat [ 16 1 0 0], LS_0x5637481134c0_1_0, LS_0x5637481134c0_1_4;
L_0x5637481138f0 .concat [ 4 17 17 0], L_0x7fe3430d86a0, L_0x563748100a90, L_0x5637481134c0;
L_0x563748113990 .part v0x5637480e1df0_0, 5, 1;
L_0x563748113a30 .concat [ 4 1 0 0], L_0x7fe3430d86e8, L_0x563748113990;
L_0x563748113b70 .concat [ 5 33 0 0], L_0x563748113a30, L_0x7fe3430d8730;
L_0x563748114690 .arith/sum 38, L_0x5637481138f0, L_0x563748113b70;
L_0x5637481147d0 .functor MUXZ 38, L_0x7fe3430d8778, L_0x563748114690, L_0x563748113c70, C4<>;
L_0x563748113ea0 .part L_0x5637481147d0, 0, 32;
L_0x563748113f90 .extend/s 32, L_0x563748100b80;
L_0x563748114080 .cmp/ne 32, L_0x563748113f90, L_0x7fe3430d87c0;
L_0x5637481141c0 .part L_0x563748100b80, 16, 1;
LS_0x563748114260_0_0 .concat [ 1 1 1 1], L_0x5637481141c0, L_0x5637481141c0, L_0x5637481141c0, L_0x5637481141c0;
LS_0x563748114260_0_4 .concat [ 1 1 1 1], L_0x5637481141c0, L_0x5637481141c0, L_0x5637481141c0, L_0x5637481141c0;
LS_0x563748114260_0_8 .concat [ 1 1 1 1], L_0x5637481141c0, L_0x5637481141c0, L_0x5637481141c0, L_0x5637481141c0;
LS_0x563748114260_0_12 .concat [ 1 1 1 1], L_0x5637481141c0, L_0x5637481141c0, L_0x5637481141c0, L_0x5637481141c0;
LS_0x563748114260_0_16 .concat [ 1 0 0 0], L_0x5637481141c0;
LS_0x563748114260_1_0 .concat [ 4 4 4 4], LS_0x563748114260_0_0, LS_0x563748114260_0_4, LS_0x563748114260_0_8, LS_0x563748114260_0_12;
LS_0x563748114260_1_4 .concat [ 1 0 0 0], LS_0x563748114260_0_16;
L_0x563748114260 .concat [ 16 1 0 0], LS_0x563748114260_1_0, LS_0x563748114260_1_4;
L_0x563748114480 .concat [ 6 17 17 0], L_0x7fe3430d8808, L_0x563748100b80, L_0x563748114260;
L_0x563748114520 .part v0x5637480e1df0_0, 7, 1;
L_0x563748114870 .concat [ 6 1 0 0], L_0x7fe3430d8850, L_0x563748114520;
L_0x5637481149b0 .concat [ 7 33 0 0], L_0x563748114870, L_0x7fe3430d8898;
L_0x563748114af0 .arith/sum 40, L_0x563748114480, L_0x5637481149b0;
L_0x563748114c30 .functor MUXZ 40, L_0x7fe3430d88e0, L_0x563748114af0, L_0x563748114080, C4<>;
L_0x563748114dc0 .part L_0x563748114c30, 0, 32;
L_0x563748114eb0 .extend/s 32, L_0x563748100c70;
L_0x563748114fa0 .cmp/ne 32, L_0x563748114eb0, L_0x7fe3430d8928;
L_0x563748115c50 .part L_0x563748100c70, 16, 1;
LS_0x563748115cf0_0_0 .concat [ 1 1 1 1], L_0x563748115c50, L_0x563748115c50, L_0x563748115c50, L_0x563748115c50;
LS_0x563748115cf0_0_4 .concat [ 1 1 1 1], L_0x563748115c50, L_0x563748115c50, L_0x563748115c50, L_0x563748115c50;
LS_0x563748115cf0_0_8 .concat [ 1 1 1 1], L_0x563748115c50, L_0x563748115c50, L_0x563748115c50, L_0x563748115c50;
LS_0x563748115cf0_0_12 .concat [ 1 1 1 1], L_0x563748115c50, L_0x563748115c50, L_0x563748115c50, L_0x563748115c50;
LS_0x563748115cf0_0_16 .concat [ 1 0 0 0], L_0x563748115c50;
LS_0x563748115cf0_1_0 .concat [ 4 4 4 4], LS_0x563748115cf0_0_0, LS_0x563748115cf0_0_4, LS_0x563748115cf0_0_8, LS_0x563748115cf0_0_12;
LS_0x563748115cf0_1_4 .concat [ 1 0 0 0], LS_0x563748115cf0_0_16;
L_0x563748115cf0 .concat [ 16 1 0 0], LS_0x563748115cf0_1_0, LS_0x563748115cf0_1_4;
L_0x563748115340 .concat [ 8 17 17 0], L_0x7fe3430d8970, L_0x563748100c70, L_0x563748115cf0;
L_0x5637481153e0 .part v0x5637480e1df0_0, 9, 1;
L_0x563748115480 .concat [ 8 1 0 0], L_0x7fe3430d89b8, L_0x5637481153e0;
L_0x5637481155c0 .concat [ 9 33 0 0], L_0x563748115480, L_0x7fe3430d8a00;
L_0x563748115700 .arith/sum 42, L_0x563748115340, L_0x5637481155c0;
L_0x563748115840 .functor MUXZ 42, L_0x7fe3430d8a48, L_0x563748115700, L_0x563748114fa0, C4<>;
L_0x5637481159d0 .part L_0x563748115840, 0, 32;
L_0x563748115ac0 .extend/s 32, L_0x5637481017f0;
L_0x563748115bb0 .cmp/ne 32, L_0x563748115ac0, L_0x7fe3430d8a90;
L_0x563748116a80 .part L_0x5637481017f0, 16, 1;
LS_0x5637481160d0_0_0 .concat [ 1 1 1 1], L_0x563748116a80, L_0x563748116a80, L_0x563748116a80, L_0x563748116a80;
LS_0x5637481160d0_0_4 .concat [ 1 1 1 1], L_0x563748116a80, L_0x563748116a80, L_0x563748116a80, L_0x563748116a80;
LS_0x5637481160d0_0_8 .concat [ 1 1 1 1], L_0x563748116a80, L_0x563748116a80, L_0x563748116a80, L_0x563748116a80;
LS_0x5637481160d0_0_12 .concat [ 1 1 1 1], L_0x563748116a80, L_0x563748116a80, L_0x563748116a80, L_0x563748116a80;
LS_0x5637481160d0_0_16 .concat [ 1 0 0 0], L_0x563748116a80;
LS_0x5637481160d0_1_0 .concat [ 4 4 4 4], LS_0x5637481160d0_0_0, LS_0x5637481160d0_0_4, LS_0x5637481160d0_0_8, LS_0x5637481160d0_0_12;
LS_0x5637481160d0_1_4 .concat [ 1 0 0 0], LS_0x5637481160d0_0_16;
L_0x5637481160d0 .concat [ 16 1 0 0], LS_0x5637481160d0_1_0, LS_0x5637481160d0_1_4;
L_0x563748116500 .concat [ 10 17 17 0], L_0x7fe3430d8ad8, L_0x5637481017f0, L_0x5637481160d0;
L_0x5637481165a0 .part v0x5637480e1df0_0, 11, 1;
L_0x563748116640 .concat [ 10 1 0 0], L_0x7fe3430d8b20, L_0x5637481165a0;
L_0x563748116780 .concat [ 11 33 0 0], L_0x563748116640, L_0x7fe3430d8b68;
L_0x5637481168c0 .arith/sum 44, L_0x563748116500, L_0x563748116780;
L_0x5637481174c0 .functor MUXZ 44, L_0x7fe3430d8bb0, L_0x5637481168c0, L_0x563748115bb0, C4<>;
L_0x563748117650 .part L_0x5637481174c0, 0, 32;
L_0x563748116b20 .extend/s 32, L_0x563748101890;
L_0x563748116c10 .cmp/ne 32, L_0x563748116b20, L_0x7fe3430d8bf8;
L_0x563748116d50 .part L_0x563748101890, 16, 1;
LS_0x563748116df0_0_0 .concat [ 1 1 1 1], L_0x563748116d50, L_0x563748116d50, L_0x563748116d50, L_0x563748116d50;
LS_0x563748116df0_0_4 .concat [ 1 1 1 1], L_0x563748116d50, L_0x563748116d50, L_0x563748116d50, L_0x563748116d50;
LS_0x563748116df0_0_8 .concat [ 1 1 1 1], L_0x563748116d50, L_0x563748116d50, L_0x563748116d50, L_0x563748116d50;
LS_0x563748116df0_0_12 .concat [ 1 1 1 1], L_0x563748116d50, L_0x563748116d50, L_0x563748116d50, L_0x563748116d50;
LS_0x563748116df0_0_16 .concat [ 1 0 0 0], L_0x563748116d50;
LS_0x563748116df0_1_0 .concat [ 4 4 4 4], LS_0x563748116df0_0_0, LS_0x563748116df0_0_4, LS_0x563748116df0_0_8, LS_0x563748116df0_0_12;
LS_0x563748116df0_1_4 .concat [ 1 0 0 0], LS_0x563748116df0_0_16;
L_0x563748116df0 .concat [ 16 1 0 0], LS_0x563748116df0_1_0, LS_0x563748116df0_1_4;
L_0x563748117220 .concat [ 12 17 17 0], L_0x7fe3430d8c40, L_0x563748101890, L_0x563748116df0;
L_0x5637481172c0 .part v0x5637480e1df0_0, 13, 1;
L_0x563748117360 .concat [ 12 1 0 0], L_0x7fe3430d8c88, L_0x5637481172c0;
L_0x563748117740 .concat [ 13 33 0 0], L_0x563748117360, L_0x7fe3430d8cd0;
L_0x563748117880 .arith/sum 46, L_0x563748117220, L_0x563748117740;
L_0x5637481179c0 .functor MUXZ 46, L_0x7fe3430d8d18, L_0x563748117880, L_0x563748116c10, C4<>;
L_0x563748117b50 .part L_0x5637481179c0, 0, 32;
L_0x563748117c40 .extend/s 32, L_0x563748101060;
L_0x563748117d30 .cmp/ne 32, L_0x563748117c40, L_0x7fe3430d8d60;
L_0x563748117e70 .part L_0x563748101060, 16, 1;
LS_0x563748117f10_0_0 .concat [ 1 1 1 1], L_0x563748117e70, L_0x563748117e70, L_0x563748117e70, L_0x563748117e70;
LS_0x563748117f10_0_4 .concat [ 1 1 1 1], L_0x563748117e70, L_0x563748117e70, L_0x563748117e70, L_0x563748117e70;
LS_0x563748117f10_0_8 .concat [ 1 1 1 1], L_0x563748117e70, L_0x563748117e70, L_0x563748117e70, L_0x563748117e70;
LS_0x563748117f10_0_12 .concat [ 1 1 1 1], L_0x563748117e70, L_0x563748117e70, L_0x563748117e70, L_0x563748117e70;
LS_0x563748117f10_0_16 .concat [ 1 0 0 0], L_0x563748117e70;
LS_0x563748117f10_1_0 .concat [ 4 4 4 4], LS_0x563748117f10_0_0, LS_0x563748117f10_0_4, LS_0x563748117f10_0_8, LS_0x563748117f10_0_12;
LS_0x563748117f10_1_4 .concat [ 1 0 0 0], LS_0x563748117f10_0_16;
L_0x563748117f10 .concat [ 16 1 0 0], LS_0x563748117f10_1_0, LS_0x563748117f10_1_4;
L_0x5637481195e0 .concat [ 14 17 17 0], L_0x7fe3430d8da8, L_0x563748101060, L_0x563748117f10;
L_0x563748118920 .part v0x5637480e1df0_0, 15, 1;
L_0x5637481189c0 .concat [ 14 1 0 0], L_0x7fe3430d8df0, L_0x563748118920;
L_0x563748118b00 .concat [ 15 33 0 0], L_0x5637481189c0, L_0x7fe3430d8e38;
L_0x563748118c40 .arith/sum 48, L_0x5637481195e0, L_0x563748118b00;
L_0x563748118d80 .functor MUXZ 48, L_0x7fe3430d8e80, L_0x563748118c40, L_0x563748117d30, C4<>;
L_0x563748118f10 .part L_0x563748118d80, 0, 32;
L_0x563748119000 .arith/sum 32, L_0x563748101d40, L_0x563748112f40;
L_0x563748119140 .arith/sum 32, L_0x563748119000, L_0x563748113ea0;
L_0x563748119280 .arith/sum 32, L_0x563748119140, L_0x563748114dc0;
L_0x56374811a140 .arith/sum 32, L_0x563748119280, L_0x5637481159d0;
L_0x563748119680 .arith/sum 32, L_0x56374811a140, L_0x563748117650;
L_0x5637481197c0 .arith/sum 32, L_0x563748119680, L_0x563748117b50;
L_0x563748119900 .arith/sum 32, L_0x5637481197c0, L_0x563748118f10;
S_0x563748080f60 .scope generate, "two_neg_zero[0]" "two_neg_zero[0]" 3 52, 3 52 0, S_0x5637480816a0;
 .timescale 0 0;
P_0x563747ff7740 .param/l "j" 0 3 52, +C4<00>;
L_0x5637480a2770 .functor XOR 17, L_0x5637480e22d0, L_0x5637480e24e0, C4<00000000000000000>, C4<00000000000000000>;
L_0x5637480a62c0 .functor NOT 1, L_0x5637480e26f0, C4<0>, C4<0>, C4<0>;
L_0x5637480e2c10 .functor AND 17, L_0x5637480a2770, L_0x5637480e2840, C4<11111111111111111>, C4<11111111111111111>;
v0x5637480a6430_0 .net *"_s1", 0 0, L_0x5637480e2020;  1 drivers
v0x5637480a64d0_0 .net *"_s10", 16 0, L_0x5637480e24e0;  1 drivers
v0x5637480c1de0_0 .net *"_s16", 0 0, L_0x5637480e26f0;  1 drivers
v0x5637480c1ea0_0 .net *"_s17", 0 0, L_0x5637480a62c0;  1 drivers
v0x5637480c1f80_0 .net *"_s19", 16 0, L_0x5637480e2840;  1 drivers
v0x5637480c20b0_0 .net *"_s2", 0 0, L_0x5637480e20c0;  1 drivers
v0x5637480c2190_0 .net *"_s3", 16 0, L_0x5637480e21e0;  1 drivers
v0x5637480c2270_0 .net *"_s9", 0 0, L_0x5637480e2410;  1 drivers
L_0x5637480e21e0 .concat [ 16 1 0 0], v0x5637480e1d30_0, L_0x5637480e20c0;
L_0x5637480e22d0 .functor MUXZ 17, L_0x5637480e21e0, L_0x5637481007c0, L_0x5637480e2020, C4<>;
LS_0x5637480e24e0_0_0 .concat [ 1 1 1 1], L_0x5637480e2410, L_0x5637480e2410, L_0x5637480e2410, L_0x5637480e2410;
LS_0x5637480e24e0_0_4 .concat [ 1 1 1 1], L_0x5637480e2410, L_0x5637480e2410, L_0x5637480e2410, L_0x5637480e2410;
LS_0x5637480e24e0_0_8 .concat [ 1 1 1 1], L_0x5637480e2410, L_0x5637480e2410, L_0x5637480e2410, L_0x5637480e2410;
LS_0x5637480e24e0_0_12 .concat [ 1 1 1 1], L_0x5637480e2410, L_0x5637480e2410, L_0x5637480e2410, L_0x5637480e2410;
LS_0x5637480e24e0_0_16 .concat [ 1 0 0 0], L_0x5637480e2410;
LS_0x5637480e24e0_1_0 .concat [ 4 4 4 4], LS_0x5637480e24e0_0_0, LS_0x5637480e24e0_0_4, LS_0x5637480e24e0_0_8, LS_0x5637480e24e0_0_12;
LS_0x5637480e24e0_1_4 .concat [ 1 0 0 0], LS_0x5637480e24e0_0_16;
L_0x5637480e24e0 .concat [ 16 1 0 0], LS_0x5637480e24e0_1_0, LS_0x5637480e24e0_1_4;
LS_0x5637480e2840_0_0 .concat [ 1 1 1 1], L_0x5637480a62c0, L_0x5637480a62c0, L_0x5637480a62c0, L_0x5637480a62c0;
LS_0x5637480e2840_0_4 .concat [ 1 1 1 1], L_0x5637480a62c0, L_0x5637480a62c0, L_0x5637480a62c0, L_0x5637480a62c0;
LS_0x5637480e2840_0_8 .concat [ 1 1 1 1], L_0x5637480a62c0, L_0x5637480a62c0, L_0x5637480a62c0, L_0x5637480a62c0;
LS_0x5637480e2840_0_12 .concat [ 1 1 1 1], L_0x5637480a62c0, L_0x5637480a62c0, L_0x5637480a62c0, L_0x5637480a62c0;
LS_0x5637480e2840_0_16 .concat [ 1 0 0 0], L_0x5637480a62c0;
LS_0x5637480e2840_1_0 .concat [ 4 4 4 4], LS_0x5637480e2840_0_0, LS_0x5637480e2840_0_4, LS_0x5637480e2840_0_8, LS_0x5637480e2840_0_12;
LS_0x5637480e2840_1_4 .concat [ 1 0 0 0], LS_0x5637480e2840_0_16;
L_0x5637480e2840 .concat [ 16 1 0 0], LS_0x5637480e2840_1_0, LS_0x5637480e2840_1_4;
S_0x5637480c2350 .scope generate, "two_neg_zero[1]" "two_neg_zero[1]" 3 52, 3 52 0, S_0x5637480816a0;
 .timescale 0 0;
P_0x5637480c2560 .param/l "j" 0 3 52, +C4<01>;
L_0x5637480e35f0 .functor XOR 17, L_0x5637480e2f40, L_0x5637480e31c0, C4<00000000000000000>, C4<00000000000000000>;
L_0x5637480e37f0 .functor NOT 1, L_0x5637480e36b0, C4<0>, C4<0>, C4<0>;
L_0x5637480e3c80 .functor AND 17, L_0x5637480e35f0, L_0x5637480e38b0, C4<11111111111111111>, C4<11111111111111111>;
v0x5637480c2620_0 .net *"_s1", 0 0, L_0x5637480e2cd0;  1 drivers
v0x5637480c2700_0 .net *"_s10", 16 0, L_0x5637480e31c0;  1 drivers
v0x5637480c27e0_0 .net *"_s16", 0 0, L_0x5637480e36b0;  1 drivers
v0x5637480c28a0_0 .net *"_s17", 0 0, L_0x5637480e37f0;  1 drivers
v0x5637480c2980_0 .net *"_s19", 16 0, L_0x5637480e38b0;  1 drivers
v0x5637480c2ab0_0 .net *"_s2", 0 0, L_0x5637480e2dc0;  1 drivers
v0x5637480c2b90_0 .net *"_s3", 16 0, L_0x5637480e2ea0;  1 drivers
v0x5637480c2c70_0 .net *"_s9", 0 0, L_0x5637480e30d0;  1 drivers
L_0x5637480e2ea0 .concat [ 16 1 0 0], v0x5637480e1d30_0, L_0x5637480e2dc0;
L_0x5637480e2f40 .functor MUXZ 17, L_0x5637480e2ea0, L_0x5637481007c0, L_0x5637480e2cd0, C4<>;
LS_0x5637480e31c0_0_0 .concat [ 1 1 1 1], L_0x5637480e30d0, L_0x5637480e30d0, L_0x5637480e30d0, L_0x5637480e30d0;
LS_0x5637480e31c0_0_4 .concat [ 1 1 1 1], L_0x5637480e30d0, L_0x5637480e30d0, L_0x5637480e30d0, L_0x5637480e30d0;
LS_0x5637480e31c0_0_8 .concat [ 1 1 1 1], L_0x5637480e30d0, L_0x5637480e30d0, L_0x5637480e30d0, L_0x5637480e30d0;
LS_0x5637480e31c0_0_12 .concat [ 1 1 1 1], L_0x5637480e30d0, L_0x5637480e30d0, L_0x5637480e30d0, L_0x5637480e30d0;
LS_0x5637480e31c0_0_16 .concat [ 1 0 0 0], L_0x5637480e30d0;
LS_0x5637480e31c0_1_0 .concat [ 4 4 4 4], LS_0x5637480e31c0_0_0, LS_0x5637480e31c0_0_4, LS_0x5637480e31c0_0_8, LS_0x5637480e31c0_0_12;
LS_0x5637480e31c0_1_4 .concat [ 1 0 0 0], LS_0x5637480e31c0_0_16;
L_0x5637480e31c0 .concat [ 16 1 0 0], LS_0x5637480e31c0_1_0, LS_0x5637480e31c0_1_4;
LS_0x5637480e38b0_0_0 .concat [ 1 1 1 1], L_0x5637480e37f0, L_0x5637480e37f0, L_0x5637480e37f0, L_0x5637480e37f0;
LS_0x5637480e38b0_0_4 .concat [ 1 1 1 1], L_0x5637480e37f0, L_0x5637480e37f0, L_0x5637480e37f0, L_0x5637480e37f0;
LS_0x5637480e38b0_0_8 .concat [ 1 1 1 1], L_0x5637480e37f0, L_0x5637480e37f0, L_0x5637480e37f0, L_0x5637480e37f0;
LS_0x5637480e38b0_0_12 .concat [ 1 1 1 1], L_0x5637480e37f0, L_0x5637480e37f0, L_0x5637480e37f0, L_0x5637480e37f0;
LS_0x5637480e38b0_0_16 .concat [ 1 0 0 0], L_0x5637480e37f0;
LS_0x5637480e38b0_1_0 .concat [ 4 4 4 4], LS_0x5637480e38b0_0_0, LS_0x5637480e38b0_0_4, LS_0x5637480e38b0_0_8, LS_0x5637480e38b0_0_12;
LS_0x5637480e38b0_1_4 .concat [ 1 0 0 0], LS_0x5637480e38b0_0_16;
L_0x5637480e38b0 .concat [ 16 1 0 0], LS_0x5637480e38b0_1_0, LS_0x5637480e38b0_1_4;
S_0x5637480c2d50 .scope generate, "two_neg_zero[2]" "two_neg_zero[2]" 3 52, 3 52 0, S_0x5637480816a0;
 .timescale 0 0;
P_0x5637480c2f40 .param/l "j" 0 3 52, +C4<010>;
L_0x5637480e4500 .functor XOR 17, L_0x5637480e3f80, L_0x5637480e4160, C4<00000000000000000>, C4<00000000000000000>;
L_0x5637480e46d0 .functor NOT 1, L_0x5637480e45c0, C4<0>, C4<0>, C4<0>;
L_0x5637480e4b60 .functor AND 17, L_0x5637480e4500, L_0x5637480e4790, C4<11111111111111111>, C4<11111111111111111>;
v0x5637480c3000_0 .net *"_s1", 0 0, L_0x5637480e3d40;  1 drivers
v0x5637480c30e0_0 .net *"_s10", 16 0, L_0x5637480e4160;  1 drivers
v0x5637480c31c0_0 .net *"_s16", 0 0, L_0x5637480e45c0;  1 drivers
v0x5637480c3280_0 .net *"_s17", 0 0, L_0x5637480e46d0;  1 drivers
v0x5637480c3360_0 .net *"_s19", 16 0, L_0x5637480e4790;  1 drivers
v0x5637480c3490_0 .net *"_s2", 0 0, L_0x5637480e3de0;  1 drivers
v0x5637480c3570_0 .net *"_s3", 16 0, L_0x5637480e3ee0;  1 drivers
v0x5637480c3650_0 .net *"_s9", 0 0, L_0x5637480e40c0;  1 drivers
L_0x5637480e3ee0 .concat [ 16 1 0 0], v0x5637480e1d30_0, L_0x5637480e3de0;
L_0x5637480e3f80 .functor MUXZ 17, L_0x5637480e3ee0, L_0x5637481007c0, L_0x5637480e3d40, C4<>;
LS_0x5637480e4160_0_0 .concat [ 1 1 1 1], L_0x5637480e40c0, L_0x5637480e40c0, L_0x5637480e40c0, L_0x5637480e40c0;
LS_0x5637480e4160_0_4 .concat [ 1 1 1 1], L_0x5637480e40c0, L_0x5637480e40c0, L_0x5637480e40c0, L_0x5637480e40c0;
LS_0x5637480e4160_0_8 .concat [ 1 1 1 1], L_0x5637480e40c0, L_0x5637480e40c0, L_0x5637480e40c0, L_0x5637480e40c0;
LS_0x5637480e4160_0_12 .concat [ 1 1 1 1], L_0x5637480e40c0, L_0x5637480e40c0, L_0x5637480e40c0, L_0x5637480e40c0;
LS_0x5637480e4160_0_16 .concat [ 1 0 0 0], L_0x5637480e40c0;
LS_0x5637480e4160_1_0 .concat [ 4 4 4 4], LS_0x5637480e4160_0_0, LS_0x5637480e4160_0_4, LS_0x5637480e4160_0_8, LS_0x5637480e4160_0_12;
LS_0x5637480e4160_1_4 .concat [ 1 0 0 0], LS_0x5637480e4160_0_16;
L_0x5637480e4160 .concat [ 16 1 0 0], LS_0x5637480e4160_1_0, LS_0x5637480e4160_1_4;
LS_0x5637480e4790_0_0 .concat [ 1 1 1 1], L_0x5637480e46d0, L_0x5637480e46d0, L_0x5637480e46d0, L_0x5637480e46d0;
LS_0x5637480e4790_0_4 .concat [ 1 1 1 1], L_0x5637480e46d0, L_0x5637480e46d0, L_0x5637480e46d0, L_0x5637480e46d0;
LS_0x5637480e4790_0_8 .concat [ 1 1 1 1], L_0x5637480e46d0, L_0x5637480e46d0, L_0x5637480e46d0, L_0x5637480e46d0;
LS_0x5637480e4790_0_12 .concat [ 1 1 1 1], L_0x5637480e46d0, L_0x5637480e46d0, L_0x5637480e46d0, L_0x5637480e46d0;
LS_0x5637480e4790_0_16 .concat [ 1 0 0 0], L_0x5637480e46d0;
LS_0x5637480e4790_1_0 .concat [ 4 4 4 4], LS_0x5637480e4790_0_0, LS_0x5637480e4790_0_4, LS_0x5637480e4790_0_8, LS_0x5637480e4790_0_12;
LS_0x5637480e4790_1_4 .concat [ 1 0 0 0], LS_0x5637480e4790_0_16;
L_0x5637480e4790 .concat [ 16 1 0 0], LS_0x5637480e4790_1_0, LS_0x5637480e4790_1_4;
S_0x5637480c3730 .scope generate, "two_neg_zero[3]" "two_neg_zero[3]" 3 52, 3 52 0, S_0x5637480816a0;
 .timescale 0 0;
P_0x5637480c3920 .param/l "j" 0 3 52, +C4<011>;
L_0x5637480e4660 .functor XOR 17, L_0x5637480e4e80, L_0x5637480e50f0, C4<00000000000000000>, C4<00000000000000000>;
L_0x5637480e5600 .functor NOT 1, L_0x5637480e54d0, C4<0>, C4<0>, C4<0>;
L_0x5637480e5ad0 .functor AND 17, L_0x5637480e4660, L_0x5637480e5670, C4<11111111111111111>, C4<11111111111111111>;
v0x5637480c3a00_0 .net *"_s1", 0 0, L_0x5637480e4c20;  1 drivers
v0x5637480c3ae0_0 .net *"_s10", 16 0, L_0x5637480e50f0;  1 drivers
v0x5637480c3bc0_0 .net *"_s16", 0 0, L_0x5637480e54d0;  1 drivers
v0x5637480c3c80_0 .net *"_s17", 0 0, L_0x5637480e5600;  1 drivers
v0x5637480c3d60_0 .net *"_s19", 16 0, L_0x5637480e5670;  1 drivers
v0x5637480c3e90_0 .net *"_s2", 0 0, L_0x5637480e4cc0;  1 drivers
v0x5637480c3f70_0 .net *"_s3", 16 0, L_0x5637480e4de0;  1 drivers
v0x5637480c4050_0 .net *"_s9", 0 0, L_0x5637480e4fc0;  1 drivers
L_0x5637480e4de0 .concat [ 16 1 0 0], v0x5637480e1d30_0, L_0x5637480e4cc0;
L_0x5637480e4e80 .functor MUXZ 17, L_0x5637480e4de0, L_0x5637481007c0, L_0x5637480e4c20, C4<>;
LS_0x5637480e50f0_0_0 .concat [ 1 1 1 1], L_0x5637480e4fc0, L_0x5637480e4fc0, L_0x5637480e4fc0, L_0x5637480e4fc0;
LS_0x5637480e50f0_0_4 .concat [ 1 1 1 1], L_0x5637480e4fc0, L_0x5637480e4fc0, L_0x5637480e4fc0, L_0x5637480e4fc0;
LS_0x5637480e50f0_0_8 .concat [ 1 1 1 1], L_0x5637480e4fc0, L_0x5637480e4fc0, L_0x5637480e4fc0, L_0x5637480e4fc0;
LS_0x5637480e50f0_0_12 .concat [ 1 1 1 1], L_0x5637480e4fc0, L_0x5637480e4fc0, L_0x5637480e4fc0, L_0x5637480e4fc0;
LS_0x5637480e50f0_0_16 .concat [ 1 0 0 0], L_0x5637480e4fc0;
LS_0x5637480e50f0_1_0 .concat [ 4 4 4 4], LS_0x5637480e50f0_0_0, LS_0x5637480e50f0_0_4, LS_0x5637480e50f0_0_8, LS_0x5637480e50f0_0_12;
LS_0x5637480e50f0_1_4 .concat [ 1 0 0 0], LS_0x5637480e50f0_0_16;
L_0x5637480e50f0 .concat [ 16 1 0 0], LS_0x5637480e50f0_1_0, LS_0x5637480e50f0_1_4;
LS_0x5637480e5670_0_0 .concat [ 1 1 1 1], L_0x5637480e5600, L_0x5637480e5600, L_0x5637480e5600, L_0x5637480e5600;
LS_0x5637480e5670_0_4 .concat [ 1 1 1 1], L_0x5637480e5600, L_0x5637480e5600, L_0x5637480e5600, L_0x5637480e5600;
LS_0x5637480e5670_0_8 .concat [ 1 1 1 1], L_0x5637480e5600, L_0x5637480e5600, L_0x5637480e5600, L_0x5637480e5600;
LS_0x5637480e5670_0_12 .concat [ 1 1 1 1], L_0x5637480e5600, L_0x5637480e5600, L_0x5637480e5600, L_0x5637480e5600;
LS_0x5637480e5670_0_16 .concat [ 1 0 0 0], L_0x5637480e5600;
LS_0x5637480e5670_1_0 .concat [ 4 4 4 4], LS_0x5637480e5670_0_0, LS_0x5637480e5670_0_4, LS_0x5637480e5670_0_8, LS_0x5637480e5670_0_12;
LS_0x5637480e5670_1_4 .concat [ 1 0 0 0], LS_0x5637480e5670_0_16;
L_0x5637480e5670 .concat [ 16 1 0 0], LS_0x5637480e5670_1_0, LS_0x5637480e5670_1_4;
S_0x5637480c4130 .scope generate, "two_neg_zero[4]" "two_neg_zero[4]" 3 52, 3 52 0, S_0x5637480816a0;
 .timescale 0 0;
P_0x5637480c4370 .param/l "j" 0 3 52, +C4<0100>;
L_0x5637480e63e0 .functor XOR 17, L_0x5637480e5e60, L_0x5637480e6040, C4<00000000000000000>, C4<00000000000000000>;
L_0x5637480e65f0 .functor NOT 1, L_0x5637480e64a0, C4<0>, C4<0>, C4<0>;
L_0x5637480e69e0 .functor AND 17, L_0x5637480e63e0, L_0x5637480e5cd0, C4<11111111111111111>, C4<11111111111111111>;
v0x5637480c4450_0 .net *"_s1", 0 0, L_0x5637480e5b90;  1 drivers
v0x5637480c4530_0 .net *"_s10", 16 0, L_0x5637480e6040;  1 drivers
v0x5637480c4610_0 .net *"_s16", 0 0, L_0x5637480e64a0;  1 drivers
v0x5637480c46d0_0 .net *"_s17", 0 0, L_0x5637480e65f0;  1 drivers
v0x5637480c47b0_0 .net *"_s19", 16 0, L_0x5637480e5cd0;  1 drivers
v0x5637480c48e0_0 .net *"_s2", 0 0, L_0x5637480e5c30;  1 drivers
v0x5637480c49c0_0 .net *"_s3", 16 0, L_0x5637480e5d70;  1 drivers
v0x5637480c4aa0_0 .net *"_s9", 0 0, L_0x5637480e5fa0;  1 drivers
L_0x5637480e5d70 .concat [ 16 1 0 0], v0x5637480e1d30_0, L_0x5637480e5c30;
L_0x5637480e5e60 .functor MUXZ 17, L_0x5637480e5d70, L_0x5637481007c0, L_0x5637480e5b90, C4<>;
LS_0x5637480e6040_0_0 .concat [ 1 1 1 1], L_0x5637480e5fa0, L_0x5637480e5fa0, L_0x5637480e5fa0, L_0x5637480e5fa0;
LS_0x5637480e6040_0_4 .concat [ 1 1 1 1], L_0x5637480e5fa0, L_0x5637480e5fa0, L_0x5637480e5fa0, L_0x5637480e5fa0;
LS_0x5637480e6040_0_8 .concat [ 1 1 1 1], L_0x5637480e5fa0, L_0x5637480e5fa0, L_0x5637480e5fa0, L_0x5637480e5fa0;
LS_0x5637480e6040_0_12 .concat [ 1 1 1 1], L_0x5637480e5fa0, L_0x5637480e5fa0, L_0x5637480e5fa0, L_0x5637480e5fa0;
LS_0x5637480e6040_0_16 .concat [ 1 0 0 0], L_0x5637480e5fa0;
LS_0x5637480e6040_1_0 .concat [ 4 4 4 4], LS_0x5637480e6040_0_0, LS_0x5637480e6040_0_4, LS_0x5637480e6040_0_8, LS_0x5637480e6040_0_12;
LS_0x5637480e6040_1_4 .concat [ 1 0 0 0], LS_0x5637480e6040_0_16;
L_0x5637480e6040 .concat [ 16 1 0 0], LS_0x5637480e6040_1_0, LS_0x5637480e6040_1_4;
LS_0x5637480e5cd0_0_0 .concat [ 1 1 1 1], L_0x5637480e65f0, L_0x5637480e65f0, L_0x5637480e65f0, L_0x5637480e65f0;
LS_0x5637480e5cd0_0_4 .concat [ 1 1 1 1], L_0x5637480e65f0, L_0x5637480e65f0, L_0x5637480e65f0, L_0x5637480e65f0;
LS_0x5637480e5cd0_0_8 .concat [ 1 1 1 1], L_0x5637480e65f0, L_0x5637480e65f0, L_0x5637480e65f0, L_0x5637480e65f0;
LS_0x5637480e5cd0_0_12 .concat [ 1 1 1 1], L_0x5637480e65f0, L_0x5637480e65f0, L_0x5637480e65f0, L_0x5637480e65f0;
LS_0x5637480e5cd0_0_16 .concat [ 1 0 0 0], L_0x5637480e65f0;
LS_0x5637480e5cd0_1_0 .concat [ 4 4 4 4], LS_0x5637480e5cd0_0_0, LS_0x5637480e5cd0_0_4, LS_0x5637480e5cd0_0_8, LS_0x5637480e5cd0_0_12;
LS_0x5637480e5cd0_1_4 .concat [ 1 0 0 0], LS_0x5637480e5cd0_0_16;
L_0x5637480e5cd0 .concat [ 16 1 0 0], LS_0x5637480e5cd0_1_0, LS_0x5637480e5cd0_1_4;
S_0x5637480c4b80 .scope generate, "two_neg_zero[5]" "two_neg_zero[5]" 3 52, 3 52 0, S_0x5637480816a0;
 .timescale 0 0;
P_0x5637480c4d70 .param/l "j" 0 3 52, +C4<0101>;
L_0x5637480e7310 .functor XOR 17, L_0x5637480e6d90, L_0x5637480e6f70, C4<00000000000000000>, C4<00000000000000000>;
L_0x5637480e7540 .functor NOT 1, L_0x5637480e73d0, C4<0>, C4<0>, C4<0>;
L_0x5637480e79d0 .functor AND 17, L_0x5637480e7310, L_0x5637480e7600, C4<11111111111111111>, C4<11111111111111111>;
v0x5637480c4e50_0 .net *"_s1", 0 0, L_0x5637480e6aa0;  1 drivers
v0x5637480c4f30_0 .net *"_s10", 16 0, L_0x5637480e6f70;  1 drivers
v0x5637480c5010_0 .net *"_s16", 0 0, L_0x5637480e73d0;  1 drivers
v0x5637480c50d0_0 .net *"_s17", 0 0, L_0x5637480e7540;  1 drivers
v0x5637480c51b0_0 .net *"_s19", 16 0, L_0x5637480e7600;  1 drivers
v0x5637480c52e0_0 .net *"_s2", 0 0, L_0x5637480e6b40;  1 drivers
v0x5637480c53c0_0 .net *"_s3", 16 0, L_0x5637480e6ca0;  1 drivers
v0x5637480c54a0_0 .net *"_s9", 0 0, L_0x5637480e6ed0;  1 drivers
L_0x5637480e6ca0 .concat [ 16 1 0 0], v0x5637480e1d30_0, L_0x5637480e6b40;
L_0x5637480e6d90 .functor MUXZ 17, L_0x5637480e6ca0, L_0x5637481007c0, L_0x5637480e6aa0, C4<>;
LS_0x5637480e6f70_0_0 .concat [ 1 1 1 1], L_0x5637480e6ed0, L_0x5637480e6ed0, L_0x5637480e6ed0, L_0x5637480e6ed0;
LS_0x5637480e6f70_0_4 .concat [ 1 1 1 1], L_0x5637480e6ed0, L_0x5637480e6ed0, L_0x5637480e6ed0, L_0x5637480e6ed0;
LS_0x5637480e6f70_0_8 .concat [ 1 1 1 1], L_0x5637480e6ed0, L_0x5637480e6ed0, L_0x5637480e6ed0, L_0x5637480e6ed0;
LS_0x5637480e6f70_0_12 .concat [ 1 1 1 1], L_0x5637480e6ed0, L_0x5637480e6ed0, L_0x5637480e6ed0, L_0x5637480e6ed0;
LS_0x5637480e6f70_0_16 .concat [ 1 0 0 0], L_0x5637480e6ed0;
LS_0x5637480e6f70_1_0 .concat [ 4 4 4 4], LS_0x5637480e6f70_0_0, LS_0x5637480e6f70_0_4, LS_0x5637480e6f70_0_8, LS_0x5637480e6f70_0_12;
LS_0x5637480e6f70_1_4 .concat [ 1 0 0 0], LS_0x5637480e6f70_0_16;
L_0x5637480e6f70 .concat [ 16 1 0 0], LS_0x5637480e6f70_1_0, LS_0x5637480e6f70_1_4;
LS_0x5637480e7600_0_0 .concat [ 1 1 1 1], L_0x5637480e7540, L_0x5637480e7540, L_0x5637480e7540, L_0x5637480e7540;
LS_0x5637480e7600_0_4 .concat [ 1 1 1 1], L_0x5637480e7540, L_0x5637480e7540, L_0x5637480e7540, L_0x5637480e7540;
LS_0x5637480e7600_0_8 .concat [ 1 1 1 1], L_0x5637480e7540, L_0x5637480e7540, L_0x5637480e7540, L_0x5637480e7540;
LS_0x5637480e7600_0_12 .concat [ 1 1 1 1], L_0x5637480e7540, L_0x5637480e7540, L_0x5637480e7540, L_0x5637480e7540;
LS_0x5637480e7600_0_16 .concat [ 1 0 0 0], L_0x5637480e7540;
LS_0x5637480e7600_1_0 .concat [ 4 4 4 4], LS_0x5637480e7600_0_0, LS_0x5637480e7600_0_4, LS_0x5637480e7600_0_8, LS_0x5637480e7600_0_12;
LS_0x5637480e7600_1_4 .concat [ 1 0 0 0], LS_0x5637480e7600_0_16;
L_0x5637480e7600 .concat [ 16 1 0 0], LS_0x5637480e7600_1_0, LS_0x5637480e7600_1_4;
S_0x5637480c5580 .scope generate, "two_neg_zero[6]" "two_neg_zero[6]" 3 52, 3 52 0, S_0x5637480816a0;
 .timescale 0 0;
P_0x5637480c5770 .param/l "j" 0 3 52, +C4<0110>;
L_0x5637480e8350 .functor XOR 17, L_0x5637480e7dd0, L_0x5637480e7fb0, C4<00000000000000000>, C4<00000000000000000>;
L_0x5637480e85a0 .functor NOT 1, L_0x5637480e8410, C4<0>, C4<0>, C4<0>;
L_0x5637480e8a30 .functor AND 17, L_0x5637480e8350, L_0x5637480e8660, C4<11111111111111111>, C4<11111111111111111>;
v0x5637480c5850_0 .net *"_s1", 0 0, L_0x5637480e7a90;  1 drivers
v0x5637480c5930_0 .net *"_s10", 16 0, L_0x5637480e7fb0;  1 drivers
v0x5637480c5a10_0 .net *"_s16", 0 0, L_0x5637480e8410;  1 drivers
v0x5637480c5ad0_0 .net *"_s17", 0 0, L_0x5637480e85a0;  1 drivers
v0x5637480c5bb0_0 .net *"_s19", 16 0, L_0x5637480e8660;  1 drivers
v0x5637480c5ce0_0 .net *"_s2", 0 0, L_0x5637480e7b30;  1 drivers
v0x5637480c5dc0_0 .net *"_s3", 16 0, L_0x5637480e7cb0;  1 drivers
v0x5637480c5ea0_0 .net *"_s9", 0 0, L_0x5637480e7f10;  1 drivers
L_0x5637480e7cb0 .concat [ 16 1 0 0], v0x5637480e1d30_0, L_0x5637480e7b30;
L_0x5637480e7dd0 .functor MUXZ 17, L_0x5637480e7cb0, L_0x5637481007c0, L_0x5637480e7a90, C4<>;
LS_0x5637480e7fb0_0_0 .concat [ 1 1 1 1], L_0x5637480e7f10, L_0x5637480e7f10, L_0x5637480e7f10, L_0x5637480e7f10;
LS_0x5637480e7fb0_0_4 .concat [ 1 1 1 1], L_0x5637480e7f10, L_0x5637480e7f10, L_0x5637480e7f10, L_0x5637480e7f10;
LS_0x5637480e7fb0_0_8 .concat [ 1 1 1 1], L_0x5637480e7f10, L_0x5637480e7f10, L_0x5637480e7f10, L_0x5637480e7f10;
LS_0x5637480e7fb0_0_12 .concat [ 1 1 1 1], L_0x5637480e7f10, L_0x5637480e7f10, L_0x5637480e7f10, L_0x5637480e7f10;
LS_0x5637480e7fb0_0_16 .concat [ 1 0 0 0], L_0x5637480e7f10;
LS_0x5637480e7fb0_1_0 .concat [ 4 4 4 4], LS_0x5637480e7fb0_0_0, LS_0x5637480e7fb0_0_4, LS_0x5637480e7fb0_0_8, LS_0x5637480e7fb0_0_12;
LS_0x5637480e7fb0_1_4 .concat [ 1 0 0 0], LS_0x5637480e7fb0_0_16;
L_0x5637480e7fb0 .concat [ 16 1 0 0], LS_0x5637480e7fb0_1_0, LS_0x5637480e7fb0_1_4;
LS_0x5637480e8660_0_0 .concat [ 1 1 1 1], L_0x5637480e85a0, L_0x5637480e85a0, L_0x5637480e85a0, L_0x5637480e85a0;
LS_0x5637480e8660_0_4 .concat [ 1 1 1 1], L_0x5637480e85a0, L_0x5637480e85a0, L_0x5637480e85a0, L_0x5637480e85a0;
LS_0x5637480e8660_0_8 .concat [ 1 1 1 1], L_0x5637480e85a0, L_0x5637480e85a0, L_0x5637480e85a0, L_0x5637480e85a0;
LS_0x5637480e8660_0_12 .concat [ 1 1 1 1], L_0x5637480e85a0, L_0x5637480e85a0, L_0x5637480e85a0, L_0x5637480e85a0;
LS_0x5637480e8660_0_16 .concat [ 1 0 0 0], L_0x5637480e85a0;
LS_0x5637480e8660_1_0 .concat [ 4 4 4 4], LS_0x5637480e8660_0_0, LS_0x5637480e8660_0_4, LS_0x5637480e8660_0_8, LS_0x5637480e8660_0_12;
LS_0x5637480e8660_1_4 .concat [ 1 0 0 0], LS_0x5637480e8660_0_16;
L_0x5637480e8660 .concat [ 16 1 0 0], LS_0x5637480e8660_1_0, LS_0x5637480e8660_1_4;
S_0x5637480c5f80 .scope generate, "two_neg_zero[7]" "two_neg_zero[7]" 3 52, 3 52 0, S_0x5637480816a0;
 .timescale 0 0;
P_0x5637480c6170 .param/l "j" 0 3 52, +C4<0111>;
L_0x5637480e9800 .functor XOR 17, L_0x5637480e9060, L_0x5637480e9350, C4<00000000000000000>, C4<00000000000000000>;
L_0x5637480e9a70 .functor NOT 1, L_0x5637480e98c0, C4<0>, C4<0>, C4<0>;
L_0x5637480ea010 .functor AND 17, L_0x5637480e9800, L_0x5637480e9b30, C4<11111111111111111>, C4<11111111111111111>;
v0x5637480c6250_0 .net *"_s1", 0 0, L_0x5637480e8af0;  1 drivers
v0x5637480c6330_0 .net *"_s10", 16 0, L_0x5637480e9350;  1 drivers
v0x5637480c6410_0 .net *"_s16", 0 0, L_0x5637480e98c0;  1 drivers
v0x5637480c64d0_0 .net *"_s17", 0 0, L_0x5637480e9a70;  1 drivers
v0x5637480c65b0_0 .net *"_s19", 16 0, L_0x5637480e9b30;  1 drivers
v0x5637480c66e0_0 .net *"_s2", 0 0, L_0x5637480e8b90;  1 drivers
v0x5637480c67c0_0 .net *"_s3", 16 0, L_0x5637480e8f40;  1 drivers
v0x5637480c68a0_0 .net *"_s9", 0 0, L_0x5637480e91a0;  1 drivers
L_0x5637480e8f40 .concat [ 16 1 0 0], v0x5637480e1d30_0, L_0x5637480e8b90;
L_0x5637480e9060 .functor MUXZ 17, L_0x5637480e8f40, L_0x5637481007c0, L_0x5637480e8af0, C4<>;
LS_0x5637480e9350_0_0 .concat [ 1 1 1 1], L_0x5637480e91a0, L_0x5637480e91a0, L_0x5637480e91a0, L_0x5637480e91a0;
LS_0x5637480e9350_0_4 .concat [ 1 1 1 1], L_0x5637480e91a0, L_0x5637480e91a0, L_0x5637480e91a0, L_0x5637480e91a0;
LS_0x5637480e9350_0_8 .concat [ 1 1 1 1], L_0x5637480e91a0, L_0x5637480e91a0, L_0x5637480e91a0, L_0x5637480e91a0;
LS_0x5637480e9350_0_12 .concat [ 1 1 1 1], L_0x5637480e91a0, L_0x5637480e91a0, L_0x5637480e91a0, L_0x5637480e91a0;
LS_0x5637480e9350_0_16 .concat [ 1 0 0 0], L_0x5637480e91a0;
LS_0x5637480e9350_1_0 .concat [ 4 4 4 4], LS_0x5637480e9350_0_0, LS_0x5637480e9350_0_4, LS_0x5637480e9350_0_8, LS_0x5637480e9350_0_12;
LS_0x5637480e9350_1_4 .concat [ 1 0 0 0], LS_0x5637480e9350_0_16;
L_0x5637480e9350 .concat [ 16 1 0 0], LS_0x5637480e9350_1_0, LS_0x5637480e9350_1_4;
LS_0x5637480e9b30_0_0 .concat [ 1 1 1 1], L_0x5637480e9a70, L_0x5637480e9a70, L_0x5637480e9a70, L_0x5637480e9a70;
LS_0x5637480e9b30_0_4 .concat [ 1 1 1 1], L_0x5637480e9a70, L_0x5637480e9a70, L_0x5637480e9a70, L_0x5637480e9a70;
LS_0x5637480e9b30_0_8 .concat [ 1 1 1 1], L_0x5637480e9a70, L_0x5637480e9a70, L_0x5637480e9a70, L_0x5637480e9a70;
LS_0x5637480e9b30_0_12 .concat [ 1 1 1 1], L_0x5637480e9a70, L_0x5637480e9a70, L_0x5637480e9a70, L_0x5637480e9a70;
LS_0x5637480e9b30_0_16 .concat [ 1 0 0 0], L_0x5637480e9a70;
LS_0x5637480e9b30_1_0 .concat [ 4 4 4 4], LS_0x5637480e9b30_0_0, LS_0x5637480e9b30_0_4, LS_0x5637480e9b30_0_8, LS_0x5637480e9b30_0_12;
LS_0x5637480e9b30_1_4 .concat [ 1 0 0 0], LS_0x5637480e9b30_0_16;
L_0x5637480e9b30 .concat [ 16 1 0 0], LS_0x5637480e9b30_1_0, LS_0x5637480e9b30_1_4;
    .scope S_0x563748081de0;
T_0 ;
    %pushi/vec4 0, 0, 32;
    %store/vec4 v0x5637480e1c50_0, 0, 32;
T_0.0 ;
    %load/vec4 v0x5637480e1c50_0;
    %cmpi/s 62, 0, 32;
    %flag_or 5, 4;
    %jmp/0xz T_0.1, 5;
    %delay 5, 0;
    %load/vec4 v0x5637480e1c50_0;
    %pad/s 16;
    %store/vec4 v0x5637480e1df0_0, 0, 16;
    %load/vec4 v0x5637480e1c50_0;
    %addi 3, 0, 32;
    %pad/s 16;
    %store/vec4 v0x5637480e1d30_0, 0, 16;
    %delay 1, 0;
    %load/vec4 v0x5637480e1df0_0;
    %pad/s 32;
    %load/vec4 v0x5637480e1d30_0;
    %pad/s 32;
    %mul;
    %store/vec4 v0x5637480e1f30_0, 0, 32;
    %load/vec4 v0x5637480e1f30_0;
    %load/vec4 v0x5637480e1e90_0;
    %cmp/e;
    %jmp/0xz  T_0.2, 4;
    %delay 1, 0;
    %vpi_call 2 18 "$display", "\012Matching :: multiplier=%0d, multiplicand=%0d, product=%0d, product1=%0d", v0x5637480e1df0_0, v0x5637480e1d30_0, v0x5637480e1e90_0, v0x5637480e1f30_0 {0 0 0};
    %jmp T_0.3;
T_0.2 ;
    %delay 1, 0;
    %vpi_call 2 20 "$display", "\012Not Matching ::, multiplier=%0d, multiplicand=%0d, product=%0d, product1=%0d", v0x5637480e1df0_0, v0x5637480e1d30_0, v0x5637480e1e90_0, v0x5637480e1f30_0 {0 0 0};
T_0.3 ;
    %delay 1, 0;
    %load/vec4 v0x5637480e1e90_0;
    %load/vec4 v0x5637480e1f30_0;
    %sub;
    %vpi_call 2 21 "$display", "\012The difference between Actual product - Obtained product=%0d", S<0,vec4,s32> {1 0 0};
    %load/vec4 v0x5637480e1c50_0;
    %addi 1, 0, 32;
    %store/vec4 v0x5637480e1c50_0, 0, 32;
    %jmp T_0.0;
T_0.1 ;
    %end;
    .thread T_0;
# The file index is used to find the file name in the following table.
:file_names 4;
    "N/A";
    "<interactive>";
    "tb_mbm.v";
    "mbm.v";
